Release 14.7 - xst P.20131013 (lin64)
Copyright (c) 1995-2013 Xilinx, Inc.  All rights reserved.
--> 
Parameter TMPDIR set to xst/projnav.tmp


Total REAL time to Xst completion: 0.00 secs
Total CPU time to Xst completion: 0.00 secs
 
--> 
Parameter xsthdpdir set to xst


Total REAL time to Xst completion: 0.00 secs
Total CPU time to Xst completion: 0.00 secs
 
--> 
Reading design: Memory_module.prj

TABLE OF CONTENTS
  1) Synthesis Options Summary
  2) HDL Compilation
  3) Design Hierarchy Analysis
  4) HDL Analysis
  5) HDL Synthesis
     5.1) HDL Synthesis Report
  6) Advanced HDL Synthesis
     6.1) Advanced HDL Synthesis Report
  7) Low Level Synthesis
  8) Partition Report
  9) Final Report
	9.1) Device utilization summary
	9.2) Partition Resource Summary
	9.3) TIMING REPORT


=========================================================================
*                      Synthesis Options Summary                        *
=========================================================================
---- Source Parameters
Input File Name                    : "Memory_module.prj"
Input Format                       : mixed
Ignore Synthesis Constraint File   : NO

---- Target Parameters
Output File Name                   : "Memory_module"
Output Format                      : NGC
Target Device                      : xc3s100e-4-cp132

---- Source Options
Top Module Name                    : Memory_module
Automatic FSM Extraction           : YES
FSM Encoding Algorithm             : Auto
Safe Implementation                : No
FSM Style                          : LUT
RAM Extraction                     : Yes
RAM Style                          : Auto
ROM Extraction                     : Yes
Mux Style                          : Auto
Decoder Extraction                 : YES
Priority Encoder Extraction        : Yes
Shift Register Extraction          : YES
Logical Shifter Extraction         : YES
XOR Collapsing                     : YES
ROM Style                          : Auto
Mux Extraction                     : Yes
Resource Sharing                   : YES
Asynchronous To Synchronous        : NO
Multiplier Style                   : Auto
Automatic Register Balancing       : No

---- Target Options
Add IO Buffers                     : YES
Global Maximum Fanout              : 100000
Add Generic Clock Buffer(BUFG)     : 24
Register Duplication               : YES
Slice Packing                      : YES
Optimize Instantiated Primitives   : NO
Use Clock Enable                   : Yes
Use Synchronous Set                : Yes
Use Synchronous Reset              : Yes
Pack IO Registers into IOBs        : Auto
Equivalent register Removal        : YES

---- General Options
Optimization Goal                  : Speed
Optimization Effort                : 1
Keep Hierarchy                     : No
Netlist Hierarchy                  : As_Optimized
RTL Output                         : Yes
Global Optimization                : AllClockNets
Read Cores                         : YES
Write Timing Constraints           : NO
Cross Clock Analysis               : NO
Hierarchy Separator                : /
Bus Delimiter                      : <>
Case Specifier                     : Maintain
Slice Utilization Ratio            : 100
BRAM Utilization Ratio             : 100
Verilog 2001                       : YES
Auto BRAM Packing                  : NO
Slice Utilization Ratio Delta      : 5

=========================================================================


=========================================================================
*                          HDL Compilation                              *
=========================================================================
Compiling verilog file "Memory_module.v" in library work
Module <Memory_module> compiled
No errors in compilation
Analysis of file <"Memory_module.prj"> succeeded.
 

=========================================================================
*                     Design Hierarchy Analysis                         *
=========================================================================
Analyzing hierarchy for module <Memory_module> in library <work>.


=========================================================================
*                            HDL Analysis                               *
=========================================================================
Analyzing top module <Memory_module>.
Module <Memory_module> is correct for synthesis.
 

=========================================================================
*                           HDL Synthesis                               *
=========================================================================

Performing bidirectional port resolution...

Synthesizing Unit <Memory_module>.
    Related source file is "Memory_module.v".
    Found 256x16-bit single-port RAM <Mram_mem> for signal <mem>.
    Summary:
	inferred   1 RAM(s).
Unit <Memory_module> synthesized.


=========================================================================
HDL Synthesis Report

Macro Statistics
# RAMs                                                 : 1
 256x16-bit single-port RAM                            : 1

=========================================================================

=========================================================================
*                       Advanced HDL Synthesis                          *
=========================================================================


Synthesizing (advanced) Unit <Memory_module>.
INFO:Xst:3218 - HDL ADVISOR - The RAM <Mram_mem> will be implemented on LUTs either because you have described an asynchronous read or because of currently unsupported block RAM features. If you have described an asynchronous read, making it synchronous would allow you to take advantage of available block RAM resources, for optimized device usage and improved timings. Please refer to your documentation for coding guidelines.
    -----------------------------------------------------------------------
    | ram_type           | Distributed                         |          |
    -----------------------------------------------------------------------
    | Port A                                                              |
    |     aspect ratio   | 256-word x 16-bit                   |          |
    |     clkA           | connected to signal <clk>           | rise     |
    |     weA            | connected to signal <WEn>           | high     |
    |     addrA          | connected to signal <addr0>         |          |
    |     diA            | connected to signal <data>          |          |
    |     doA            | connected to signal <qout>          |          |
    -----------------------------------------------------------------------
Unit <Memory_module> synthesized (advanced).

=========================================================================
Advanced HDL Synthesis Report

Macro Statistics
# RAMs                                                 : 1
 256x16-bit single-port distributed RAM                : 1

=========================================================================

=========================================================================
*                         Low Level Synthesis                           *
=========================================================================

Optimizing unit <Memory_module> ...

Mapping all equations...
Building and optimizing final netlist ...
Found area constraint ratio of 100 (+ 5) on block Memory_module, actual ratio is 17.

Final Macro Processing ...

=========================================================================
Final Register Report

Found no macro
=========================================================================

=========================================================================
*                           Partition Report                            *
=========================================================================

Partition Implementation Status
-------------------------------

  No Partitions were found in this design.

-------------------------------

=========================================================================
*                            Final Report                               *
=========================================================================
Final Results
RTL Top Level Output File Name     : Memory_module.ngr
Top Level Output File Name         : Memory_module
Output Format                      : NGC
Optimization Goal                  : Speed
Keep Hierarchy                     : No

Design Statistics
# IOs                              : 42

Cell Usage :
# BELS                             : 120
#      LUT3                        : 64
#      LUT4                        : 8
#      MUXF5                       : 32
#      MUXF6                       : 16
# RAMS                             : 128
#      RAM32X1S                    : 128
# Clock Buffers                    : 1
#      BUFGP                       : 1
# IO Buffers                       : 41
#      IBUF                        : 25
#      OBUF                        : 16
=========================================================================

Device utilization summary:
---------------------------

Selected Device : 3s100ecp132-4 

 Number of Slices:                      165  out of    960    17%  
 Number of 4 input LUTs:                328  out of   1920    17%  
    Number used as logic:                72
    Number used as RAMs:                256
 Number of IOs:                          42
 Number of bonded IOBs:                  42  out of     83    50%  
 Number of GCLKs:                         1  out of     24     4%  

---------------------------
Partition Resource Summary:
---------------------------

  No Partitions were found in this design.

---------------------------


=========================================================================
TIMING REPORT

NOTE: THESE TIMING NUMBERS ARE ONLY A SYNTHESIS ESTIMATE.
      FOR ACCURATE TIMING INFORMATION PLEASE REFER TO THE TRACE REPORT
      GENERATED AFTER PLACE-and-ROUTE.

Clock Information:
------------------
-----------------------------------+------------------------+-------+
Clock Signal                       | Clock buffer(FF name)  | Load  |
-----------------------------------+------------------------+-------+
clk                                | BUFGP                  | 128   |
-----------------------------------+------------------------+-------+

Asynchronous Control Signals Information:
----------------------------------------
No asynchronous control signals found in this design

Timing Summary:
---------------
Speed Grade: -4

   Minimum period: No path found
   Minimum input arrival time before clock: 4.798ns
   Maximum output required time after clock: 7.959ns
   Maximum combinational path delay: 9.390ns

Timing Detail:
--------------
All values displayed in nanoseconds (ns)

=========================================================================
Timing constraint: Default OFFSET IN BEFORE for Clock 'clk'
  Total number of paths / destination ports: 1280 / 896
-------------------------------------------------------------------------
Offset:              4.798ns (Levels of Logic = 2)
  Source:            addr5 (PAD)
  Destination:       Mram_mem2 (RAM)
  Destination Clock: clk rising

  Data Path: addr5 to Mram_mem2
                                Gate     Net
    Cell:in->out      fanout   Delay   Delay  Logical Name (Net Name)
    ----------------------------------------  ------------
     IBUF:I->O            72   1.218   1.450  addr5_IBUF (addr5_IBUF)
     LUT4:I0->O           16   0.704   1.034  write_ctrl (write_ctrl)
     RAM32X1S:WE               0.392          Mram_mem1
    ----------------------------------------
    Total                      4.798ns (2.314ns logic, 2.484ns route)
                                       (48.2% logic, 51.8% route)

=========================================================================
Timing constraint: Default OFFSET OUT AFTER for Clock 'clk'
  Total number of paths / destination ports: 128 / 16
-------------------------------------------------------------------------
Offset:              7.959ns (Levels of Logic = 4)
  Source:            Mram_mem121 (RAM)
  Destination:       qout<15> (PAD)
  Source Clock:      clk rising

  Data Path: Mram_mem121 to qout<15>
                                Gate     Net
    Cell:in->out      fanout   Delay   Delay  Logical Name (Net Name)
    ----------------------------------------  ------------
     RAM32X1S:WCLK->O      1   2.222   0.499  Mram_mem121 (N250)
     LUT3:I1->O            1   0.704   0.000  inst_LPM_MUX15_6 (inst_LPM_MUX15_6)
     MUXF5:I0->O           1   0.321   0.000  inst_LPM_MUX15_4_f5 (inst_LPM_MUX15_4_f5)
     MUXF6:I0->O           1   0.521   0.420  inst_LPM_MUX15_2_f6 (qout_15_OBUF)
     OBUF:I->O                 3.272          qout_15_OBUF (qout<15>)
    ----------------------------------------
    Total                      7.959ns (7.040ns logic, 0.919ns route)
                                       (88.5% logic, 11.5% route)

=========================================================================
Timing constraint: Default path analysis
  Total number of paths / destination ports: 752 / 16
-------------------------------------------------------------------------
Delay:               9.390ns (Levels of Logic = 6)
  Source:            addr0 (PAD)
  Destination:       qout<15> (PAD)

  Data Path: addr0 to qout<15>
                                Gate     Net
    Cell:in->out      fanout   Delay   Delay  Logical Name (Net Name)
    ----------------------------------------  ------------
     IBUF:I->O           512   1.218   1.410  addr0_IBUF (addr0_IBUF)
     RAM32X1S:A0->O        1   1.025   0.499  Mram_mem1 (N10)
     LUT3:I1->O            1   0.704   0.000  inst_LPM_MUX_6 (inst_LPM_MUX_6)
     MUXF5:I0->O           1   0.321   0.000  inst_LPM_MUX_4_f5 (inst_LPM_MUX_4_f5)
     MUXF6:I0->O           1   0.521   0.420  inst_LPM_MUX_2_f6 (qout_0_OBUF)
     OBUF:I->O                 3.272          qout_0_OBUF (qout<0>)
    ----------------------------------------
    Total                      9.390ns (7.061ns logic, 2.329ns route)
                                       (75.2% logic, 24.8% route)

=========================================================================


Total REAL time to Xst completion: 2.00 secs
Total CPU time to Xst completion: 0.77 secs
 
--> 


Total memory usage is 615848 kilobytes

Number of errors   :    0 (   0 filtered)
Number of warnings :    0 (   0 filtered)
Number of infos    :    1 (   0 filtered)

