Command line:
   fulladder16bit_tb_isim_par.exe
     -simmode  gui
     -sdfmax  /UUT/=netgen/par/fulladder16bit_timesim.sdf
     -sdfroot  /UUT
     -simrunnum  0
     -socket  33486

Sat Oct 21 03:35:52 2023


 Elaboration Time: 0.4 sec

 Current Memory Usage: 203.899 Meg

 Total Signals          : 1086
 Total Nets             : 648
 Total Signal Drivers   : 572
 Total Blocks           : 366
 Total Primitive Blocks : 187
 Total Processes        : 574
 Total Traceable Variables  : 1565
 Total Scalar Nets and Variables : 10213

 Total Simulation Time: 0.41 sec

 Current Memory Usage: 281.62 Meg

Sat Oct 21 03:35:58 2023

