--------------------------------------------------------------------------------
Release 14.7 Trace  (lin64)
Copyright (c) 1995-2013 Xilinx, Inc.  All rights reserved.

/opt/Xilinx/14.7/ISE_DS/ISE/bin/lin64/unwrapped/trce -intstyle ise -v 3 -s 2I
-n 3 -fastpaths -xml en_328decoder.twx en_328decoder.ncd -o en_328decoder.twr
en_328decoder.pcf

Design file:              en_328decoder.ncd
Physical constraint file: en_328decoder.pcf
Device,package,speed:     xa7a100t,csg324,I,-2I (PRELIMINARY 1.07 2013-10-13)
Report level:             verbose report

Environment Variable      Effect 
--------------------      ------ 
NONE                      No environment variables were set
--------------------------------------------------------------------------------

INFO:Timing:2698 - No timing constraints found, doing default enumeration.
INFO:Timing:3412 - To improve timing, see the Timing Closure User Guide (UG612).
INFO:Timing:2752 - To get complete path coverage, use the unconstrained paths 
   option. All paths that are not constrained will be reported in the 
   unconstrained paths section(s) of the report.
INFO:Timing:3339 - The clock-to-out numbers in this timing report are based on 
   a 50 Ohm transmission line loading model.  For the details of this model, 
   and for more information on accounting for different loading conditions, 
   please see the device datasheet.



Data Sheet report:
-----------------
All values displayed in nanoseconds (ns)

Pad to Pad
---------------+---------------+---------+
Source Pad     |Destination Pad|  Delay  |
---------------+---------------+---------+
A0             |R0             |    6.094|
A0             |R1             |    6.365|
A0             |R2             |    6.615|
A0             |R3             |    6.522|
A0             |R4             |    5.864|
A0             |R5             |    6.207|
A0             |R6             |    6.431|
A0             |R7             |    6.336|
A1             |R0             |    6.516|
A1             |R1             |    6.255|
A1             |R2             |    6.269|
A1             |R3             |    5.912|
A1             |R4             |    6.293|
A1             |R5             |    6.093|
A1             |R6             |    6.081|
A1             |R7             |    5.733|
A2             |R0             |    6.018|
A2             |R1             |    6.020|
A2             |R2             |    6.165|
A2             |R3             |    6.133|
A2             |R4             |    5.790|
A2             |R5             |    5.853|
A2             |R6             |    5.972|
A2             |R7             |    5.938|
Enable         |R0             |    5.912|
Enable         |R1             |    5.905|
Enable         |R2             |    6.155|
Enable         |R3             |    6.265|
Enable         |R4             |    5.700|
Enable         |R5             |    5.754|
Enable         |R6             |    5.978|
Enable         |R7             |    6.074|
---------------+---------------+---------+


Analysis completed Fri Nov 17 08:50:56 2023 
--------------------------------------------------------------------------------

Trace Settings:
-------------------------
Trace Settings 

Peak Memory Usage: 765 MB



