--------------------------------------------------------------------------------
Release 14.7 Trace  (lin64)
Copyright (c) 1995-2013 Xilinx, Inc.  All rights reserved.

/opt/Xilinx/14.7/ISE_DS/ISE/bin/lin64/unwrapped/trce -intstyle ise -v 3 -s 2I
-n 3 -fastpaths -xml mux16bit821.twx mux16bit821.ncd -o mux16bit821.twr
mux16bit821.pcf

Design file:              mux16bit821.ncd
Physical constraint file: mux16bit821.pcf
Device,package,speed:     xa7a100t,csg324,I,-2I (PRELIMINARY 1.07 2013-10-13)
Report level:             verbose report

Environment Variable      Effect 
--------------------      ------ 
NONE                      No environment variables were set
--------------------------------------------------------------------------------

INFO:Timing:2698 - No timing constraints found, doing default enumeration.
INFO:Timing:3412 - To improve timing, see the Timing Closure User Guide (UG612).
INFO:Timing:2752 - To get complete path coverage, use the unconstrained paths 
   option. All paths that are not constrained will be reported in the 
   unconstrained paths section(s) of the report.
INFO:Timing:3339 - The clock-to-out numbers in this timing report are based on 
   a 50 Ohm transmission line loading model.  For the details of this model, 
   and for more information on accounting for different loading conditions, 
   please see the device datasheet.



Data Sheet report:
-----------------
All values displayed in nanoseconds (ns)

Pad to Pad
---------------+---------------+---------+
Source Pad     |Destination Pad|  Delay  |
---------------+---------------+---------+
A0<0>          |Y<0>           |    9.934|
A0<1>          |Y<1>           |    9.113|
A0<2>          |Y<2>           |    8.906|
A0<3>          |Y<3>           |    9.252|
A0<4>          |Y<4>           |    9.211|
A0<5>          |Y<5>           |    9.244|
A0<6>          |Y<6>           |    9.217|
A0<7>          |Y<7>           |    8.910|
A0<8>          |Y<8>           |    9.557|
A0<9>          |Y<9>           |    9.707|
A0<10>         |Y<10>          |    9.215|
A0<11>         |Y<11>          |    9.533|
A0<12>         |Y<12>          |    9.733|
A0<13>         |Y<13>          |    9.063|
A0<14>         |Y<14>          |    9.902|
A0<15>         |Y<15>          |    9.887|
A1<0>          |Y<0>           |    9.235|
A1<1>          |Y<1>           |    8.751|
A1<2>          |Y<2>           |    7.492|
A1<3>          |Y<3>           |    8.621|
A1<4>          |Y<4>           |    9.279|
A1<5>          |Y<5>           |    9.406|
A1<6>          |Y<6>           |    9.047|
A1<7>          |Y<7>           |    7.392|
A1<8>          |Y<8>           |    9.051|
A1<9>          |Y<9>           |    9.423|
A1<10>         |Y<10>          |    8.414|
A1<11>         |Y<11>          |    9.755|
A1<12>         |Y<12>          |    9.111|
A1<13>         |Y<13>          |    7.780|
A1<14>         |Y<14>          |    9.438|
A1<15>         |Y<15>          |    9.613|
A2<0>          |Y<0>           |    9.608|
A2<1>          |Y<1>           |    8.674|
A2<2>          |Y<2>           |    7.733|
A2<3>          |Y<3>           |    9.450|
A2<4>          |Y<4>           |   10.095|
A2<5>          |Y<5>           |    9.266|
A2<6>          |Y<6>           |    9.500|
A2<7>          |Y<7>           |    7.847|
A2<8>          |Y<8>           |    9.352|
A2<9>          |Y<9>           |    9.400|
A2<10>         |Y<10>          |    7.896|
A2<11>         |Y<11>          |    9.943|
A2<12>         |Y<12>          |    9.680|
A2<13>         |Y<13>          |    7.897|
A2<14>         |Y<14>          |    9.485|
A2<15>         |Y<15>          |    9.415|
A3<0>          |Y<0>           |    9.085|
A3<1>          |Y<1>           |    9.143|
A3<2>          |Y<2>           |    6.880|
A3<3>          |Y<3>           |    8.587|
A3<4>          |Y<4>           |    8.667|
A3<5>          |Y<5>           |    8.536|
A3<6>          |Y<6>           |    8.701|
A3<7>          |Y<7>           |    7.286|
A3<8>          |Y<8>           |    8.690|
A3<9>          |Y<9>           |    8.928|
A3<10>         |Y<10>          |    7.363|
A3<11>         |Y<11>          |    8.889|
A3<12>         |Y<12>          |    9.037|
A3<13>         |Y<13>          |    7.402|
A3<14>         |Y<14>          |    9.271|
A3<15>         |Y<15>          |    9.181|
A4<0>          |Y<0>           |    9.818|
A4<1>          |Y<1>           |    8.731|
A4<2>          |Y<2>           |    6.933|
A4<3>          |Y<3>           |    9.197|
A4<4>          |Y<4>           |    8.492|
A4<5>          |Y<5>           |    9.388|
A4<6>          |Y<6>           |    8.590|
A4<7>          |Y<7>           |    7.000|
A4<8>          |Y<8>           |    8.816|
A4<9>          |Y<9>           |    8.954|
A4<10>         |Y<10>          |    7.345|
A4<11>         |Y<11>          |    8.667|
A4<12>         |Y<12>          |    9.357|
A4<13>         |Y<13>          |    7.325|
A4<14>         |Y<14>          |    9.438|
A4<15>         |Y<15>          |    9.914|
A5<0>          |Y<0>           |    9.705|
A5<1>          |Y<1>           |    9.404|
A5<2>          |Y<2>           |    7.142|
A5<3>          |Y<3>           |    9.221|
A5<4>          |Y<4>           |    8.798|
A5<5>          |Y<5>           |    8.881|
A5<6>          |Y<6>           |    8.846|
A5<7>          |Y<7>           |    7.276|
A5<8>          |Y<8>           |    9.024|
A5<9>          |Y<9>           |    9.460|
A5<10>         |Y<10>          |    7.580|
A5<11>         |Y<11>          |    8.837|
A5<12>         |Y<12>          |    9.057|
A5<13>         |Y<13>          |    7.797|
A5<14>         |Y<14>          |    9.066|
A5<15>         |Y<15>          |    9.282|
A6<0>          |Y<0>           |    9.438|
A6<1>          |Y<1>           |    8.515|
A6<2>          |Y<2>           |    7.109|
A6<3>          |Y<3>           |    8.730|
A6<4>          |Y<4>           |    8.788|
A6<5>          |Y<5>           |    8.878|
A6<6>          |Y<6>           |    8.965|
A6<7>          |Y<7>           |    6.721|
A6<8>          |Y<8>           |    8.353|
A6<9>          |Y<9>           |    8.730|
A6<10>         |Y<10>          |    8.919|
A6<11>         |Y<11>          |    8.434|
A6<12>         |Y<12>          |    8.517|
A6<13>         |Y<13>          |    7.272|
A6<14>         |Y<14>          |    8.374|
A6<15>         |Y<15>          |    8.965|
A7<0>          |Y<0>           |    9.920|
A7<1>          |Y<1>           |    9.393|
A7<2>          |Y<2>           |    8.040|
A7<3>          |Y<3>           |    9.103|
A7<4>          |Y<4>           |    9.549|
A7<5>          |Y<5>           |    9.469|
A7<6>          |Y<6>           |    9.696|
A7<7>          |Y<7>           |    8.003|
A7<8>          |Y<8>           |    9.446|
A7<9>          |Y<9>           |   10.104|
A7<10>         |Y<10>          |    8.052|
A7<11>         |Y<11>          |    9.723|
A7<12>         |Y<12>          |    9.793|
A7<13>         |Y<13>          |    8.009|
A7<14>         |Y<14>          |    9.724|
A7<15>         |Y<15>          |    9.205|
s<0>           |Y<0>           |   10.805|
s<0>           |Y<1>           |    9.847|
s<0>           |Y<2>           |    7.803|
s<0>           |Y<3>           |   10.383|
s<0>           |Y<4>           |   10.020|
s<0>           |Y<5>           |   10.108|
s<0>           |Y<6>           |   10.363|
s<0>           |Y<7>           |    8.310|
s<0>           |Y<8>           |   10.134|
s<0>           |Y<9>           |   10.640|
s<0>           |Y<10>          |    8.381|
s<0>           |Y<11>          |   10.436|
s<0>           |Y<12>          |   10.653|
s<0>           |Y<13>          |    8.491|
s<0>           |Y<14>          |   10.335|
s<0>           |Y<15>          |   10.018|
s<1>           |Y<0>           |   10.615|
s<1>           |Y<1>           |   10.143|
s<1>           |Y<2>           |    8.413|
s<1>           |Y<3>           |   10.443|
s<1>           |Y<4>           |   10.107|
s<1>           |Y<5>           |   10.398|
s<1>           |Y<6>           |   10.286|
s<1>           |Y<7>           |    8.255|
s<1>           |Y<8>           |   10.065|
s<1>           |Y<9>           |   10.656|
s<1>           |Y<10>          |    8.581|
s<1>           |Y<11>          |   10.685|
s<1>           |Y<12>          |   10.696|
s<1>           |Y<13>          |    8.639|
s<1>           |Y<14>          |   10.520|
s<1>           |Y<15>          |   10.053|
s<2>           |Y<0>           |   11.195|
s<2>           |Y<1>           |   10.658|
s<2>           |Y<2>           |    7.793|
s<2>           |Y<3>           |   10.299|
s<2>           |Y<4>           |   10.682|
s<2>           |Y<5>           |   10.768|
s<2>           |Y<6>           |   10.536|
s<2>           |Y<7>           |    7.679|
s<2>           |Y<8>           |   10.598|
s<2>           |Y<9>           |   10.801|
s<2>           |Y<10>          |    8.350|
s<2>           |Y<11>          |   10.682|
s<2>           |Y<12>          |   10.925|
s<2>           |Y<13>          |    8.267|
s<2>           |Y<14>          |   10.913|
s<2>           |Y<15>          |   11.017|
---------------+---------------+---------+


Analysis completed Fri Nov 17 09:32:41 2023 
--------------------------------------------------------------------------------

Trace Settings:
-------------------------
Trace Settings 

Peak Memory Usage: 766 MB



