#! /c/Source/iverilog-install/bin/vvp
:ivl_version "12.0 (devel)" "(s20150603-1110-g18392a46)";
:ivl_delay_selection "TYPICAL";
:vpi_time_precision - 7;
:vpi_module "C:\iverilog\lib\ivl\system.vpi";
:vpi_module "C:\iverilog\lib\ivl\vhdl_sys.vpi";
:vpi_module "C:\iverilog\lib\ivl\vhdl_textio.vpi";
:vpi_module "C:\iverilog\lib\ivl\v2005_math.vpi";
:vpi_module "C:\iverilog\lib\ivl\va_math.vpi";
S_000002bbe0cc4580 .scope module, "tb_code" "tb_code" 2 3;
 .timescale -7 -7;
v000002bbe0bb6e30_0 .var "a", 0 0;
v000002bbe0bb6ed0_0 .var "b", 0 0;
v000002bbe0bb6f70_0 .net "out", 0 0, L_000002bbe0d1ceb0;  1 drivers
v000002bbe0bb7010_0 .var "s", 0 0;
S_000002bbe0cc4710 .scope module, "u1" "code" 2 7, 3 1 0, S_000002bbe0cc4580;
 .timescale -7 -7;
    .port_info 0 /OUTPUT 1 "out";
    .port_info 1 /INPUT 1 "a";
    .port_info 2 /INPUT 1 "b";
    .port_info 3 /INPUT 1 "sel";
L_000002bbe0bb7470 .functor NOT 1, v000002bbe0bb7010_0, C4<0>, C4<0>, C4<0>;
L_000002bbe0bb75f0 .functor AND 1, v000002bbe0bb6e30_0, L_000002bbe0bb7470, C4<1>, C4<1>;
o000002bbe0cda038 .functor BUFZ 1, C4<z>; HiZ drive
L_000002bbe0bb70b0 .functor AND 1, o000002bbe0cda038, v000002bbe0bb7010_0, C4<1>, C4<1>;
L_000002bbe0d1ceb0 .functor OR 1, L_000002bbe0bb75f0, L_000002bbe0bb70b0, C4<0>, C4<0>;
v000002bbe0cc48a0_0 .net "a", 0 0, v000002bbe0bb6e30_0;  1 drivers
v000002bbe0bb72d0_0 .net "a1", 0 0, L_000002bbe0bb75f0;  1 drivers
v000002bbe0cd73d0_0 .net "b", 0 0, o000002bbe0cda038;  0 drivers
v000002bbe0bbbef0_0 .net "b1", 0 0, L_000002bbe0bb70b0;  1 drivers
v000002bbe0bb6c50_0 .net "out", 0 0, L_000002bbe0d1ceb0;  alias, 1 drivers
v000002bbe0bb6cf0_0 .net "sel", 0 0, v000002bbe0bb7010_0;  1 drivers
v000002bbe0bb6d90_0 .net "selnot", 0 0, L_000002bbe0bb7470;  1 drivers
    .scope S_000002bbe0cc4580;
T_0 ;
    %pushi/vec4 0, 0, 1;
    %store/vec4 v000002bbe0bb6e30_0, 0, 1;
    %pushi/vec4 1, 0, 1;
    %store/vec4 v000002bbe0bb6ed0_0, 0, 1;
    %pushi/vec4 0, 0, 1;
    %store/vec4 v000002bbe0bb7010_0, 0, 1;
    %delay 10, 0;
    %pushi/vec4 1, 0, 1;
    %store/vec4 v000002bbe0bb6e30_0, 0, 1;
    %pushi/vec4 1, 0, 1;
    %store/vec4 v000002bbe0bb6ed0_0, 0, 1;
    %pushi/vec4 0, 0, 1;
    %store/vec4 v000002bbe0bb7010_0, 0, 1;
    %delay 10, 0;
    %pushi/vec4 1, 0, 1;
    %store/vec4 v000002bbe0bb6e30_0, 0, 1;
    %pushi/vec4 0, 0, 1;
    %store/vec4 v000002bbe0bb6ed0_0, 0, 1;
    %pushi/vec4 0, 0, 1;
    %store/vec4 v000002bbe0bb7010_0, 0, 1;
    %delay 10, 0;
    %pushi/vec4 1, 0, 1;
    %store/vec4 v000002bbe0bb6e30_0, 0, 1;
    %pushi/vec4 0, 0, 1;
    %store/vec4 v000002bbe0bb6ed0_0, 0, 1;
    %pushi/vec4 1, 0, 1;
    %store/vec4 v000002bbe0bb7010_0, 0, 1;
    %delay 10, 0;
    %pushi/vec4 1, 0, 1;
    %store/vec4 v000002bbe0bb6e30_0, 0, 1;
    %pushi/vec4 1, 0, 1;
    %store/vec4 v000002bbe0bb6ed0_0, 0, 1;
    %pushi/vec4 1, 0, 1;
    %store/vec4 v000002bbe0bb7010_0, 0, 1;
    %delay 10, 0;
    %pushi/vec4 0, 0, 1;
    %store/vec4 v000002bbe0bb6e30_0, 0, 1;
    %pushi/vec4 1, 0, 1;
    %store/vec4 v000002bbe0bb6ed0_0, 0, 1;
    %pushi/vec4 1, 0, 1;
    %store/vec4 v000002bbe0bb7010_0, 0, 1;
    %end;
    .thread T_0;
    .scope S_000002bbe0cc4580;
T_1 ;
    %vpi_call 2 20 "$monitor", $time, ":a = %b b = %b s = %b out = %b", v000002bbe0bb6e30_0, v000002bbe0bb6ed0_0, v000002bbe0bb7010_0, v000002bbe0bb6f70_0 {0 0 0};
    %end;
    .thread T_1;
    .scope S_000002bbe0cc4580;
T_2 ;
    %vpi_call 2 23 "$dumpfile", "./build/wave.vcd" {0 0 0};
    %vpi_call 2 24 "$dumpvars", 32'sb00000000000000000000000000000000, S_000002bbe0cc4580 {0 0 0};
    %delay 10000, 0;
    %vpi_call 2 25 "$finish" {0 0 0};
    %end;
    .thread T_2;
# The file index is used to find the file name in the following table.
:file_names 4;
    "N/A";
    "<interactive>";
    "./src/tb_code.v";
    "./src/code.v";
