Release 14.7 - xst P.20131013 (lin64)
Copyright (c) 1995-2013 Xilinx, Inc.  All rights reserved.
--> 
Parameter TMPDIR set to xst/projnav.tmp


Total REAL time to Xst completion: 0.00 secs
Total CPU time to Xst completion: 0.01 secs
 
--> 
Parameter xsthdpdir set to xst


Total REAL time to Xst completion: 0.00 secs
Total CPU time to Xst completion: 0.01 secs
 
--> 
Reading design: ALU.prj

TABLE OF CONTENTS
  1) Synthesis Options Summary
  2) HDL Compilation
  3) Design Hierarchy Analysis
  4) HDL Analysis
  5) HDL Synthesis
     5.1) HDL Synthesis Report
  6) Advanced HDL Synthesis
     6.1) Advanced HDL Synthesis Report
  7) Low Level Synthesis
  8) Partition Report
  9) Final Report
	9.1) Device utilization summary
	9.2) Partition Resource Summary
	9.3) TIMING REPORT


=========================================================================
*                      Synthesis Options Summary                        *
=========================================================================
---- Source Parameters
Input File Name                    : "ALU.prj"
Input Format                       : mixed
Ignore Synthesis Constraint File   : NO

---- Target Parameters
Output File Name                   : "ALU"
Output Format                      : NGC
Target Device                      : xc3s100e-4-cp132

---- Source Options
Top Module Name                    : ALU
Automatic FSM Extraction           : YES
FSM Encoding Algorithm             : Auto
Safe Implementation                : No
FSM Style                          : LUT
RAM Extraction                     : Yes
RAM Style                          : Auto
ROM Extraction                     : Yes
Mux Style                          : Auto
Decoder Extraction                 : YES
Priority Encoder Extraction        : Yes
Shift Register Extraction          : YES
Logical Shifter Extraction         : YES
XOR Collapsing                     : YES
ROM Style                          : Auto
Mux Extraction                     : Yes
Resource Sharing                   : YES
Asynchronous To Synchronous        : NO
Multiplier Style                   : Auto
Automatic Register Balancing       : No

---- Target Options
Add IO Buffers                     : YES
Global Maximum Fanout              : 100000
Add Generic Clock Buffer(BUFG)     : 24
Register Duplication               : YES
Slice Packing                      : YES
Optimize Instantiated Primitives   : NO
Use Clock Enable                   : Yes
Use Synchronous Set                : Yes
Use Synchronous Reset              : Yes
Pack IO Registers into IOBs        : Auto
Equivalent register Removal        : YES

---- General Options
Optimization Goal                  : Speed
Optimization Effort                : 1
Keep Hierarchy                     : No
Netlist Hierarchy                  : As_Optimized
RTL Output                         : Yes
Global Optimization                : AllClockNets
Read Cores                         : YES
Write Timing Constraints           : NO
Cross Clock Analysis               : NO
Hierarchy Separator                : /
Bus Delimiter                      : <>
Case Specifier                     : Maintain
Slice Utilization Ratio            : 100
BRAM Utilization Ratio             : 100
Verilog 2001                       : YES
Auto BRAM Packing                  : NO
Slice Utilization Ratio Delta      : 5

=========================================================================


=========================================================================
*                          HDL Compilation                              *
=========================================================================
Compiling verilog file "fulladder.v" in library work
Compiling verilog file "ALU.v" in library work
Module <fulladder> compiled
Module <ALU> compiled
Module <flagN> compiled
Module <flagZ> compiled
Module <flagC> compiled
Module <flagV> compiled
No errors in compilation
Analysis of file <"ALU.prj"> succeeded.
 

=========================================================================
*                     Design Hierarchy Analysis                         *
=========================================================================
Analyzing hierarchy for module <ALU> in library <work>.

Analyzing hierarchy for module <flagN> in library <work>.

Analyzing hierarchy for module <flagZ> in library <work>.

Analyzing hierarchy for module <flagC> in library <work>.

Analyzing hierarchy for module <flagV> in library <work>.

Analyzing hierarchy for module <fulladder> in library <work>.


=========================================================================
*                            HDL Analysis                               *
=========================================================================
Analyzing top module <ALU>.
Module <ALU> is correct for synthesis.
 
Analyzing module <flagN> in library <work>.
Module <flagN> is correct for synthesis.
 
Analyzing module <flagZ> in library <work>.
Module <flagZ> is correct for synthesis.
 
Analyzing module <flagC> in library <work>.
Module <flagC> is correct for synthesis.
 
Analyzing module <flagV> in library <work>.
Module <flagV> is correct for synthesis.
 
Analyzing module <fulladder> in library <work>.
Module <fulladder> is correct for synthesis.
 

=========================================================================
*                           HDL Synthesis                               *
=========================================================================

Performing bidirectional port resolution...

Synthesizing Unit <flagN>.
    Related source file is "ALU.v".
Unit <flagN> synthesized.


Synthesizing Unit <flagZ>.
    Related source file is "ALU.v".
Unit <flagZ> synthesized.


Synthesizing Unit <flagC>.
    Related source file is "ALU.v".
Unit <flagC> synthesized.


Synthesizing Unit <flagV>.
    Related source file is "ALU.v".
    Found 1-bit xor2 for signal <V$xor0000> created at line 119.
    Found 1-bit xor2 for signal <V$xor0001> created at line 119.
Unit <flagV> synthesized.


Synthesizing Unit <fulladder>.
    Related source file is "fulladder.v".
    Found 1-bit xor2 for signal <S>.
    Found 1-bit xor2 for signal <cout$xor0000> created at line 30.
Unit <fulladder> synthesized.


Synthesizing Unit <ALU>.
    Related source file is "ALU.v".
WARNING:Xst:1306 - Output <C> is never assigned.
WARNING:Xst:1306 - Output <N> is never assigned.
WARNING:Xst:1306 - Output <V> is never assigned.
WARNING:Xst:1306 - Output <Z> is never assigned.
    Found 16-bit xor2 for signal <xb>.
Unit <ALU> synthesized.

WARNING:Xst:524 - All outputs of the instance <fN> of the block <flagN> are unconnected in block <ALU>.
   This instance will be removed from the design along with all underlying logic
WARNING:Xst:524 - All outputs of the instance <fC> of the block <flagC> are unconnected in block <ALU>.
   This instance will be removed from the design along with all underlying logic

=========================================================================
HDL Synthesis Report

Macro Statistics
# Xors                                                 : 50
 1-bit xor2                                            : 50

=========================================================================

=========================================================================
*                       Advanced HDL Synthesis                          *
=========================================================================

WARNING:Xst:1290 - Hierarchical block <fZ> is unconnected in block <ALU>.
   It will be removed from the design.
WARNING:Xst:1290 - Hierarchical block <fV> is unconnected in block <ALU>.
   It will be removed from the design.

=========================================================================
Advanced HDL Synthesis Report

Macro Statistics
# Xors                                                 : 50
 1-bit xor2                                            : 50

=========================================================================

=========================================================================
*                         Low Level Synthesis                           *
=========================================================================

Optimizing unit <ALU> ...

Mapping all equations...
Building and optimizing final netlist ...
Found area constraint ratio of 100 (+ 5) on block ALU, actual ratio is 1.

Final Macro Processing ...

=========================================================================
Final Register Report

Found no macro
=========================================================================

=========================================================================
*                           Partition Report                            *
=========================================================================

Partition Implementation Status
-------------------------------

  No Partitions were found in this design.

-------------------------------

=========================================================================
*                            Final Report                               *
=========================================================================
Final Results
RTL Top Level Output File Name     : ALU.ngr
Top Level Output File Name         : ALU
Output Format                      : NGC
Optimization Goal                  : Speed
Keep Hierarchy                     : No

Design Statistics
# IOs                              : 54

Cell Usage :
# BELS                             : 32
#      LUT2                        : 1
#      LUT3                        : 1
#      LUT4                        : 30
# IO Buffers                       : 50
#      IBUF                        : 33
#      OBUF                        : 17
=========================================================================

Device utilization summary:
---------------------------

Selected Device : 3s100ecp132-4 

 Number of Slices:                       18  out of    960     1%  
 Number of 4 input LUTs:                 32  out of   1920     1%  
 Number of IOs:                          54
 Number of bonded IOBs:                  50  out of     83    60%  

---------------------------
Partition Resource Summary:
---------------------------

  No Partitions were found in this design.

---------------------------


=========================================================================
TIMING REPORT

NOTE: THESE TIMING NUMBERS ARE ONLY A SYNTHESIS ESTIMATE.
      FOR ACCURATE TIMING INFORMATION PLEASE REFER TO THE TRACE REPORT
      GENERATED AFTER PLACE-and-ROUTE.

Clock Information:
------------------
No clock signals found in this design

Asynchronous Control Signals Information:
----------------------------------------
No asynchronous control signals found in this design

Timing Summary:
---------------
Speed Grade: -4

   Minimum period: No path found
   Minimum input arrival time before clock: No path found
   Maximum output required time after clock: No path found
   Maximum combinational path delay: 24.311ns

Timing Detail:
--------------
All values displayed in nanoseconds (ns)

=========================================================================
Timing constraint: Default path analysis
  Total number of paths / destination ports: 455 / 17
-------------------------------------------------------------------------
Delay:               24.311ns (Levels of Logic = 18)
  Source:            M (PAD)
  Destination:       S<15> (PAD)

  Data Path: M to S<15>
                                Gate     Net
    Cell:in->out      fanout   Delay   Delay  Logical Name (Net Name)
    ----------------------------------------  ------------
     IBUF:I->O            31   1.218   1.341  M_IBUF (M_IBUF)
     LUT3:I1->O            2   0.704   0.451  adders[0]..adders/cout1 (cout_f<0>)
     LUT4:I3->O            2   0.704   0.451  adders[1]..adders/cout1 (cout_f<1>)
     LUT4:I3->O            2   0.704   0.451  adders[2]..adders/cout1 (cout_f<2>)
     LUT4:I3->O            2   0.704   0.451  adders[3]..adders/cout1 (cout_f<3>)
     LUT4:I3->O            2   0.704   0.451  adders[4]..adders/cout1 (cout_f<4>)
     LUT4:I3->O            2   0.704   0.451  adders[5]..adders/cout1 (cout_f<5>)
     LUT4:I3->O            2   0.704   0.451  adders[6]..adders/cout1 (cout_f<6>)
     LUT4:I3->O            2   0.704   0.451  adders[7]..adders/cout1 (cout_f<7>)
     LUT4:I3->O            2   0.704   0.451  adders[8]..adders/cout1 (cout_f<8>)
     LUT4:I3->O            2   0.704   0.451  adders[9]..adders/cout1 (cout_f<9>)
     LUT4:I3->O            2   0.704   0.451  adders[10]..adders/cout1 (cout_f<10>)
     LUT4:I3->O            2   0.704   0.451  adders[11]..adders/cout1 (cout_f<11>)
     LUT4:I3->O            2   0.704   0.451  adders[12]..adders/cout1 (cout_f<12>)
     LUT4:I3->O            2   0.704   0.451  adders[13]..adders/cout1 (cout_f<13>)
     LUT4:I3->O            2   0.704   0.482  adders[14]..adders/cout1 (cout_f<14>)
     LUT4:I2->O            1   0.704   0.420  adders[15]..adders/Mxor_S_Result1 (S_15_OBUF)
     OBUF:I->O                 3.272          S_15_OBUF (S<15>)
    ----------------------------------------
    Total                     24.311ns (15.754ns logic, 8.557ns route)
                                       (64.8% logic, 35.2% route)

=========================================================================


Total REAL time to Xst completion: 3.00 secs
Total CPU time to Xst completion: 0.70 secs
 
--> 


Total memory usage is 608188 kilobytes

Number of errors   :    0 (   0 filtered)
Number of warnings :    8 (   0 filtered)
Number of infos    :    0 (   0 filtered)

