--------------------------------------------------------------------------------
Release 14.7 Trace  (lin64)
Copyright (c) 1995-2013 Xilinx, Inc.  All rights reserved.

/opt/Xilinx/14.7/ISE_DS/ISE/bin/lin64/unwrapped/trce -intstyle ise -v 3 -s 4 -n
3 -fastpaths -xml ALU.twx ALU.ncd -o ALU.twr ALU.pcf

Design file:              ALU.ncd
Physical constraint file: ALU.pcf
Device,package,speed:     xc3s100e,cp132,-4 (PRODUCTION 1.27 2013-10-13)
Report level:             verbose report

Environment Variable      Effect 
--------------------      ------ 
NONE                      No environment variables were set
--------------------------------------------------------------------------------

INFO:Timing:2698 - No timing constraints found, doing default enumeration.
INFO:Timing:3412 - To improve timing, see the Timing Closure User Guide (UG612).
INFO:Timing:2752 - To get complete path coverage, use the unconstrained paths 
   option. All paths that are not constrained will be reported in the 
   unconstrained paths section(s) of the report.
INFO:Timing:3339 - The clock-to-out numbers in this timing report are based on 
   a 50 Ohm transmission line loading model.  For the details of this model, 
   and for more information on accounting for different loading conditions, 
   please see the device datasheet.
INFO:Timing:3390 - This architecture does not support a default System Jitter 
   value, please add SYSTEM_JITTER constraint to the UCF to modify the Clock 
   Uncertainty calculation.
INFO:Timing:3389 - This architecture does not support 'Discrete Jitter' and 
   'Phase Error' calculations, these terms will be zero in the Clock 
   Uncertainty calculation.  Please make appropriate modification to 
   SYSTEM_JITTER to account for the unsupported Discrete Jitter and Phase 
   Error.



Data Sheet report:
-----------------
All values displayed in nanoseconds (ns)

Pad to Pad
---------------+---------------+---------+
Source Pad     |Destination Pad|  Delay  |
---------------+---------------+---------+
A<0>           |S<0>           |    7.740|
A<0>           |S<1>           |    8.507|
A<0>           |S<2>           |    9.041|
A<0>           |S<3>           |   10.498|
A<0>           |S<4>           |   11.020|
A<0>           |S<5>           |   12.018|
A<0>           |S<6>           |   12.806|
A<0>           |S<7>           |   13.913|
A<0>           |S<8>           |   14.936|
A<0>           |S<9>           |   16.173|
A<0>           |S<10>          |   18.022|
A<0>           |S<11>          |   20.041|
A<0>           |S<12>          |   21.873|
A<0>           |S<13>          |   22.722|
A<0>           |S<14>          |   22.879|
A<0>           |S<15>          |   24.208|
A<0>           |cout           |   23.784|
A<1>           |S<1>           |    7.524|
A<1>           |S<2>           |    8.084|
A<1>           |S<3>           |    9.541|
A<1>           |S<4>           |   10.063|
A<1>           |S<5>           |   11.061|
A<1>           |S<6>           |   11.849|
A<1>           |S<7>           |   12.956|
A<1>           |S<8>           |   13.979|
A<1>           |S<9>           |   15.216|
A<1>           |S<10>          |   17.065|
A<1>           |S<11>          |   19.084|
A<1>           |S<12>          |   20.916|
A<1>           |S<13>          |   21.765|
A<1>           |S<14>          |   21.922|
A<1>           |S<15>          |   23.251|
A<1>           |cout           |   22.827|
A<2>           |S<2>           |    7.442|
A<2>           |S<3>           |    8.783|
A<2>           |S<4>           |    9.305|
A<2>           |S<5>           |   10.303|
A<2>           |S<6>           |   11.091|
A<2>           |S<7>           |   12.198|
A<2>           |S<8>           |   13.221|
A<2>           |S<9>           |   14.458|
A<2>           |S<10>          |   16.307|
A<2>           |S<11>          |   18.326|
A<2>           |S<12>          |   20.158|
A<2>           |S<13>          |   21.007|
A<2>           |S<14>          |   21.164|
A<2>           |S<15>          |   22.493|
A<2>           |cout           |   22.069|
A<3>           |S<3>           |    7.505|
A<3>           |S<4>           |    7.927|
A<3>           |S<5>           |    8.925|
A<3>           |S<6>           |    9.713|
A<3>           |S<7>           |   10.820|
A<3>           |S<8>           |   11.843|
A<3>           |S<9>           |   13.080|
A<3>           |S<10>          |   14.929|
A<3>           |S<11>          |   16.948|
A<3>           |S<12>          |   18.780|
A<3>           |S<13>          |   19.629|
A<3>           |S<14>          |   19.786|
A<3>           |S<15>          |   21.115|
A<3>           |cout           |   20.691|
A<4>           |S<4>           |    7.842|
A<4>           |S<5>           |    9.047|
A<4>           |S<6>           |    9.835|
A<4>           |S<7>           |   10.942|
A<4>           |S<8>           |   11.965|
A<4>           |S<9>           |   13.202|
A<4>           |S<10>          |   15.051|
A<4>           |S<11>          |   17.070|
A<4>           |S<12>          |   18.902|
A<4>           |S<13>          |   19.751|
A<4>           |S<14>          |   19.908|
A<4>           |S<15>          |   21.237|
A<4>           |cout           |   20.813|
A<5>           |S<5>           |    7.887|
A<5>           |S<6>           |    8.317|
A<5>           |S<7>           |    9.424|
A<5>           |S<8>           |   10.447|
A<5>           |S<9>           |   11.684|
A<5>           |S<10>          |   13.533|
A<5>           |S<11>          |   15.552|
A<5>           |S<12>          |   17.384|
A<5>           |S<13>          |   18.233|
A<5>           |S<14>          |   18.390|
A<5>           |S<15>          |   19.719|
A<5>           |cout           |   19.295|
A<6>           |S<6>           |    7.286|
A<6>           |S<7>           |    8.547|
A<6>           |S<8>           |    9.570|
A<6>           |S<9>           |   10.807|
A<6>           |S<10>          |   12.656|
A<6>           |S<11>          |   14.675|
A<6>           |S<12>          |   16.507|
A<6>           |S<13>          |   17.356|
A<6>           |S<14>          |   17.513|
A<6>           |S<15>          |   18.842|
A<6>           |cout           |   18.418|
A<7>           |S<7>           |    7.345|
A<7>           |S<8>           |    8.802|
A<7>           |S<9>           |   10.039|
A<7>           |S<10>          |   11.888|
A<7>           |S<11>          |   13.907|
A<7>           |S<12>          |   15.739|
A<7>           |S<13>          |   16.588|
A<7>           |S<14>          |   16.745|
A<7>           |S<15>          |   18.074|
A<7>           |cout           |   17.650|
A<8>           |S<8>           |    8.419|
A<8>           |S<9>           |    8.949|
A<8>           |S<10>          |   10.798|
A<8>           |S<11>          |   12.817|
A<8>           |S<12>          |   14.649|
A<8>           |S<13>          |   15.498|
A<8>           |S<14>          |   15.655|
A<8>           |S<15>          |   16.984|
A<8>           |cout           |   16.560|
A<9>           |S<9>           |    8.751|
A<9>           |S<10>          |   10.839|
A<9>           |S<11>          |   12.858|
A<9>           |S<12>          |   14.690|
A<9>           |S<13>          |   15.539|
A<9>           |S<14>          |   15.696|
A<9>           |S<15>          |   17.025|
A<9>           |cout           |   16.601|
A<10>          |S<10>          |    8.154|
A<10>          |S<11>          |    9.340|
A<10>          |S<12>          |   11.172|
A<10>          |S<13>          |   12.021|
A<10>          |S<14>          |   12.178|
A<10>          |S<15>          |   13.507|
A<10>          |cout           |   13.083|
A<11>          |S<11>          |    7.597|
A<11>          |S<12>          |   10.730|
A<11>          |S<13>          |   11.579|
A<11>          |S<14>          |   11.736|
A<11>          |S<15>          |   13.065|
A<11>          |cout           |   12.641|
A<12>          |S<12>          |    9.312|
A<12>          |S<13>          |   10.402|
A<12>          |S<14>          |   10.559|
A<12>          |S<15>          |   11.888|
A<12>          |cout           |   11.464|
A<13>          |S<13>          |    7.669|
A<13>          |S<14>          |    8.439|
A<13>          |S<15>          |    9.768|
A<13>          |cout           |    9.344|
A<14>          |S<14>          |    8.116|
A<14>          |S<15>          |    9.389|
A<14>          |cout           |    8.965|
A<15>          |S<15>          |    7.965|
A<15>          |cout           |    7.940|
B<0>           |S<0>           |    8.281|
B<0>           |S<1>           |    9.365|
B<0>           |S<2>           |    9.899|
B<0>           |S<3>           |   11.356|
B<0>           |S<4>           |   11.878|
B<0>           |S<5>           |   12.876|
B<0>           |S<6>           |   13.664|
B<0>           |S<7>           |   14.771|
B<0>           |S<8>           |   15.794|
B<0>           |S<9>           |   17.031|
B<0>           |S<10>          |   18.880|
B<0>           |S<11>          |   20.899|
B<0>           |S<12>          |   22.731|
B<0>           |S<13>          |   23.580|
B<0>           |S<14>          |   23.737|
B<0>           |S<15>          |   25.066|
B<0>           |cout           |   24.642|
B<1>           |S<1>           |    8.274|
B<1>           |S<2>           |    9.538|
B<1>           |S<3>           |   10.995|
B<1>           |S<4>           |   11.517|
B<1>           |S<5>           |   12.515|
B<1>           |S<6>           |   13.303|
B<1>           |S<7>           |   14.410|
B<1>           |S<8>           |   15.433|
B<1>           |S<9>           |   16.670|
B<1>           |S<10>          |   18.519|
B<1>           |S<11>          |   20.538|
B<1>           |S<12>          |   22.370|
B<1>           |S<13>          |   23.219|
B<1>           |S<14>          |   23.376|
B<1>           |S<15>          |   24.705|
B<1>           |cout           |   24.281|
B<2>           |S<2>           |    8.617|
B<2>           |S<3>           |   10.138|
B<2>           |S<4>           |   10.660|
B<2>           |S<5>           |   11.658|
B<2>           |S<6>           |   12.446|
B<2>           |S<7>           |   13.553|
B<2>           |S<8>           |   14.576|
B<2>           |S<9>           |   15.813|
B<2>           |S<10>          |   17.662|
B<2>           |S<11>          |   19.681|
B<2>           |S<12>          |   21.513|
B<2>           |S<13>          |   22.362|
B<2>           |S<14>          |   22.519|
B<2>           |S<15>          |   23.848|
B<2>           |cout           |   23.424|
B<3>           |S<3>           |    8.702|
B<3>           |S<4>           |    9.833|
B<3>           |S<5>           |   10.831|
B<3>           |S<6>           |   11.619|
B<3>           |S<7>           |   12.726|
B<3>           |S<8>           |   13.749|
B<3>           |S<9>           |   14.986|
B<3>           |S<10>          |   16.835|
B<3>           |S<11>          |   18.854|
B<3>           |S<12>          |   20.686|
B<3>           |S<13>          |   21.535|
B<3>           |S<14>          |   21.692|
B<3>           |S<15>          |   23.021|
B<3>           |cout           |   22.597|
B<4>           |S<4>           |    8.294|
B<4>           |S<5>           |    9.444|
B<4>           |S<6>           |   10.232|
B<4>           |S<7>           |   11.339|
B<4>           |S<8>           |   12.362|
B<4>           |S<9>           |   13.599|
B<4>           |S<10>          |   15.448|
B<4>           |S<11>          |   17.467|
B<4>           |S<12>          |   19.299|
B<4>           |S<13>          |   20.148|
B<4>           |S<14>          |   20.305|
B<4>           |S<15>          |   21.634|
B<4>           |cout           |   21.210|
B<5>           |S<5>           |    8.829|
B<5>           |S<6>           |    9.127|
B<5>           |S<7>           |   10.234|
B<5>           |S<8>           |   11.257|
B<5>           |S<9>           |   12.494|
B<5>           |S<10>          |   14.343|
B<5>           |S<11>          |   16.362|
B<5>           |S<12>          |   18.194|
B<5>           |S<13>          |   19.043|
B<5>           |S<14>          |   19.200|
B<5>           |S<15>          |   20.529|
B<5>           |cout           |   20.105|
B<6>           |S<6>           |    7.623|
B<6>           |S<7>           |    9.350|
B<6>           |S<8>           |   10.373|
B<6>           |S<9>           |   11.610|
B<6>           |S<10>          |   13.459|
B<6>           |S<11>          |   15.478|
B<6>           |S<12>          |   17.310|
B<6>           |S<13>          |   18.159|
B<6>           |S<14>          |   18.316|
B<6>           |S<15>          |   19.645|
B<6>           |cout           |   19.221|
B<7>           |S<7>           |    8.400|
B<7>           |S<8>           |    9.521|
B<7>           |S<9>           |   10.758|
B<7>           |S<10>          |   12.607|
B<7>           |S<11>          |   14.626|
B<7>           |S<12>          |   16.458|
B<7>           |S<13>          |   17.307|
B<7>           |S<14>          |   17.464|
B<7>           |S<15>          |   18.793|
B<7>           |cout           |   18.369|
B<8>           |S<8>           |    8.528|
B<8>           |S<9>           |    8.368|
B<8>           |S<10>          |   10.217|
B<8>           |S<11>          |   12.236|
B<8>           |S<12>          |   14.068|
B<8>           |S<13>          |   14.917|
B<8>           |S<14>          |   15.074|
B<8>           |S<15>          |   16.403|
B<8>           |cout           |   15.979|
B<9>           |S<9>           |    7.679|
B<9>           |S<10>          |    9.876|
B<9>           |S<11>          |   11.895|
B<9>           |S<12>          |   13.727|
B<9>           |S<13>          |   14.576|
B<9>           |S<14>          |   14.733|
B<9>           |S<15>          |   16.062|
B<9>           |cout           |   15.638|
B<10>          |S<10>          |    8.295|
B<10>          |S<11>          |    9.199|
B<10>          |S<12>          |   11.031|
B<10>          |S<13>          |   11.880|
B<10>          |S<14>          |   12.037|
B<10>          |S<15>          |   13.366|
B<10>          |cout           |   12.942|
B<11>          |S<11>          |    8.529|
B<11>          |S<12>          |   10.304|
B<11>          |S<13>          |   11.153|
B<11>          |S<14>          |   11.310|
B<11>          |S<15>          |   12.639|
B<11>          |cout           |   12.215|
B<12>          |S<12>          |    7.842|
B<12>          |S<13>          |    9.387|
B<12>          |S<14>          |    9.544|
B<12>          |S<15>          |   10.873|
B<12>          |cout           |   10.449|
B<13>          |S<13>          |    8.600|
B<13>          |S<14>          |    8.741|
B<13>          |S<15>          |   10.070|
B<13>          |cout           |    9.646|
B<14>          |S<14>          |    7.861|
B<14>          |S<15>          |    8.932|
B<14>          |cout           |    8.508|
B<15>          |S<15>          |    7.948|
B<15>          |cout           |    7.716|
M              |S<1>           |    9.910|
M              |S<2>           |   10.444|
M              |S<3>           |   11.901|
M              |S<4>           |   12.423|
M              |S<5>           |   13.421|
M              |S<6>           |   14.209|
M              |S<7>           |   15.316|
M              |S<8>           |   16.339|
M              |S<9>           |   17.576|
M              |S<10>          |   19.425|
M              |S<11>          |   21.444|
M              |S<12>          |   23.276|
M              |S<13>          |   24.125|
M              |S<14>          |   24.282|
M              |S<15>          |   25.611|
M              |cout           |   25.187|
---------------+---------------+---------+


Analysis completed Sun Nov 19 17:16:03 2023 
--------------------------------------------------------------------------------

Trace Settings:
-------------------------
Trace Settings 

Peak Memory Usage: 333 MB



