Release 14.7 - xst P.20131013 (lin64)
Copyright (c) 1995-2013 Xilinx, Inc.  All rights reserved.
--> 
Parameter TMPDIR set to xst/projnav.tmp


Total REAL time to Xst completion: 0.00 secs
Total CPU time to Xst completion: 0.01 secs
 
--> 
Parameter xsthdpdir set to xst


Total REAL time to Xst completion: 0.00 secs
Total CPU time to Xst completion: 0.01 secs
 
--> 
Reading design: counter16bit.prj

TABLE OF CONTENTS
  1) Synthesis Options Summary
  2) HDL Compilation
  3) Design Hierarchy Analysis
  4) HDL Analysis
  5) HDL Synthesis
     5.1) HDL Synthesis Report
  6) Advanced HDL Synthesis
     6.1) Advanced HDL Synthesis Report
  7) Low Level Synthesis
  8) Partition Report
  9) Final Report
	9.1) Device utilization summary
	9.2) Partition Resource Summary
	9.3) TIMING REPORT


=========================================================================
*                      Synthesis Options Summary                        *
=========================================================================
---- Source Parameters
Input File Name                    : "counter16bit.prj"
Input Format                       : mixed
Ignore Synthesis Constraint File   : NO

---- Target Parameters
Output File Name                   : "counter16bit"
Output Format                      : NGC
Target Device                      : xc3s100e-4-cp132

---- Source Options
Top Module Name                    : counter16bit
Automatic FSM Extraction           : YES
FSM Encoding Algorithm             : Auto
Safe Implementation                : No
FSM Style                          : LUT
RAM Extraction                     : Yes
RAM Style                          : Auto
ROM Extraction                     : Yes
Mux Style                          : Auto
Decoder Extraction                 : YES
Priority Encoder Extraction        : Yes
Shift Register Extraction          : YES
Logical Shifter Extraction         : YES
XOR Collapsing                     : YES
ROM Style                          : Auto
Mux Extraction                     : Yes
Resource Sharing                   : YES
Asynchronous To Synchronous        : NO
Multiplier Style                   : Auto
Automatic Register Balancing       : No

---- Target Options
Add IO Buffers                     : YES
Global Maximum Fanout              : 100000
Add Generic Clock Buffer(BUFG)     : 24
Register Duplication               : YES
Slice Packing                      : YES
Optimize Instantiated Primitives   : NO
Use Clock Enable                   : Yes
Use Synchronous Set                : Yes
Use Synchronous Reset              : Yes
Pack IO Registers into IOBs        : Auto
Equivalent register Removal        : YES

---- General Options
Optimization Goal                  : Speed
Optimization Effort                : 1
Keep Hierarchy                     : No
Netlist Hierarchy                  : As_Optimized
RTL Output                         : Yes
Global Optimization                : AllClockNets
Read Cores                         : YES
Write Timing Constraints           : NO
Cross Clock Analysis               : NO
Hierarchy Separator                : /
Bus Delimiter                      : <>
Case Specifier                     : Maintain
Slice Utilization Ratio            : 100
BRAM Utilization Ratio             : 100
Verilog 2001                       : YES
Auto BRAM Packing                  : NO
Slice Utilization Ratio Delta      : 5

=========================================================================


=========================================================================
*                          HDL Compilation                              *
=========================================================================
Compiling vhdl file "/home/ise/NTUST_FPGA/PC_Circuitry/counter16bit.vhf" in Library work.
Entity <FD16RE_MXILINX_counter16bit> compiled.
Entity <FD16RE_MXILINX_counter16bit> (Architecture <BEHAVIORAL>) compiled.
Entity <counter16bit> compiled.
Entity <counter16bit> (Architecture <BEHAVIORAL>) compiled.

=========================================================================
*                     Design Hierarchy Analysis                         *
=========================================================================
Analyzing hierarchy for entity <counter16bit> in library <work> (architecture <BEHAVIORAL>).

Analyzing hierarchy for entity <FD16RE_MXILINX_counter16bit> in library <work> (architecture <BEHAVIORAL>).


=========================================================================
*                            HDL Analysis                               *
=========================================================================
Analyzing Entity <counter16bit> in library <work> (Architecture <BEHAVIORAL>).
    Set user-defined property "HU_SET =  XLXI_4_0" for instance <XLXI_4> in unit <counter16bit>.
    Set user-defined property "HU_SET =  XLXI_5_1" for instance <XLXI_5> in unit <counter16bit>.
    Set user-defined property "HU_SET =  XLXI_6_2" for instance <XLXI_6> in unit <counter16bit>.
    Set user-defined property "HU_SET =  XLXI_7_3" for instance <XLXI_7> in unit <counter16bit>.
    Set user-defined property "HU_SET =  XLXI_8_4" for instance <XLXI_8> in unit <counter16bit>.
    Set user-defined property "HU_SET =  XLXI_14_5" for instance <XLXI_14> in unit <counter16bit>.
    Set user-defined property "HU_SET =  XLXI_15_6" for instance <XLXI_15> in unit <counter16bit>.
    Set user-defined property "HU_SET =  XLXI_16_7" for instance <XLXI_16> in unit <counter16bit>.
    Set user-defined property "HU_SET =  XLXI_17_8" for instance <XLXI_17> in unit <counter16bit>.
    Set user-defined property "HU_SET =  XLXI_18_9" for instance <XLXI_18> in unit <counter16bit>.
    Set user-defined property "HU_SET =  XLXI_19_10" for instance <XLXI_19> in unit <counter16bit>.
    Set user-defined property "HU_SET =  XLXI_20_11" for instance <XLXI_20> in unit <counter16bit>.
    Set user-defined property "HU_SET =  XLXI_21_12" for instance <XLXI_21> in unit <counter16bit>.
    Set user-defined property "HU_SET =  XLXI_22_13" for instance <XLXI_22> in unit <counter16bit>.
    Set user-defined property "HU_SET =  XLXI_23_14" for instance <XLXI_23> in unit <counter16bit>.
    Set user-defined property "HU_SET =  XLXI_24_15" for instance <XLXI_24> in unit <counter16bit>.
Entity <counter16bit> analyzed. Unit <counter16bit> generated.

Analyzing Entity <FD16RE_MXILINX_counter16bit> in library <work> (Architecture <BEHAVIORAL>).
    Set user-defined property "INIT =  0" for instance <I_Q0> in unit <FD16RE_MXILINX_counter16bit>.
    Set user-defined property "INIT =  0" for instance <I_Q1> in unit <FD16RE_MXILINX_counter16bit>.
    Set user-defined property "INIT =  0" for instance <I_Q2> in unit <FD16RE_MXILINX_counter16bit>.
    Set user-defined property "INIT =  0" for instance <I_Q3> in unit <FD16RE_MXILINX_counter16bit>.
    Set user-defined property "INIT =  0" for instance <I_Q4> in unit <FD16RE_MXILINX_counter16bit>.
    Set user-defined property "INIT =  0" for instance <I_Q5> in unit <FD16RE_MXILINX_counter16bit>.
    Set user-defined property "INIT =  0" for instance <I_Q6> in unit <FD16RE_MXILINX_counter16bit>.
    Set user-defined property "INIT =  0" for instance <I_Q7> in unit <FD16RE_MXILINX_counter16bit>.
    Set user-defined property "INIT =  0" for instance <I_Q8> in unit <FD16RE_MXILINX_counter16bit>.
    Set user-defined property "INIT =  0" for instance <I_Q9> in unit <FD16RE_MXILINX_counter16bit>.
    Set user-defined property "INIT =  0" for instance <I_Q10> in unit <FD16RE_MXILINX_counter16bit>.
    Set user-defined property "INIT =  0" for instance <I_Q11> in unit <FD16RE_MXILINX_counter16bit>.
    Set user-defined property "INIT =  0" for instance <I_Q12> in unit <FD16RE_MXILINX_counter16bit>.
    Set user-defined property "INIT =  0" for instance <I_Q13> in unit <FD16RE_MXILINX_counter16bit>.
    Set user-defined property "INIT =  0" for instance <I_Q14> in unit <FD16RE_MXILINX_counter16bit>.
    Set user-defined property "INIT =  0" for instance <I_Q15> in unit <FD16RE_MXILINX_counter16bit>.
Entity <FD16RE_MXILINX_counter16bit> analyzed. Unit <FD16RE_MXILINX_counter16bit> generated.


=========================================================================
*                           HDL Synthesis                               *
=========================================================================

Performing bidirectional port resolution...

Synthesizing Unit <FD16RE_MXILINX_counter16bit>.
    Related source file is "/home/ise/NTUST_FPGA/PC_Circuitry/counter16bit.vhf".
Unit <FD16RE_MXILINX_counter16bit> synthesized.


Synthesizing Unit <counter16bit>.
    Related source file is "/home/ise/NTUST_FPGA/PC_Circuitry/counter16bit.vhf".
Unit <counter16bit> synthesized.


=========================================================================
HDL Synthesis Report

Found no macro
=========================================================================

=========================================================================
*                       Advanced HDL Synthesis                          *
=========================================================================


=========================================================================
Advanced HDL Synthesis Report

Macro Statistics
# Registers                                            : 256
 Flip-Flops                                            : 256

=========================================================================

=========================================================================
*                         Low Level Synthesis                           *
=========================================================================

Optimizing unit <counter16bit> ...

Optimizing unit <FD16RE_MXILINX_counter16bit> ...

Mapping all equations...
Building and optimizing final netlist ...
Found area constraint ratio of 100 (+ 5) on block counter16bit, actual ratio is 15.

Final Macro Processing ...

=========================================================================
Final Register Report

Macro Statistics
# Registers                                            : 256
 Flip-Flops                                            : 256

=========================================================================

=========================================================================
*                           Partition Report                            *
=========================================================================

Partition Implementation Status
-------------------------------

  No Partitions were found in this design.

-------------------------------

=========================================================================
*                            Final Report                               *
=========================================================================
Final Results
RTL Top Level Output File Name     : counter16bit.ngr
Top Level Output File Name         : counter16bit
Output Format                      : NGC
Optimization Goal                  : Speed
Keep Hierarchy                     : No

Design Statistics
# IOs                              : 35

Cell Usage :
# FlipFlops/Latches                : 256
#      FDRE                        : 256
# Clock Buffers                    : 1
#      BUFGP                       : 1
# IO Buffers                       : 34
#      IBUF                        : 18
#      OBUF                        : 16
=========================================================================

Device utilization summary:
---------------------------

Selected Device : 3s100ecp132-4 

 Number of Slices:                      144  out of    960    15%  
 Number of Slice Flip Flops:            256  out of   1920    13%  
 Number of IOs:                          35
 Number of bonded IOBs:                  35  out of     83    42%  
 Number of GCLKs:                         1  out of     24     4%  

---------------------------
Partition Resource Summary:
---------------------------

  No Partitions were found in this design.

---------------------------


=========================================================================
TIMING REPORT

NOTE: THESE TIMING NUMBERS ARE ONLY A SYNTHESIS ESTIMATE.
      FOR ACCURATE TIMING INFORMATION PLEASE REFER TO THE TRACE REPORT
      GENERATED AFTER PLACE-and-ROUTE.

Clock Information:
------------------
-----------------------------------+------------------------+-------+
Clock Signal                       | Clock buffer(FF name)  | Load  |
-----------------------------------+------------------------+-------+
clk                                | BUFGP                  | 256   |
-----------------------------------+------------------------+-------+

Asynchronous Control Signals Information:
----------------------------------------
No asynchronous control signals found in this design

Timing Summary:
---------------
Speed Grade: -4

   Minimum period: 1.319ns (Maximum Frequency: 758.150MHz)
   Minimum input arrival time before clock: 3.462ns
   Maximum output required time after clock: 4.283ns
   Maximum combinational path delay: No path found

Timing Detail:
--------------
All values displayed in nanoseconds (ns)

=========================================================================
Timing constraint: Default period analysis for Clock 'clk'
  Clock period: 1.319ns (frequency: 758.150MHz)
  Total number of paths / destination ports: 240 / 240
-------------------------------------------------------------------------
Delay:               1.319ns (Levels of Logic = 1)
  Source:            XLXI_23/I_Q0 (FF)
  Destination:       XLXI_24/I_Q0 (FF)
  Source Clock:      clk rising
  Destination Clock: clk rising

  Data Path: XLXI_23/I_Q0 to XLXI_24/I_Q0
                                Gate     Net
    Cell:in->out      fanout   Delay   Delay  Logical Name (Net Name)
    ----------------------------------------  ------------
     FDRE:C->Q             1   0.591   0.420  I_Q0 (Q<0>)
     end scope: 'XLXI_23'
     begin scope: 'XLXI_24'
     FDRE:D                    0.308          I_Q0
    ----------------------------------------
    Total                      1.319ns (0.899ns logic, 0.420ns route)
                                       (68.2% logic, 31.8% route)

=========================================================================
Timing constraint: Default OFFSET IN BEFORE for Clock 'clk'
  Total number of paths / destination ports: 528 / 528
-------------------------------------------------------------------------
Offset:              3.462ns (Levels of Logic = 2)
  Source:            reset (PAD)
  Destination:       XLXI_24/I_Q0 (FF)
  Destination Clock: clk rising

  Data Path: reset to XLXI_24/I_Q0
                                Gate     Net
    Cell:in->out      fanout   Delay   Delay  Logical Name (Net Name)
    ----------------------------------------  ------------
     IBUF:I->O           256   1.218   1.333  reset_IBUF (reset_IBUF)
     begin scope: 'XLXI_24'
     FDRE:R                    0.911          I_Q0
    ----------------------------------------
    Total                      3.462ns (2.129ns logic, 1.333ns route)
                                       (61.5% logic, 38.5% route)

=========================================================================
Timing constraint: Default OFFSET OUT AFTER for Clock 'clk'
  Total number of paths / destination ports: 16 / 16
-------------------------------------------------------------------------
Offset:              4.283ns (Levels of Logic = 2)
  Source:            XLXI_24/I_Q15 (FF)
  Destination:       qout<15> (PAD)
  Source Clock:      clk rising

  Data Path: XLXI_24/I_Q15 to qout<15>
                                Gate     Net
    Cell:in->out      fanout   Delay   Delay  Logical Name (Net Name)
    ----------------------------------------  ------------
     FDRE:C->Q             1   0.591   0.420  I_Q15 (Q<15>)
     end scope: 'XLXI_24'
     OBUF:I->O                 3.272          qout_15_OBUF (qout<15>)
    ----------------------------------------
    Total                      4.283ns (3.863ns logic, 0.420ns route)
                                       (90.2% logic, 9.8% route)

=========================================================================


Total REAL time to Xst completion: 3.00 secs
Total CPU time to Xst completion: 0.71 secs
 
--> 


Total memory usage is 620644 kilobytes

Number of errors   :    0 (   0 filtered)
Number of warnings :    0 (   0 filtered)
Number of infos    :    0 (   0 filtered)

