Release 14.7 Map P.20131013 (lin64)
Xilinx Mapping Report File for Design 'regfile'

Design Information
------------------
Command Line   : map -intstyle ise -p xc3s100e-cp132-4 -cm area -ir off -pr off
-c 100 -o regfile_map.ncd regfile.ngd regfile.pcf 
Target Device  : xc3s100e
Target Package : cp132
Target Speed   : -4
Mapper Version : spartan3e -- $Revision: 1.55 $
Mapped Date    : Fri Oct 20 12:20:49 2023

Design Summary
--------------
Number of errors:      0
Number of warnings:   26
Logic Utilization:
Logic Distribution:
    Number of Slices containing only related logic:       0 out of       0   0%
    Number of Slices containing unrelated logic:          0 out of       0   0%
      *See NOTES below for an explanation of the effects of unrelated logic.
  Number of bonded IOBs:                 32 out of      83   38%

Peak Memory Usage:  662 MB
Total REAL time to MAP completion:  1 secs 
Total CPU time to MAP completion:   0 secs 

NOTES:

   Related logic is defined as being logic that shares connectivity - e.g. two
   LUTs are "related" if they share common inputs.  When assembling slices,
   Map gives priority to combine logic that is related.  Doing so results in
   the best timing performance.

   Unrelated logic shares no connectivity.  Map will only begin packing
   unrelated logic into a slice once 99% of the slices are occupied through
   related logic packing.

   Note that once logic distribution reaches the 99% level through related
   logic packing, this does not mean the device is completely utilized.
   Unrelated logic packing will then begin, continuing until all usable LUTs
   and FFs are occupied.  Depending on your timing budget, increased levels of
   unrelated logic packing may adversely affect the overall timing performance
   of your design.

Table of Contents
-----------------
Section 1 - Errors
Section 2 - Warnings
Section 3 - Informational
Section 4 - Removed Logic Summary
Section 5 - Removed Logic
Section 6 - IOB Properties
Section 7 - RPMs
Section 8 - Guide Report
Section 9 - Area Group and Partition Summary
Section 10 - Timing Report
Section 11 - Configuration String Information
Section 12 - Control Set Information
Section 13 - Utilization by Hierarchy

Section 1 - Errors
------------------

Section 2 - Warnings
--------------------
WARNING:Security:42 - Your software subscription period has lapsed. Your current
version of Xilinx tools will continue to function, but you no longer qualify for
Xilinx software updates or new releases.
WARNING:MapLib:701 - Signal WR_data<15> connected to top level port WR_data<15>
   has been removed.
WARNING:MapLib:701 - Signal WR_data<14> connected to top level port WR_data<14>
   has been removed.
WARNING:MapLib:701 - Signal WR_data<13> connected to top level port WR_data<13>
   has been removed.
WARNING:MapLib:701 - Signal WR_data<12> connected to top level port WR_data<12>
   has been removed.
WARNING:MapLib:701 - Signal WR_data<11> connected to top level port WR_data<11>
   has been removed.
WARNING:MapLib:701 - Signal WR_data<10> connected to top level port WR_data<10>
   has been removed.
WARNING:MapLib:701 - Signal WR_data<9> connected to top level port WR_data<9>
   has been removed.
WARNING:MapLib:701 - Signal WR_data<8> connected to top level port WR_data<8>
   has been removed.
WARNING:MapLib:701 - Signal WR_data<7> connected to top level port WR_data<7>
   has been removed.
WARNING:MapLib:701 - Signal WR_data<6> connected to top level port WR_data<6>
   has been removed.
WARNING:MapLib:701 - Signal WR_data<5> connected to top level port WR_data<5>
   has been removed.
WARNING:MapLib:701 - Signal WR_data<4> connected to top level port WR_data<4>
   has been removed.
WARNING:MapLib:701 - Signal WR_data<3> connected to top level port WR_data<3>
   has been removed.
WARNING:MapLib:701 - Signal WR_data<2> connected to top level port WR_data<2>
   has been removed.
WARNING:MapLib:701 - Signal WR_data<1> connected to top level port WR_data<1>
   has been removed.
WARNING:MapLib:701 - Signal WR_data<0> connected to top level port WR_data<0>
   has been removed.
WARNING:MapLib:701 - Signal RA_addr<2> connected to top level port RA_addr<2>
   has been removed.
WARNING:MapLib:701 - Signal RA_addr<1> connected to top level port RA_addr<1>
   has been removed.
WARNING:MapLib:701 - Signal RA_addr<0> connected to top level port RA_addr<0>
   has been removed.
WARNING:MapLib:701 - Signal WR_addr<2> connected to top level port WR_addr<2>
   has been removed.
WARNING:MapLib:701 - Signal WR_addr<1> connected to top level port WR_addr<1>
   has been removed.
WARNING:MapLib:701 - Signal WR_addr<0> connected to top level port WR_addr<0>
   has been removed.
WARNING:MapLib:701 - Signal RB_addr<2> connected to top level port RB_addr<2>
   has been removed.
WARNING:MapLib:701 - Signal RB_addr<1> connected to top level port RB_addr<1>
   has been removed.
WARNING:MapLib:701 - Signal RB_addr<0> connected to top level port RB_addr<0>
   has been removed.
WARNING:MapLib:701 - Signal clk connected to top level port clk has been
   removed.

Section 3 - Informational
-------------------------
INFO:Security:54 - 'xc3s100e' is a WebPack part.
INFO:LIT:243 - Logical network WEn has no load.
INFO:MapLib:562 - No environment variables are currently set.
INFO:LIT:244 - All of the single ended outputs in this design are using slew
   rate limited output drivers. The delay on speed critical single ended outputs
   can be dramatically reduced by designating them as fast outputs.

Section 4 - Removed Logic Summary
---------------------------------
 184 block(s) removed
 489 block(s) optimized away
 192 signal(s) removed

Section 5 - Removed Logic
-------------------------

The trimmed logic report below shows the logic removed from your design due to
sourceless or loadless signals, and VCC or ground connections.  If the removal
of a signal or symbol results in the subsequent removal of an additional signal
or symbol, the message explaining that second removal will be indented.  This
indentation will be repeated as a chain of related logic is removed.

To quickly locate the original cause for the removal of a chain of logic, look
above the place where that logic is listed in the trimming report, then locate
the lines that are least indented (begin at the leftmost edge).

The signal "XLXI_13/XLXI_58/XLXI_24/dummy" is sourceless and has been removed.
The signal "XLXI_13/XLXI_57/XLXI_24/dummy" is sourceless and has been removed.
The signal "XLXI_13/XLXI_56/XLXI_24/dummy" is sourceless and has been removed.
The signal "XLXI_13/XLXI_55/XLXI_24/dummy" is sourceless and has been removed.
The signal "XLXI_13/XLXI_28/XLXI_24/dummy" is sourceless and has been removed.
The signal "XLXI_13/XLXI_27/XLXI_24/dummy" is sourceless and has been removed.
The signal "XLXI_13/XLXI_26/XLXI_24/dummy" is sourceless and has been removed.
The signal "XLXI_13/XLXI_25/XLXI_24/dummy" is sourceless and has been removed.
The signal "XLXI_13/XLXI_24/XLXI_24/dummy" is sourceless and has been removed.
The signal "XLXI_13/XLXI_23/XLXI_24/dummy" is sourceless and has been removed.
The signal "XLXI_13/XLXI_22/XLXI_24/dummy" is sourceless and has been removed.
The signal "XLXI_13/XLXI_21/XLXI_24/dummy" is sourceless and has been removed.
The signal "XLXI_13/XLXI_19/XLXI_24/dummy" is sourceless and has been removed.
The signal "XLXI_13/XLXI_18/XLXI_24/dummy" is sourceless and has been removed.
The signal "XLXI_13/XLXI_16/XLXI_24/dummy" is sourceless and has been removed.
The signal "XLXI_13/XLXI_7/XLXI_24/dummy" is sourceless and has been removed.
The signal "XLXI_14/XLXI_58/XLXI_24/dummy" is sourceless and has been removed.
The signal "XLXI_14/XLXI_57/XLXI_24/dummy" is sourceless and has been removed.
The signal "XLXI_14/XLXI_56/XLXI_24/dummy" is sourceless and has been removed.
The signal "XLXI_14/XLXI_55/XLXI_24/dummy" is sourceless and has been removed.
The signal "XLXI_14/XLXI_28/XLXI_24/dummy" is sourceless and has been removed.
The signal "XLXI_14/XLXI_27/XLXI_24/dummy" is sourceless and has been removed.
The signal "XLXI_14/XLXI_26/XLXI_24/dummy" is sourceless and has been removed.
The signal "XLXI_14/XLXI_25/XLXI_24/dummy" is sourceless and has been removed.
The signal "XLXI_14/XLXI_24/XLXI_24/dummy" is sourceless and has been removed.
The signal "XLXI_14/XLXI_23/XLXI_24/dummy" is sourceless and has been removed.
The signal "XLXI_14/XLXI_22/XLXI_24/dummy" is sourceless and has been removed.
The signal "XLXI_14/XLXI_21/XLXI_24/dummy" is sourceless and has been removed.
The signal "XLXI_14/XLXI_19/XLXI_24/dummy" is sourceless and has been removed.
The signal "XLXI_14/XLXI_18/XLXI_24/dummy" is sourceless and has been removed.
The signal "XLXI_14/XLXI_16/XLXI_24/dummy" is sourceless and has been removed.
The signal "XLXI_14/XLXI_7/XLXI_24/dummy" is sourceless and has been removed.
The signal "clk_BUFGP/IBUFG" is sourceless and has been removed.
 Sourceless block "clk_BUFGP/BUFG" (CKBUF) removed.
  The signal "clk_BUFGP" is sourceless and has been removed.

The trimmed logic reported below is either:
   1. part of a cycle
   2. part of disabled logic
   3. a side-effect of other trimmed logic

The signal "RA_addr<0>" is unused and has been removed.
 Unused block "RA_addr<0>" (PAD) removed.
The signal "RA_addr<1>" is unused and has been removed.
 Unused block "RA_addr<1>" (PAD) removed.
The signal "RA_addr<2>" is unused and has been removed.
 Unused block "RA_addr<2>" (PAD) removed.
The signal "RA_addr_0_IBUF" is unused and has been removed.
 Unused block "RA_addr_0_IBUF" (BUF) removed.
The signal "RA_addr_1_IBUF" is unused and has been removed.
 Unused block "RA_addr_1_IBUF" (BUF) removed.
The signal "RA_addr_2_IBUF" is unused and has been removed.
 Unused block "RA_addr_2_IBUF" (BUF) removed.
The signal "RB_addr<0>" is unused and has been removed.
 Unused block "RB_addr<0>" (PAD) removed.
The signal "RB_addr<1>" is unused and has been removed.
 Unused block "RB_addr<1>" (PAD) removed.
The signal "RB_addr<2>" is unused and has been removed.
 Unused block "RB_addr<2>" (PAD) removed.
The signal "RB_addr_0_IBUF" is unused and has been removed.
 Unused block "RB_addr_0_IBUF" (BUF) removed.
The signal "RB_addr_1_IBUF" is unused and has been removed.
 Unused block "RB_addr_1_IBUF" (BUF) removed.
The signal "RB_addr_2_IBUF" is unused and has been removed.
 Unused block "RB_addr_2_IBUF" (BUF) removed.
The signal "WR_addr<0>" is unused and has been removed.
 Unused block "WR_addr<0>" (PAD) removed.
The signal "WR_addr<1>" is unused and has been removed.
 Unused block "WR_addr<1>" (PAD) removed.
The signal "WR_addr<2>" is unused and has been removed.
 Unused block "WR_addr<2>" (PAD) removed.
The signal "WR_addr_0_IBUF" is unused and has been removed.
 Unused block "WR_addr_0_IBUF" (BUF) removed.
The signal "WR_addr_1_IBUF" is unused and has been removed.
 Unused block "WR_addr_1_IBUF" (BUF) removed.
The signal "WR_addr_2_IBUF" is unused and has been removed.
 Unused block "WR_addr_2_IBUF" (BUF) removed.
The signal "WR_data<0>" is unused and has been removed.
 Unused block "WR_data<0>" (PAD) removed.
The signal "WR_data<10>" is unused and has been removed.
 Unused block "WR_data<10>" (PAD) removed.
The signal "WR_data<11>" is unused and has been removed.
 Unused block "WR_data<11>" (PAD) removed.
The signal "WR_data<12>" is unused and has been removed.
 Unused block "WR_data<12>" (PAD) removed.
The signal "WR_data<13>" is unused and has been removed.
 Unused block "WR_data<13>" (PAD) removed.
The signal "WR_data<14>" is unused and has been removed.
 Unused block "WR_data<14>" (PAD) removed.
The signal "WR_data<15>" is unused and has been removed.
 Unused block "WR_data<15>" (PAD) removed.
The signal "WR_data<1>" is unused and has been removed.
 Unused block "WR_data<1>" (PAD) removed.
The signal "WR_data<2>" is unused and has been removed.
 Unused block "WR_data<2>" (PAD) removed.
The signal "WR_data<3>" is unused and has been removed.
 Unused block "WR_data<3>" (PAD) removed.
The signal "WR_data<4>" is unused and has been removed.
 Unused block "WR_data<4>" (PAD) removed.
The signal "WR_data<5>" is unused and has been removed.
 Unused block "WR_data<5>" (PAD) removed.
The signal "WR_data<6>" is unused and has been removed.
 Unused block "WR_data<6>" (PAD) removed.
The signal "WR_data<7>" is unused and has been removed.
 Unused block "WR_data<7>" (PAD) removed.
The signal "WR_data<8>" is unused and has been removed.
 Unused block "WR_data<8>" (PAD) removed.
The signal "WR_data<9>" is unused and has been removed.
 Unused block "WR_data<9>" (PAD) removed.
The signal "WR_data_0_IBUF" is unused and has been removed.
 Unused block "WR_data_0_IBUF" (BUF) removed.
The signal "WR_data_10_IBUF" is unused and has been removed.
 Unused block "WR_data_10_IBUF" (BUF) removed.
The signal "WR_data_11_IBUF" is unused and has been removed.
 Unused block "WR_data_11_IBUF" (BUF) removed.
The signal "WR_data_12_IBUF" is unused and has been removed.
 Unused block "WR_data_12_IBUF" (BUF) removed.
The signal "WR_data_13_IBUF" is unused and has been removed.
 Unused block "WR_data_13_IBUF" (BUF) removed.
The signal "WR_data_14_IBUF" is unused and has been removed.
 Unused block "WR_data_14_IBUF" (BUF) removed.
The signal "WR_data_15_IBUF" is unused and has been removed.
 Unused block "WR_data_15_IBUF" (BUF) removed.
The signal "WR_data_1_IBUF" is unused and has been removed.
 Unused block "WR_data_1_IBUF" (BUF) removed.
The signal "WR_data_2_IBUF" is unused and has been removed.
 Unused block "WR_data_2_IBUF" (BUF) removed.
The signal "WR_data_3_IBUF" is unused and has been removed.
 Unused block "WR_data_3_IBUF" (BUF) removed.
The signal "WR_data_4_IBUF" is unused and has been removed.
 Unused block "WR_data_4_IBUF" (BUF) removed.
The signal "WR_data_5_IBUF" is unused and has been removed.
 Unused block "WR_data_5_IBUF" (BUF) removed.
The signal "WR_data_6_IBUF" is unused and has been removed.
 Unused block "WR_data_6_IBUF" (BUF) removed.
The signal "WR_data_7_IBUF" is unused and has been removed.
 Unused block "WR_data_7_IBUF" (BUF) removed.
The signal "WR_data_8_IBUF" is unused and has been removed.
 Unused block "WR_data_8_IBUF" (BUF) removed.
The signal "WR_data_9_IBUF" is unused and has been removed.
 Unused block "WR_data_9_IBUF" (BUF) removed.
The signal "XLXI_13/XLXI_16/XLXN_33" is unused and has been removed.
 Unused block "XLXI_13/XLXI_16/XLXI_25" (BUF) removed.
The signal "XLXI_13/XLXI_16/XLXN_35" is unused and has been removed.
 Unused block "XLXI_13/XLXI_16/XLXI_26" (BUF) removed.
The signal "XLXI_13/XLXI_16/XLXN_36" is unused and has been removed.
 Unused block "XLXI_13/XLXI_16/XLXI_27" (BUF) removed.
The signal "XLXI_13/XLXI_18/XLXN_33" is unused and has been removed.
 Unused block "XLXI_13/XLXI_18/XLXI_25" (BUF) removed.
The signal "XLXI_13/XLXI_18/XLXN_35" is unused and has been removed.
 Unused block "XLXI_13/XLXI_18/XLXI_26" (BUF) removed.
The signal "XLXI_13/XLXI_18/XLXN_36" is unused and has been removed.
 Unused block "XLXI_13/XLXI_18/XLXI_27" (BUF) removed.
The signal "XLXI_13/XLXI_19/XLXN_33" is unused and has been removed.
 Unused block "XLXI_13/XLXI_19/XLXI_25" (BUF) removed.
The signal "XLXI_13/XLXI_19/XLXN_35" is unused and has been removed.
 Unused block "XLXI_13/XLXI_19/XLXI_26" (BUF) removed.
The signal "XLXI_13/XLXI_19/XLXN_36" is unused and has been removed.
 Unused block "XLXI_13/XLXI_19/XLXI_27" (BUF) removed.
The signal "XLXI_13/XLXI_21/XLXN_33" is unused and has been removed.
 Unused block "XLXI_13/XLXI_21/XLXI_25" (BUF) removed.
The signal "XLXI_13/XLXI_21/XLXN_35" is unused and has been removed.
 Unused block "XLXI_13/XLXI_21/XLXI_26" (BUF) removed.
The signal "XLXI_13/XLXI_21/XLXN_36" is unused and has been removed.
 Unused block "XLXI_13/XLXI_21/XLXI_27" (BUF) removed.
The signal "XLXI_13/XLXI_22/XLXN_33" is unused and has been removed.
 Unused block "XLXI_13/XLXI_22/XLXI_25" (BUF) removed.
The signal "XLXI_13/XLXI_22/XLXN_35" is unused and has been removed.
 Unused block "XLXI_13/XLXI_22/XLXI_26" (BUF) removed.
The signal "XLXI_13/XLXI_22/XLXN_36" is unused and has been removed.
 Unused block "XLXI_13/XLXI_22/XLXI_27" (BUF) removed.
The signal "XLXI_13/XLXI_23/XLXN_33" is unused and has been removed.
 Unused block "XLXI_13/XLXI_23/XLXI_25" (BUF) removed.
The signal "XLXI_13/XLXI_23/XLXN_35" is unused and has been removed.
 Unused block "XLXI_13/XLXI_23/XLXI_26" (BUF) removed.
The signal "XLXI_13/XLXI_23/XLXN_36" is unused and has been removed.
 Unused block "XLXI_13/XLXI_23/XLXI_27" (BUF) removed.
The signal "XLXI_13/XLXI_24/XLXN_33" is unused and has been removed.
 Unused block "XLXI_13/XLXI_24/XLXI_25" (BUF) removed.
The signal "XLXI_13/XLXI_24/XLXN_35" is unused and has been removed.
 Unused block "XLXI_13/XLXI_24/XLXI_26" (BUF) removed.
The signal "XLXI_13/XLXI_24/XLXN_36" is unused and has been removed.
 Unused block "XLXI_13/XLXI_24/XLXI_27" (BUF) removed.
The signal "XLXI_13/XLXI_25/XLXN_33" is unused and has been removed.
 Unused block "XLXI_13/XLXI_25/XLXI_25" (BUF) removed.
The signal "XLXI_13/XLXI_25/XLXN_35" is unused and has been removed.
 Unused block "XLXI_13/XLXI_25/XLXI_26" (BUF) removed.
The signal "XLXI_13/XLXI_25/XLXN_36" is unused and has been removed.
 Unused block "XLXI_13/XLXI_25/XLXI_27" (BUF) removed.
The signal "XLXI_13/XLXI_26/XLXN_33" is unused and has been removed.
 Unused block "XLXI_13/XLXI_26/XLXI_25" (BUF) removed.
The signal "XLXI_13/XLXI_26/XLXN_35" is unused and has been removed.
 Unused block "XLXI_13/XLXI_26/XLXI_26" (BUF) removed.
The signal "XLXI_13/XLXI_26/XLXN_36" is unused and has been removed.
 Unused block "XLXI_13/XLXI_26/XLXI_27" (BUF) removed.
The signal "XLXI_13/XLXI_27/XLXN_33" is unused and has been removed.
 Unused block "XLXI_13/XLXI_27/XLXI_25" (BUF) removed.
The signal "XLXI_13/XLXI_27/XLXN_35" is unused and has been removed.
 Unused block "XLXI_13/XLXI_27/XLXI_26" (BUF) removed.
The signal "XLXI_13/XLXI_27/XLXN_36" is unused and has been removed.
 Unused block "XLXI_13/XLXI_27/XLXI_27" (BUF) removed.
The signal "XLXI_13/XLXI_28/XLXN_33" is unused and has been removed.
 Unused block "XLXI_13/XLXI_28/XLXI_25" (BUF) removed.
The signal "XLXI_13/XLXI_28/XLXN_35" is unused and has been removed.
 Unused block "XLXI_13/XLXI_28/XLXI_26" (BUF) removed.
The signal "XLXI_13/XLXI_28/XLXN_36" is unused and has been removed.
 Unused block "XLXI_13/XLXI_28/XLXI_27" (BUF) removed.
The signal "XLXI_13/XLXI_55/XLXN_33" is unused and has been removed.
 Unused block "XLXI_13/XLXI_55/XLXI_25" (BUF) removed.
The signal "XLXI_13/XLXI_55/XLXN_35" is unused and has been removed.
 Unused block "XLXI_13/XLXI_55/XLXI_26" (BUF) removed.
The signal "XLXI_13/XLXI_55/XLXN_36" is unused and has been removed.
 Unused block "XLXI_13/XLXI_55/XLXI_27" (BUF) removed.
The signal "XLXI_13/XLXI_56/XLXN_33" is unused and has been removed.
 Unused block "XLXI_13/XLXI_56/XLXI_25" (BUF) removed.
The signal "XLXI_13/XLXI_56/XLXN_35" is unused and has been removed.
 Unused block "XLXI_13/XLXI_56/XLXI_26" (BUF) removed.
The signal "XLXI_13/XLXI_56/XLXN_36" is unused and has been removed.
 Unused block "XLXI_13/XLXI_56/XLXI_27" (BUF) removed.
The signal "XLXI_13/XLXI_57/XLXN_33" is unused and has been removed.
 Unused block "XLXI_13/XLXI_57/XLXI_25" (BUF) removed.
The signal "XLXI_13/XLXI_57/XLXN_35" is unused and has been removed.
 Unused block "XLXI_13/XLXI_57/XLXI_26" (BUF) removed.
The signal "XLXI_13/XLXI_57/XLXN_36" is unused and has been removed.
 Unused block "XLXI_13/XLXI_57/XLXI_27" (BUF) removed.
The signal "XLXI_13/XLXI_58/XLXN_33" is unused and has been removed.
 Unused block "XLXI_13/XLXI_58/XLXI_25" (BUF) removed.
The signal "XLXI_13/XLXI_58/XLXN_35" is unused and has been removed.
 Unused block "XLXI_13/XLXI_58/XLXI_26" (BUF) removed.
The signal "XLXI_13/XLXI_58/XLXN_36" is unused and has been removed.
 Unused block "XLXI_13/XLXI_58/XLXI_27" (BUF) removed.
The signal "XLXI_13/XLXI_7/XLXN_33" is unused and has been removed.
 Unused block "XLXI_13/XLXI_7/XLXI_25" (BUF) removed.
The signal "XLXI_13/XLXI_7/XLXN_35" is unused and has been removed.
 Unused block "XLXI_13/XLXI_7/XLXI_26" (BUF) removed.
The signal "XLXI_13/XLXI_7/XLXN_36" is unused and has been removed.
 Unused block "XLXI_13/XLXI_7/XLXI_27" (BUF) removed.
The signal "XLXI_14/XLXI_16/XLXN_33" is unused and has been removed.
 Unused block "XLXI_14/XLXI_16/XLXI_25" (BUF) removed.
The signal "XLXI_14/XLXI_16/XLXN_35" is unused and has been removed.
 Unused block "XLXI_14/XLXI_16/XLXI_26" (BUF) removed.
The signal "XLXI_14/XLXI_16/XLXN_36" is unused and has been removed.
 Unused block "XLXI_14/XLXI_16/XLXI_27" (BUF) removed.
The signal "XLXI_14/XLXI_18/XLXN_33" is unused and has been removed.
 Unused block "XLXI_14/XLXI_18/XLXI_25" (BUF) removed.
The signal "XLXI_14/XLXI_18/XLXN_35" is unused and has been removed.
 Unused block "XLXI_14/XLXI_18/XLXI_26" (BUF) removed.
The signal "XLXI_14/XLXI_18/XLXN_36" is unused and has been removed.
 Unused block "XLXI_14/XLXI_18/XLXI_27" (BUF) removed.
The signal "XLXI_14/XLXI_19/XLXN_33" is unused and has been removed.
 Unused block "XLXI_14/XLXI_19/XLXI_25" (BUF) removed.
The signal "XLXI_14/XLXI_19/XLXN_35" is unused and has been removed.
 Unused block "XLXI_14/XLXI_19/XLXI_26" (BUF) removed.
The signal "XLXI_14/XLXI_19/XLXN_36" is unused and has been removed.
 Unused block "XLXI_14/XLXI_19/XLXI_27" (BUF) removed.
The signal "XLXI_14/XLXI_21/XLXN_33" is unused and has been removed.
 Unused block "XLXI_14/XLXI_21/XLXI_25" (BUF) removed.
The signal "XLXI_14/XLXI_21/XLXN_35" is unused and has been removed.
 Unused block "XLXI_14/XLXI_21/XLXI_26" (BUF) removed.
The signal "XLXI_14/XLXI_21/XLXN_36" is unused and has been removed.
 Unused block "XLXI_14/XLXI_21/XLXI_27" (BUF) removed.
The signal "XLXI_14/XLXI_22/XLXN_33" is unused and has been removed.
 Unused block "XLXI_14/XLXI_22/XLXI_25" (BUF) removed.
The signal "XLXI_14/XLXI_22/XLXN_35" is unused and has been removed.
 Unused block "XLXI_14/XLXI_22/XLXI_26" (BUF) removed.
The signal "XLXI_14/XLXI_22/XLXN_36" is unused and has been removed.
 Unused block "XLXI_14/XLXI_22/XLXI_27" (BUF) removed.
The signal "XLXI_14/XLXI_23/XLXN_33" is unused and has been removed.
 Unused block "XLXI_14/XLXI_23/XLXI_25" (BUF) removed.
The signal "XLXI_14/XLXI_23/XLXN_35" is unused and has been removed.
 Unused block "XLXI_14/XLXI_23/XLXI_26" (BUF) removed.
The signal "XLXI_14/XLXI_23/XLXN_36" is unused and has been removed.
 Unused block "XLXI_14/XLXI_23/XLXI_27" (BUF) removed.
The signal "XLXI_14/XLXI_24/XLXN_33" is unused and has been removed.
 Unused block "XLXI_14/XLXI_24/XLXI_25" (BUF) removed.
The signal "XLXI_14/XLXI_24/XLXN_35" is unused and has been removed.
 Unused block "XLXI_14/XLXI_24/XLXI_26" (BUF) removed.
The signal "XLXI_14/XLXI_24/XLXN_36" is unused and has been removed.
 Unused block "XLXI_14/XLXI_24/XLXI_27" (BUF) removed.
The signal "XLXI_14/XLXI_25/XLXN_33" is unused and has been removed.
 Unused block "XLXI_14/XLXI_25/XLXI_25" (BUF) removed.
The signal "XLXI_14/XLXI_25/XLXN_35" is unused and has been removed.
 Unused block "XLXI_14/XLXI_25/XLXI_26" (BUF) removed.
The signal "XLXI_14/XLXI_25/XLXN_36" is unused and has been removed.
 Unused block "XLXI_14/XLXI_25/XLXI_27" (BUF) removed.
The signal "XLXI_14/XLXI_26/XLXN_33" is unused and has been removed.
 Unused block "XLXI_14/XLXI_26/XLXI_25" (BUF) removed.
The signal "XLXI_14/XLXI_26/XLXN_35" is unused and has been removed.
 Unused block "XLXI_14/XLXI_26/XLXI_26" (BUF) removed.
The signal "XLXI_14/XLXI_26/XLXN_36" is unused and has been removed.
 Unused block "XLXI_14/XLXI_26/XLXI_27" (BUF) removed.
The signal "XLXI_14/XLXI_27/XLXN_33" is unused and has been removed.
 Unused block "XLXI_14/XLXI_27/XLXI_25" (BUF) removed.
The signal "XLXI_14/XLXI_27/XLXN_35" is unused and has been removed.
 Unused block "XLXI_14/XLXI_27/XLXI_26" (BUF) removed.
The signal "XLXI_14/XLXI_27/XLXN_36" is unused and has been removed.
 Unused block "XLXI_14/XLXI_27/XLXI_27" (BUF) removed.
The signal "XLXI_14/XLXI_28/XLXN_33" is unused and has been removed.
 Unused block "XLXI_14/XLXI_28/XLXI_25" (BUF) removed.
The signal "XLXI_14/XLXI_28/XLXN_35" is unused and has been removed.
 Unused block "XLXI_14/XLXI_28/XLXI_26" (BUF) removed.
The signal "XLXI_14/XLXI_28/XLXN_36" is unused and has been removed.
 Unused block "XLXI_14/XLXI_28/XLXI_27" (BUF) removed.
The signal "XLXI_14/XLXI_55/XLXN_33" is unused and has been removed.
 Unused block "XLXI_14/XLXI_55/XLXI_25" (BUF) removed.
The signal "XLXI_14/XLXI_55/XLXN_35" is unused and has been removed.
 Unused block "XLXI_14/XLXI_55/XLXI_26" (BUF) removed.
The signal "XLXI_14/XLXI_55/XLXN_36" is unused and has been removed.
 Unused block "XLXI_14/XLXI_55/XLXI_27" (BUF) removed.
The signal "XLXI_14/XLXI_56/XLXN_33" is unused and has been removed.
 Unused block "XLXI_14/XLXI_56/XLXI_25" (BUF) removed.
The signal "XLXI_14/XLXI_56/XLXN_35" is unused and has been removed.
 Unused block "XLXI_14/XLXI_56/XLXI_26" (BUF) removed.
The signal "XLXI_14/XLXI_56/XLXN_36" is unused and has been removed.
 Unused block "XLXI_14/XLXI_56/XLXI_27" (BUF) removed.
The signal "XLXI_14/XLXI_57/XLXN_33" is unused and has been removed.
 Unused block "XLXI_14/XLXI_57/XLXI_25" (BUF) removed.
The signal "XLXI_14/XLXI_57/XLXN_35" is unused and has been removed.
 Unused block "XLXI_14/XLXI_57/XLXI_26" (BUF) removed.
The signal "XLXI_14/XLXI_57/XLXN_36" is unused and has been removed.
 Unused block "XLXI_14/XLXI_57/XLXI_27" (BUF) removed.
The signal "XLXI_14/XLXI_58/XLXN_33" is unused and has been removed.
 Unused block "XLXI_14/XLXI_58/XLXI_25" (BUF) removed.
The signal "XLXI_14/XLXI_58/XLXN_35" is unused and has been removed.
 Unused block "XLXI_14/XLXI_58/XLXI_26" (BUF) removed.
The signal "XLXI_14/XLXI_58/XLXN_36" is unused and has been removed.
 Unused block "XLXI_14/XLXI_58/XLXI_27" (BUF) removed.
The signal "XLXI_14/XLXI_7/XLXN_33" is unused and has been removed.
 Unused block "XLXI_14/XLXI_7/XLXI_25" (BUF) removed.
The signal "XLXI_14/XLXI_7/XLXN_35" is unused and has been removed.
 Unused block "XLXI_14/XLXI_7/XLXI_26" (BUF) removed.
The signal "XLXI_14/XLXI_7/XLXN_36" is unused and has been removed.
 Unused block "XLXI_14/XLXI_7/XLXI_27" (BUF) removed.
The signal "XLXI_18/XLXN_85" is unused and has been removed.
 Unused block "XLXI_18/XLXI_27" (BUF) removed.
The signal "XLXI_18/XLXN_86" is unused and has been removed.
 Unused block "XLXI_18/XLXI_26" (BUF) removed.
The signal "XLXI_18/XLXN_87" is unused and has been removed.
 Unused block "XLXI_18/XLXI_25" (BUF) removed.
The signal "XLXN_65" is unused and has been removed.
The signal "XLXN_67" is unused and has been removed.
The signal "XLXN_68" is unused and has been removed.
The signal "XLXN_69" is unused and has been removed.
The signal "XLXN_70" is unused and has been removed.
The signal "XLXN_71" is unused and has been removed.
The signal "XLXN_86" is unused and has been removed.
The signal "XLXN_87" is unused and has been removed.
The signal "clk" is unused and has been removed.
 Unused block "clk" (PAD) removed.
Unused block "XLXI_13/XLXI_16/XLXI_24/XST_GND" (ZERO) removed.
Unused block "XLXI_13/XLXI_18/XLXI_24/XST_GND" (ZERO) removed.
Unused block "XLXI_13/XLXI_19/XLXI_24/XST_GND" (ZERO) removed.
Unused block "XLXI_13/XLXI_21/XLXI_24/XST_GND" (ZERO) removed.
Unused block "XLXI_13/XLXI_22/XLXI_24/XST_GND" (ZERO) removed.
Unused block "XLXI_13/XLXI_23/XLXI_24/XST_GND" (ZERO) removed.
Unused block "XLXI_13/XLXI_24/XLXI_24/XST_GND" (ZERO) removed.
Unused block "XLXI_13/XLXI_25/XLXI_24/XST_GND" (ZERO) removed.
Unused block "XLXI_13/XLXI_26/XLXI_24/XST_GND" (ZERO) removed.
Unused block "XLXI_13/XLXI_27/XLXI_24/XST_GND" (ZERO) removed.
Unused block "XLXI_13/XLXI_28/XLXI_24/XST_GND" (ZERO) removed.
Unused block "XLXI_13/XLXI_55/XLXI_24/XST_GND" (ZERO) removed.
Unused block "XLXI_13/XLXI_56/XLXI_24/XST_GND" (ZERO) removed.
Unused block "XLXI_13/XLXI_57/XLXI_24/XST_GND" (ZERO) removed.
Unused block "XLXI_13/XLXI_58/XLXI_24/XST_GND" (ZERO) removed.
Unused block "XLXI_13/XLXI_7/XLXI_24/XST_GND" (ZERO) removed.
Unused block "XLXI_14/XLXI_16/XLXI_24/XST_GND" (ZERO) removed.
Unused block "XLXI_14/XLXI_18/XLXI_24/XST_GND" (ZERO) removed.
Unused block "XLXI_14/XLXI_19/XLXI_24/XST_GND" (ZERO) removed.
Unused block "XLXI_14/XLXI_21/XLXI_24/XST_GND" (ZERO) removed.
Unused block "XLXI_14/XLXI_22/XLXI_24/XST_GND" (ZERO) removed.
Unused block "XLXI_14/XLXI_23/XLXI_24/XST_GND" (ZERO) removed.
Unused block "XLXI_14/XLXI_24/XLXI_24/XST_GND" (ZERO) removed.
Unused block "XLXI_14/XLXI_25/XLXI_24/XST_GND" (ZERO) removed.
Unused block "XLXI_14/XLXI_26/XLXI_24/XST_GND" (ZERO) removed.
Unused block "XLXI_14/XLXI_27/XLXI_24/XST_GND" (ZERO) removed.
Unused block "XLXI_14/XLXI_28/XLXI_24/XST_GND" (ZERO) removed.
Unused block "XLXI_14/XLXI_55/XLXI_24/XST_GND" (ZERO) removed.
Unused block "XLXI_14/XLXI_56/XLXI_24/XST_GND" (ZERO) removed.
Unused block "XLXI_14/XLXI_57/XLXI_24/XST_GND" (ZERO) removed.
Unused block "XLXI_14/XLXI_58/XLXI_24/XST_GND" (ZERO) removed.
Unused block "XLXI_14/XLXI_7/XLXI_24/XST_GND" (ZERO) removed.
Unused block "clk_BUFGP/IBUFG" (CKBUF) removed.

Optimized Block(s):
TYPE 		BLOCK
FDE 		XLXI_10/XLXI_10
   optimized to 0
FDE 		XLXI_10/XLXI_11
   optimized to 0
FDE 		XLXI_10/XLXI_12
   optimized to 0
FDE 		XLXI_10/XLXI_13
   optimized to 0
FDE 		XLXI_10/XLXI_14
   optimized to 0
FDE 		XLXI_10/XLXI_15
   optimized to 0
FDE 		XLXI_10/XLXI_16
   optimized to 0
FDE 		XLXI_10/XLXI_17
   optimized to 0
FDE 		XLXI_10/XLXI_18
   optimized to 0
FDE 		XLXI_10/XLXI_19
   optimized to 0
FDE 		XLXI_10/XLXI_20
   optimized to 0
FDE 		XLXI_10/XLXI_21
   optimized to 0
FDE 		XLXI_10/XLXI_6
   optimized to 0
FDE 		XLXI_10/XLXI_7
   optimized to 0
FDE 		XLXI_10/XLXI_8
   optimized to 0
FDE 		XLXI_10/XLXI_9
   optimized to 0
FDE 		XLXI_11/XLXI_10
   optimized to 0
FDE 		XLXI_11/XLXI_11
   optimized to 0
FDE 		XLXI_11/XLXI_12
   optimized to 0
FDE 		XLXI_11/XLXI_13
   optimized to 0
FDE 		XLXI_11/XLXI_14
   optimized to 0
FDE 		XLXI_11/XLXI_15
   optimized to 0
FDE 		XLXI_11/XLXI_16
   optimized to 0
FDE 		XLXI_11/XLXI_17
   optimized to 0
FDE 		XLXI_11/XLXI_18
   optimized to 0
FDE 		XLXI_11/XLXI_19
   optimized to 0
FDE 		XLXI_11/XLXI_20
   optimized to 0
FDE 		XLXI_11/XLXI_21
   optimized to 0
FDE 		XLXI_11/XLXI_6
   optimized to 0
FDE 		XLXI_11/XLXI_7
   optimized to 0
FDE 		XLXI_11/XLXI_8
   optimized to 0
FDE 		XLXI_11/XLXI_9
   optimized to 0
AND4 		XLXI_13/XLXI_16/XLXI_1
AND4 		XLXI_13/XLXI_16/XLXI_2
OR4 		XLXI_13/XLXI_16/XLXI_24/I_36_112
OR2 		XLXI_13/XLXI_16/XLXI_24/I_36_94
OR4 		XLXI_13/XLXI_16/XLXI_24/I_36_95
AND4 		XLXI_13/XLXI_16/XLXI_3
AND4 		XLXI_13/XLXI_16/XLXI_4
AND4 		XLXI_13/XLXI_16/XLXI_5
AND4 		XLXI_13/XLXI_16/XLXI_6
AND4 		XLXI_13/XLXI_16/XLXI_7
AND4 		XLXI_13/XLXI_16/XLXI_8
AND4 		XLXI_13/XLXI_18/XLXI_1
AND4 		XLXI_13/XLXI_18/XLXI_2
OR4 		XLXI_13/XLXI_18/XLXI_24/I_36_112
OR2 		XLXI_13/XLXI_18/XLXI_24/I_36_94
OR4 		XLXI_13/XLXI_18/XLXI_24/I_36_95
AND4 		XLXI_13/XLXI_18/XLXI_3
AND4 		XLXI_13/XLXI_18/XLXI_4
AND4 		XLXI_13/XLXI_18/XLXI_5
AND4 		XLXI_13/XLXI_18/XLXI_6
AND4 		XLXI_13/XLXI_18/XLXI_7
AND4 		XLXI_13/XLXI_18/XLXI_8
AND4 		XLXI_13/XLXI_19/XLXI_1
AND4 		XLXI_13/XLXI_19/XLXI_2
OR4 		XLXI_13/XLXI_19/XLXI_24/I_36_112
OR2 		XLXI_13/XLXI_19/XLXI_24/I_36_94
OR4 		XLXI_13/XLXI_19/XLXI_24/I_36_95
AND4 		XLXI_13/XLXI_19/XLXI_3
AND4 		XLXI_13/XLXI_19/XLXI_4
AND4 		XLXI_13/XLXI_19/XLXI_5
AND4 		XLXI_13/XLXI_19/XLXI_6
AND4 		XLXI_13/XLXI_19/XLXI_7
AND4 		XLXI_13/XLXI_19/XLXI_8
AND4 		XLXI_13/XLXI_21/XLXI_1
AND4 		XLXI_13/XLXI_21/XLXI_2
OR4 		XLXI_13/XLXI_21/XLXI_24/I_36_112
OR2 		XLXI_13/XLXI_21/XLXI_24/I_36_94
OR4 		XLXI_13/XLXI_21/XLXI_24/I_36_95
AND4 		XLXI_13/XLXI_21/XLXI_3
AND4 		XLXI_13/XLXI_21/XLXI_4
AND4 		XLXI_13/XLXI_21/XLXI_5
AND4 		XLXI_13/XLXI_21/XLXI_6
AND4 		XLXI_13/XLXI_21/XLXI_7
AND4 		XLXI_13/XLXI_21/XLXI_8
AND4 		XLXI_13/XLXI_22/XLXI_1
AND4 		XLXI_13/XLXI_22/XLXI_2
OR4 		XLXI_13/XLXI_22/XLXI_24/I_36_112
OR2 		XLXI_13/XLXI_22/XLXI_24/I_36_94
OR4 		XLXI_13/XLXI_22/XLXI_24/I_36_95
AND4 		XLXI_13/XLXI_22/XLXI_3
AND4 		XLXI_13/XLXI_22/XLXI_4
AND4 		XLXI_13/XLXI_22/XLXI_5
AND4 		XLXI_13/XLXI_22/XLXI_6
AND4 		XLXI_13/XLXI_22/XLXI_7
AND4 		XLXI_13/XLXI_22/XLXI_8
AND4 		XLXI_13/XLXI_23/XLXI_1
AND4 		XLXI_13/XLXI_23/XLXI_2
OR4 		XLXI_13/XLXI_23/XLXI_24/I_36_112
OR2 		XLXI_13/XLXI_23/XLXI_24/I_36_94
OR4 		XLXI_13/XLXI_23/XLXI_24/I_36_95
AND4 		XLXI_13/XLXI_23/XLXI_3
AND4 		XLXI_13/XLXI_23/XLXI_4
AND4 		XLXI_13/XLXI_23/XLXI_5
AND4 		XLXI_13/XLXI_23/XLXI_6
AND4 		XLXI_13/XLXI_23/XLXI_7
AND4 		XLXI_13/XLXI_23/XLXI_8
AND4 		XLXI_13/XLXI_24/XLXI_1
AND4 		XLXI_13/XLXI_24/XLXI_2
OR4 		XLXI_13/XLXI_24/XLXI_24/I_36_112
OR2 		XLXI_13/XLXI_24/XLXI_24/I_36_94
OR4 		XLXI_13/XLXI_24/XLXI_24/I_36_95
AND4 		XLXI_13/XLXI_24/XLXI_3
AND4 		XLXI_13/XLXI_24/XLXI_4
AND4 		XLXI_13/XLXI_24/XLXI_5
AND4 		XLXI_13/XLXI_24/XLXI_6
AND4 		XLXI_13/XLXI_24/XLXI_7
AND4 		XLXI_13/XLXI_24/XLXI_8
AND4 		XLXI_13/XLXI_25/XLXI_1
AND4 		XLXI_13/XLXI_25/XLXI_2
OR4 		XLXI_13/XLXI_25/XLXI_24/I_36_112
OR2 		XLXI_13/XLXI_25/XLXI_24/I_36_94
OR4 		XLXI_13/XLXI_25/XLXI_24/I_36_95
AND4 		XLXI_13/XLXI_25/XLXI_3
AND4 		XLXI_13/XLXI_25/XLXI_4
AND4 		XLXI_13/XLXI_25/XLXI_5
AND4 		XLXI_13/XLXI_25/XLXI_6
AND4 		XLXI_13/XLXI_25/XLXI_7
AND4 		XLXI_13/XLXI_25/XLXI_8
AND4 		XLXI_13/XLXI_26/XLXI_1
AND4 		XLXI_13/XLXI_26/XLXI_2
OR4 		XLXI_13/XLXI_26/XLXI_24/I_36_112
OR2 		XLXI_13/XLXI_26/XLXI_24/I_36_94
OR4 		XLXI_13/XLXI_26/XLXI_24/I_36_95
AND4 		XLXI_13/XLXI_26/XLXI_3
AND4 		XLXI_13/XLXI_26/XLXI_4
AND4 		XLXI_13/XLXI_26/XLXI_5
AND4 		XLXI_13/XLXI_26/XLXI_6
AND4 		XLXI_13/XLXI_26/XLXI_7
AND4 		XLXI_13/XLXI_26/XLXI_8
AND4 		XLXI_13/XLXI_27/XLXI_1
AND4 		XLXI_13/XLXI_27/XLXI_2
OR4 		XLXI_13/XLXI_27/XLXI_24/I_36_112
OR2 		XLXI_13/XLXI_27/XLXI_24/I_36_94
OR4 		XLXI_13/XLXI_27/XLXI_24/I_36_95
AND4 		XLXI_13/XLXI_27/XLXI_3
AND4 		XLXI_13/XLXI_27/XLXI_4
AND4 		XLXI_13/XLXI_27/XLXI_5
AND4 		XLXI_13/XLXI_27/XLXI_6
AND4 		XLXI_13/XLXI_27/XLXI_7
AND4 		XLXI_13/XLXI_27/XLXI_8
AND4 		XLXI_13/XLXI_28/XLXI_1
AND4 		XLXI_13/XLXI_28/XLXI_2
OR4 		XLXI_13/XLXI_28/XLXI_24/I_36_112
OR2 		XLXI_13/XLXI_28/XLXI_24/I_36_94
OR4 		XLXI_13/XLXI_28/XLXI_24/I_36_95
AND4 		XLXI_13/XLXI_28/XLXI_3
AND4 		XLXI_13/XLXI_28/XLXI_4
AND4 		XLXI_13/XLXI_28/XLXI_5
AND4 		XLXI_13/XLXI_28/XLXI_6
AND4 		XLXI_13/XLXI_28/XLXI_7
AND4 		XLXI_13/XLXI_28/XLXI_8
AND4 		XLXI_13/XLXI_55/XLXI_1
AND4 		XLXI_13/XLXI_55/XLXI_2
OR4 		XLXI_13/XLXI_55/XLXI_24/I_36_112
OR2 		XLXI_13/XLXI_55/XLXI_24/I_36_94
OR4 		XLXI_13/XLXI_55/XLXI_24/I_36_95
AND4 		XLXI_13/XLXI_55/XLXI_3
AND4 		XLXI_13/XLXI_55/XLXI_4
AND4 		XLXI_13/XLXI_55/XLXI_5
AND4 		XLXI_13/XLXI_55/XLXI_6
AND4 		XLXI_13/XLXI_55/XLXI_7
AND4 		XLXI_13/XLXI_55/XLXI_8
AND4 		XLXI_13/XLXI_56/XLXI_1
AND4 		XLXI_13/XLXI_56/XLXI_2
OR4 		XLXI_13/XLXI_56/XLXI_24/I_36_112
OR2 		XLXI_13/XLXI_56/XLXI_24/I_36_94
OR4 		XLXI_13/XLXI_56/XLXI_24/I_36_95
AND4 		XLXI_13/XLXI_56/XLXI_3
AND4 		XLXI_13/XLXI_56/XLXI_4
AND4 		XLXI_13/XLXI_56/XLXI_5
AND4 		XLXI_13/XLXI_56/XLXI_6
AND4 		XLXI_13/XLXI_56/XLXI_7
AND4 		XLXI_13/XLXI_56/XLXI_8
AND4 		XLXI_13/XLXI_57/XLXI_1
AND4 		XLXI_13/XLXI_57/XLXI_2
OR4 		XLXI_13/XLXI_57/XLXI_24/I_36_112
OR2 		XLXI_13/XLXI_57/XLXI_24/I_36_94
OR4 		XLXI_13/XLXI_57/XLXI_24/I_36_95
AND4 		XLXI_13/XLXI_57/XLXI_3
AND4 		XLXI_13/XLXI_57/XLXI_4
AND4 		XLXI_13/XLXI_57/XLXI_5
AND4 		XLXI_13/XLXI_57/XLXI_6
AND4 		XLXI_13/XLXI_57/XLXI_7
AND4 		XLXI_13/XLXI_57/XLXI_8
AND4 		XLXI_13/XLXI_58/XLXI_1
AND4 		XLXI_13/XLXI_58/XLXI_2
OR4 		XLXI_13/XLXI_58/XLXI_24/I_36_112
OR2 		XLXI_13/XLXI_58/XLXI_24/I_36_94
OR4 		XLXI_13/XLXI_58/XLXI_24/I_36_95
AND4 		XLXI_13/XLXI_58/XLXI_3
AND4 		XLXI_13/XLXI_58/XLXI_4
AND4 		XLXI_13/XLXI_58/XLXI_5
AND4 		XLXI_13/XLXI_58/XLXI_6
AND4 		XLXI_13/XLXI_58/XLXI_7
AND4 		XLXI_13/XLXI_58/XLXI_8
AND4 		XLXI_13/XLXI_7/XLXI_1
AND4 		XLXI_13/XLXI_7/XLXI_2
OR4 		XLXI_13/XLXI_7/XLXI_24/I_36_112
OR2 		XLXI_13/XLXI_7/XLXI_24/I_36_94
OR4 		XLXI_13/XLXI_7/XLXI_24/I_36_95
AND4 		XLXI_13/XLXI_7/XLXI_3
AND4 		XLXI_13/XLXI_7/XLXI_4
AND4 		XLXI_13/XLXI_7/XLXI_5
AND4 		XLXI_13/XLXI_7/XLXI_6
AND4 		XLXI_13/XLXI_7/XLXI_7
AND4 		XLXI_13/XLXI_7/XLXI_8
AND4 		XLXI_14/XLXI_16/XLXI_1
AND4 		XLXI_14/XLXI_16/XLXI_2
OR4 		XLXI_14/XLXI_16/XLXI_24/I_36_112
OR2 		XLXI_14/XLXI_16/XLXI_24/I_36_94
OR4 		XLXI_14/XLXI_16/XLXI_24/I_36_95
AND4 		XLXI_14/XLXI_16/XLXI_3
AND4 		XLXI_14/XLXI_16/XLXI_4
AND4 		XLXI_14/XLXI_16/XLXI_5
AND4 		XLXI_14/XLXI_16/XLXI_6
AND4 		XLXI_14/XLXI_16/XLXI_7
AND4 		XLXI_14/XLXI_16/XLXI_8
AND4 		XLXI_14/XLXI_18/XLXI_1
AND4 		XLXI_14/XLXI_18/XLXI_2
OR4 		XLXI_14/XLXI_18/XLXI_24/I_36_112
OR2 		XLXI_14/XLXI_18/XLXI_24/I_36_94
OR4 		XLXI_14/XLXI_18/XLXI_24/I_36_95
AND4 		XLXI_14/XLXI_18/XLXI_3
AND4 		XLXI_14/XLXI_18/XLXI_4
AND4 		XLXI_14/XLXI_18/XLXI_5
AND4 		XLXI_14/XLXI_18/XLXI_6
AND4 		XLXI_14/XLXI_18/XLXI_7
AND4 		XLXI_14/XLXI_18/XLXI_8
AND4 		XLXI_14/XLXI_19/XLXI_1
AND4 		XLXI_14/XLXI_19/XLXI_2
OR4 		XLXI_14/XLXI_19/XLXI_24/I_36_112
OR2 		XLXI_14/XLXI_19/XLXI_24/I_36_94
OR4 		XLXI_14/XLXI_19/XLXI_24/I_36_95
AND4 		XLXI_14/XLXI_19/XLXI_3
AND4 		XLXI_14/XLXI_19/XLXI_4
AND4 		XLXI_14/XLXI_19/XLXI_5
AND4 		XLXI_14/XLXI_19/XLXI_6
AND4 		XLXI_14/XLXI_19/XLXI_7
AND4 		XLXI_14/XLXI_19/XLXI_8
AND4 		XLXI_14/XLXI_21/XLXI_1
AND4 		XLXI_14/XLXI_21/XLXI_2
OR4 		XLXI_14/XLXI_21/XLXI_24/I_36_112
OR2 		XLXI_14/XLXI_21/XLXI_24/I_36_94
OR4 		XLXI_14/XLXI_21/XLXI_24/I_36_95
AND4 		XLXI_14/XLXI_21/XLXI_3
AND4 		XLXI_14/XLXI_21/XLXI_4
AND4 		XLXI_14/XLXI_21/XLXI_5
AND4 		XLXI_14/XLXI_21/XLXI_6
AND4 		XLXI_14/XLXI_21/XLXI_7
AND4 		XLXI_14/XLXI_21/XLXI_8
AND4 		XLXI_14/XLXI_22/XLXI_1
AND4 		XLXI_14/XLXI_22/XLXI_2
OR4 		XLXI_14/XLXI_22/XLXI_24/I_36_112
OR2 		XLXI_14/XLXI_22/XLXI_24/I_36_94
OR4 		XLXI_14/XLXI_22/XLXI_24/I_36_95
AND4 		XLXI_14/XLXI_22/XLXI_3
AND4 		XLXI_14/XLXI_22/XLXI_4
AND4 		XLXI_14/XLXI_22/XLXI_5
AND4 		XLXI_14/XLXI_22/XLXI_6
AND4 		XLXI_14/XLXI_22/XLXI_7
AND4 		XLXI_14/XLXI_22/XLXI_8
AND4 		XLXI_14/XLXI_23/XLXI_1
AND4 		XLXI_14/XLXI_23/XLXI_2
OR4 		XLXI_14/XLXI_23/XLXI_24/I_36_112
OR2 		XLXI_14/XLXI_23/XLXI_24/I_36_94
OR4 		XLXI_14/XLXI_23/XLXI_24/I_36_95
AND4 		XLXI_14/XLXI_23/XLXI_3
AND4 		XLXI_14/XLXI_23/XLXI_4
AND4 		XLXI_14/XLXI_23/XLXI_5
AND4 		XLXI_14/XLXI_23/XLXI_6
AND4 		XLXI_14/XLXI_23/XLXI_7
AND4 		XLXI_14/XLXI_23/XLXI_8
AND4 		XLXI_14/XLXI_24/XLXI_1
AND4 		XLXI_14/XLXI_24/XLXI_2
OR4 		XLXI_14/XLXI_24/XLXI_24/I_36_112
OR2 		XLXI_14/XLXI_24/XLXI_24/I_36_94
OR4 		XLXI_14/XLXI_24/XLXI_24/I_36_95
AND4 		XLXI_14/XLXI_24/XLXI_3
AND4 		XLXI_14/XLXI_24/XLXI_4
AND4 		XLXI_14/XLXI_24/XLXI_5
AND4 		XLXI_14/XLXI_24/XLXI_6
AND4 		XLXI_14/XLXI_24/XLXI_7
AND4 		XLXI_14/XLXI_24/XLXI_8
AND4 		XLXI_14/XLXI_25/XLXI_1
AND4 		XLXI_14/XLXI_25/XLXI_2
OR4 		XLXI_14/XLXI_25/XLXI_24/I_36_112
OR2 		XLXI_14/XLXI_25/XLXI_24/I_36_94
OR4 		XLXI_14/XLXI_25/XLXI_24/I_36_95
AND4 		XLXI_14/XLXI_25/XLXI_3
AND4 		XLXI_14/XLXI_25/XLXI_4
AND4 		XLXI_14/XLXI_25/XLXI_5
AND4 		XLXI_14/XLXI_25/XLXI_6
AND4 		XLXI_14/XLXI_25/XLXI_7
AND4 		XLXI_14/XLXI_25/XLXI_8
AND4 		XLXI_14/XLXI_26/XLXI_1
AND4 		XLXI_14/XLXI_26/XLXI_2
OR4 		XLXI_14/XLXI_26/XLXI_24/I_36_112
OR2 		XLXI_14/XLXI_26/XLXI_24/I_36_94
OR4 		XLXI_14/XLXI_26/XLXI_24/I_36_95
AND4 		XLXI_14/XLXI_26/XLXI_3
AND4 		XLXI_14/XLXI_26/XLXI_4
AND4 		XLXI_14/XLXI_26/XLXI_5
AND4 		XLXI_14/XLXI_26/XLXI_6
AND4 		XLXI_14/XLXI_26/XLXI_7
AND4 		XLXI_14/XLXI_26/XLXI_8
AND4 		XLXI_14/XLXI_27/XLXI_1
AND4 		XLXI_14/XLXI_27/XLXI_2
OR4 		XLXI_14/XLXI_27/XLXI_24/I_36_112
OR2 		XLXI_14/XLXI_27/XLXI_24/I_36_94
OR4 		XLXI_14/XLXI_27/XLXI_24/I_36_95
AND4 		XLXI_14/XLXI_27/XLXI_3
AND4 		XLXI_14/XLXI_27/XLXI_4
AND4 		XLXI_14/XLXI_27/XLXI_5
AND4 		XLXI_14/XLXI_27/XLXI_6
AND4 		XLXI_14/XLXI_27/XLXI_7
AND4 		XLXI_14/XLXI_27/XLXI_8
AND4 		XLXI_14/XLXI_28/XLXI_1
AND4 		XLXI_14/XLXI_28/XLXI_2
OR4 		XLXI_14/XLXI_28/XLXI_24/I_36_112
OR2 		XLXI_14/XLXI_28/XLXI_24/I_36_94
OR4 		XLXI_14/XLXI_28/XLXI_24/I_36_95
AND4 		XLXI_14/XLXI_28/XLXI_3
AND4 		XLXI_14/XLXI_28/XLXI_4
AND4 		XLXI_14/XLXI_28/XLXI_5
AND4 		XLXI_14/XLXI_28/XLXI_6
AND4 		XLXI_14/XLXI_28/XLXI_7
AND4 		XLXI_14/XLXI_28/XLXI_8
AND4 		XLXI_14/XLXI_55/XLXI_1
AND4 		XLXI_14/XLXI_55/XLXI_2
OR4 		XLXI_14/XLXI_55/XLXI_24/I_36_112
OR2 		XLXI_14/XLXI_55/XLXI_24/I_36_94
OR4 		XLXI_14/XLXI_55/XLXI_24/I_36_95
AND4 		XLXI_14/XLXI_55/XLXI_3
AND4 		XLXI_14/XLXI_55/XLXI_4
AND4 		XLXI_14/XLXI_55/XLXI_5
AND4 		XLXI_14/XLXI_55/XLXI_6
AND4 		XLXI_14/XLXI_55/XLXI_7
AND4 		XLXI_14/XLXI_55/XLXI_8
AND4 		XLXI_14/XLXI_56/XLXI_1
AND4 		XLXI_14/XLXI_56/XLXI_2
OR4 		XLXI_14/XLXI_56/XLXI_24/I_36_112
OR2 		XLXI_14/XLXI_56/XLXI_24/I_36_94
OR4 		XLXI_14/XLXI_56/XLXI_24/I_36_95
AND4 		XLXI_14/XLXI_56/XLXI_3
AND4 		XLXI_14/XLXI_56/XLXI_4
AND4 		XLXI_14/XLXI_56/XLXI_5
AND4 		XLXI_14/XLXI_56/XLXI_6
AND4 		XLXI_14/XLXI_56/XLXI_7
AND4 		XLXI_14/XLXI_56/XLXI_8
AND4 		XLXI_14/XLXI_57/XLXI_1
AND4 		XLXI_14/XLXI_57/XLXI_2
OR4 		XLXI_14/XLXI_57/XLXI_24/I_36_112
OR2 		XLXI_14/XLXI_57/XLXI_24/I_36_94
OR4 		XLXI_14/XLXI_57/XLXI_24/I_36_95
AND4 		XLXI_14/XLXI_57/XLXI_3
AND4 		XLXI_14/XLXI_57/XLXI_4
AND4 		XLXI_14/XLXI_57/XLXI_5
AND4 		XLXI_14/XLXI_57/XLXI_6
AND4 		XLXI_14/XLXI_57/XLXI_7
AND4 		XLXI_14/XLXI_57/XLXI_8
AND4 		XLXI_14/XLXI_58/XLXI_1
AND4 		XLXI_14/XLXI_58/XLXI_2
OR4 		XLXI_14/XLXI_58/XLXI_24/I_36_112
OR2 		XLXI_14/XLXI_58/XLXI_24/I_36_94
OR4 		XLXI_14/XLXI_58/XLXI_24/I_36_95
AND4 		XLXI_14/XLXI_58/XLXI_3
AND4 		XLXI_14/XLXI_58/XLXI_4
AND4 		XLXI_14/XLXI_58/XLXI_5
AND4 		XLXI_14/XLXI_58/XLXI_6
AND4 		XLXI_14/XLXI_58/XLXI_7
AND4 		XLXI_14/XLXI_58/XLXI_8
AND4 		XLXI_14/XLXI_7/XLXI_1
AND4 		XLXI_14/XLXI_7/XLXI_2
OR4 		XLXI_14/XLXI_7/XLXI_24/I_36_112
OR2 		XLXI_14/XLXI_7/XLXI_24/I_36_94
OR4 		XLXI_14/XLXI_7/XLXI_24/I_36_95
AND4 		XLXI_14/XLXI_7/XLXI_3
AND4 		XLXI_14/XLXI_7/XLXI_4
AND4 		XLXI_14/XLXI_7/XLXI_5
AND4 		XLXI_14/XLXI_7/XLXI_6
AND4 		XLXI_14/XLXI_7/XLXI_7
AND4 		XLXI_14/XLXI_7/XLXI_8
AND4 		XLXI_18/XLXI_14
AND4 		XLXI_18/XLXI_15
AND4 		XLXI_18/XLXI_16
AND4 		XLXI_18/XLXI_17
AND4 		XLXI_18/XLXI_18
AND4 		XLXI_18/XLXI_19
AND4 		XLXI_18/XLXI_20
AND4 		XLXI_18/XLXI_21
FDE 		XLXI_4/XLXI_10
   optimized to 0
FDE 		XLXI_4/XLXI_11
   optimized to 0
FDE 		XLXI_4/XLXI_12
   optimized to 0
FDE 		XLXI_4/XLXI_13
   optimized to 0
FDE 		XLXI_4/XLXI_14
   optimized to 0
FDE 		XLXI_4/XLXI_15
   optimized to 0
FDE 		XLXI_4/XLXI_16
   optimized to 0
FDE 		XLXI_4/XLXI_17
   optimized to 0
FDE 		XLXI_4/XLXI_18
   optimized to 0
FDE 		XLXI_4/XLXI_19
   optimized to 0
FDE 		XLXI_4/XLXI_20
   optimized to 0
FDE 		XLXI_4/XLXI_21
   optimized to 0
FDE 		XLXI_4/XLXI_6
   optimized to 0
FDE 		XLXI_4/XLXI_7
   optimized to 0
FDE 		XLXI_4/XLXI_8
   optimized to 0
FDE 		XLXI_4/XLXI_9
   optimized to 0
FDE 		XLXI_5/XLXI_10
   optimized to 0
FDE 		XLXI_5/XLXI_11
   optimized to 0
FDE 		XLXI_5/XLXI_12
   optimized to 0
FDE 		XLXI_5/XLXI_13
   optimized to 0
FDE 		XLXI_5/XLXI_14
   optimized to 0
FDE 		XLXI_5/XLXI_15
   optimized to 0
FDE 		XLXI_5/XLXI_16
   optimized to 0
FDE 		XLXI_5/XLXI_17
   optimized to 0
FDE 		XLXI_5/XLXI_18
   optimized to 0
FDE 		XLXI_5/XLXI_19
   optimized to 0
FDE 		XLXI_5/XLXI_20
   optimized to 0
FDE 		XLXI_5/XLXI_21
   optimized to 0
FDE 		XLXI_5/XLXI_6
   optimized to 0
FDE 		XLXI_5/XLXI_7
   optimized to 0
FDE 		XLXI_5/XLXI_8
   optimized to 0
FDE 		XLXI_5/XLXI_9
   optimized to 0
FDE 		XLXI_6/XLXI_10
   optimized to 0
FDE 		XLXI_6/XLXI_11
   optimized to 0
FDE 		XLXI_6/XLXI_12
   optimized to 0
FDE 		XLXI_6/XLXI_13
   optimized to 0
FDE 		XLXI_6/XLXI_14
   optimized to 0
FDE 		XLXI_6/XLXI_15
   optimized to 0
FDE 		XLXI_6/XLXI_16
   optimized to 0
FDE 		XLXI_6/XLXI_17
   optimized to 0
FDE 		XLXI_6/XLXI_18
   optimized to 0
FDE 		XLXI_6/XLXI_19
   optimized to 0
FDE 		XLXI_6/XLXI_20
   optimized to 0
FDE 		XLXI_6/XLXI_21
   optimized to 0
FDE 		XLXI_6/XLXI_6
   optimized to 0
FDE 		XLXI_6/XLXI_7
   optimized to 0
FDE 		XLXI_6/XLXI_8
   optimized to 0
FDE 		XLXI_6/XLXI_9
   optimized to 0
FDE 		XLXI_7/XLXI_10
   optimized to 0
FDE 		XLXI_7/XLXI_11
   optimized to 0
FDE 		XLXI_7/XLXI_12
   optimized to 0
FDE 		XLXI_7/XLXI_13
   optimized to 0
FDE 		XLXI_7/XLXI_14
   optimized to 0
FDE 		XLXI_7/XLXI_15
   optimized to 0
FDE 		XLXI_7/XLXI_16
   optimized to 0
FDE 		XLXI_7/XLXI_17
   optimized to 0
FDE 		XLXI_7/XLXI_18
   optimized to 0
FDE 		XLXI_7/XLXI_19
   optimized to 0
FDE 		XLXI_7/XLXI_20
   optimized to 0
FDE 		XLXI_7/XLXI_21
   optimized to 0
FDE 		XLXI_7/XLXI_6
   optimized to 0
FDE 		XLXI_7/XLXI_7
   optimized to 0
FDE 		XLXI_7/XLXI_8
   optimized to 0
FDE 		XLXI_7/XLXI_9
   optimized to 0
FDE 		XLXI_8/XLXI_10
   optimized to 0
FDE 		XLXI_8/XLXI_11
   optimized to 0
FDE 		XLXI_8/XLXI_12
   optimized to 0
FDE 		XLXI_8/XLXI_13
   optimized to 0
FDE 		XLXI_8/XLXI_14
   optimized to 0
FDE 		XLXI_8/XLXI_15
   optimized to 0
FDE 		XLXI_8/XLXI_16
   optimized to 0
FDE 		XLXI_8/XLXI_17
   optimized to 0
FDE 		XLXI_8/XLXI_18
   optimized to 0
FDE 		XLXI_8/XLXI_19
   optimized to 0
FDE 		XLXI_8/XLXI_20
   optimized to 0
FDE 		XLXI_8/XLXI_21
   optimized to 0
FDE 		XLXI_8/XLXI_6
   optimized to 0
FDE 		XLXI_8/XLXI_7
   optimized to 0
FDE 		XLXI_8/XLXI_8
   optimized to 0
FDE 		XLXI_8/XLXI_9
   optimized to 0
FDE 		XLXI_9/XLXI_10
   optimized to 0
FDE 		XLXI_9/XLXI_11
   optimized to 0
FDE 		XLXI_9/XLXI_12
   optimized to 0
FDE 		XLXI_9/XLXI_13
   optimized to 0
FDE 		XLXI_9/XLXI_14
   optimized to 0
FDE 		XLXI_9/XLXI_15
   optimized to 0
FDE 		XLXI_9/XLXI_16
   optimized to 0
FDE 		XLXI_9/XLXI_17
   optimized to 0
FDE 		XLXI_9/XLXI_18
   optimized to 0
FDE 		XLXI_9/XLXI_19
   optimized to 0
FDE 		XLXI_9/XLXI_20
   optimized to 0
FDE 		XLXI_9/XLXI_21
   optimized to 0
FDE 		XLXI_9/XLXI_6
   optimized to 0
FDE 		XLXI_9/XLXI_7
   optimized to 0
FDE 		XLXI_9/XLXI_8
   optimized to 0
FDE 		XLXI_9/XLXI_9
   optimized to 0
GND 		XST_GND

Section 6 - IOB Properties
--------------------------

+---------------------------------------------------------------------------------------------------------------------------------------------------------+
| IOB Name                           | Type             | Direction | IO Standard          | Diff  | Drive    | Slew | Reg (s)      | Resistor | IOB      |
|                                    |                  |           |                      | Term  | Strength | Rate |              |          | Delay    |
+---------------------------------------------------------------------------------------------------------------------------------------------------------+
| RA_data<0>                         | IOB              | OUTPUT    | LVCMOS25             |       | 12       | SLOW |              |          | 0 / 0    |
| RA_data<1>                         | IOB              | OUTPUT    | LVCMOS25             |       | 12       | SLOW |              |          | 0 / 0    |
| RA_data<2>                         | IOB              | OUTPUT    | LVCMOS25             |       | 12       | SLOW |              |          | 0 / 0    |
| RA_data<3>                         | IOB              | OUTPUT    | LVCMOS25             |       | 12       | SLOW |              |          | 0 / 0    |
| RA_data<4>                         | IOB              | OUTPUT    | LVCMOS25             |       | 12       | SLOW |              |          | 0 / 0    |
| RA_data<5>                         | IOB              | OUTPUT    | LVCMOS25             |       | 12       | SLOW |              |          | 0 / 0    |
| RA_data<6>                         | IOB              | OUTPUT    | LVCMOS25             |       | 12       | SLOW |              |          | 0 / 0    |
| RA_data<7>                         | IOB              | OUTPUT    | LVCMOS25             |       | 12       | SLOW |              |          | 0 / 0    |
| RA_data<8>                         | IOB              | OUTPUT    | LVCMOS25             |       | 12       | SLOW |              |          | 0 / 0    |
| RA_data<9>                         | IOB              | OUTPUT    | LVCMOS25             |       | 12       | SLOW |              |          | 0 / 0    |
| RA_data<10>                        | IOB              | OUTPUT    | LVCMOS25             |       | 12       | SLOW |              |          | 0 / 0    |
| RA_data<11>                        | IOB              | OUTPUT    | LVCMOS25             |       | 12       | SLOW |              |          | 0 / 0    |
| RA_data<12>                        | IOB              | OUTPUT    | LVCMOS25             |       | 12       | SLOW |              |          | 0 / 0    |
| RA_data<13>                        | IOB              | OUTPUT    | LVCMOS25             |       | 12       | SLOW |              |          | 0 / 0    |
| RA_data<14>                        | IOB              | OUTPUT    | LVCMOS25             |       | 12       | SLOW |              |          | 0 / 0    |
| RA_data<15>                        | IOB              | OUTPUT    | LVCMOS25             |       | 12       | SLOW |              |          | 0 / 0    |
| RB_data<0>                         | IOB              | OUTPUT    | LVCMOS25             |       | 12       | SLOW |              |          | 0 / 0    |
| RB_data<1>                         | IOB              | OUTPUT    | LVCMOS25             |       | 12       | SLOW |              |          | 0 / 0    |
| RB_data<2>                         | IOB              | OUTPUT    | LVCMOS25             |       | 12       | SLOW |              |          | 0 / 0    |
| RB_data<3>                         | IOB              | OUTPUT    | LVCMOS25             |       | 12       | SLOW |              |          | 0 / 0    |
| RB_data<4>                         | IOB              | OUTPUT    | LVCMOS25             |       | 12       | SLOW |              |          | 0 / 0    |
| RB_data<5>                         | IOB              | OUTPUT    | LVCMOS25             |       | 12       | SLOW |              |          | 0 / 0    |
| RB_data<6>                         | IOB              | OUTPUT    | LVCMOS25             |       | 12       | SLOW |              |          | 0 / 0    |
| RB_data<7>                         | IOB              | OUTPUT    | LVCMOS25             |       | 12       | SLOW |              |          | 0 / 0    |
| RB_data<8>                         | IOB              | OUTPUT    | LVCMOS25             |       | 12       | SLOW |              |          | 0 / 0    |
| RB_data<9>                         | IOB              | OUTPUT    | LVCMOS25             |       | 12       | SLOW |              |          | 0 / 0    |
| RB_data<10>                        | IOB              | OUTPUT    | LVCMOS25             |       | 12       | SLOW |              |          | 0 / 0    |
| RB_data<11>                        | IOB              | OUTPUT    | LVCMOS25             |       | 12       | SLOW |              |          | 0 / 0    |
| RB_data<12>                        | IOB              | OUTPUT    | LVCMOS25             |       | 12       | SLOW |              |          | 0 / 0    |
| RB_data<13>                        | IOB              | OUTPUT    | LVCMOS25             |       | 12       | SLOW |              |          | 0 / 0    |
| RB_data<14>                        | IOB              | OUTPUT    | LVCMOS25             |       | 12       | SLOW |              |          | 0 / 0    |
| RB_data<15>                        | IOB              | OUTPUT    | LVCMOS25             |       | 12       | SLOW |              |          | 0 / 0    |
+---------------------------------------------------------------------------------------------------------------------------------------------------------+

Section 7 - RPMs
----------------

Section 8 - Guide Report
------------------------
Guide not run on this design.

Section 9 - Area Group and Partition Summary
--------------------------------------------

Partition Implementation Status
-------------------------------

  No Partitions were found in this design.

-------------------------------

Area Group Information
----------------------

  No area groups were found in this design.

----------------------

Section 10 - Timing Report
--------------------------
This design was not run using timing mode.

Section 11 - Configuration String Details
-----------------------------------------
Use the "-detail" map option to print out Configuration Strings

Section 12 - Control Set Information
------------------------------------
No control set information for this architecture.

Section 13 - Utilization by Hierarchy
-------------------------------------
Use the "-detail" map option to print out the Utilization by Hierarchy section.
