Release 14.7 - xst P.20131013 (lin64)
Copyright (c) 1995-2013 Xilinx, Inc.  All rights reserved.
--> 
Parameter TMPDIR set to xst/projnav.tmp


Total REAL time to Xst completion: 0.00 secs
Total CPU time to Xst completion: 0.00 secs
 
--> 
Parameter xsthdpdir set to xst


Total REAL time to Xst completion: 0.00 secs
Total CPU time to Xst completion: 0.00 secs
 
--> 
Reading design: decoder16bit4to8.prj

TABLE OF CONTENTS
  1) Synthesis Options Summary
  2) HDL Compilation
  3) Design Hierarchy Analysis
  4) HDL Analysis
  5) HDL Synthesis
     5.1) HDL Synthesis Report
  6) Advanced HDL Synthesis
     6.1) Advanced HDL Synthesis Report
  7) Low Level Synthesis
  8) Partition Report
  9) Final Report
	9.1) Device utilization summary
	9.2) Partition Resource Summary
	9.3) TIMING REPORT


=========================================================================
*                      Synthesis Options Summary                        *
=========================================================================
---- Source Parameters
Input File Name                    : "decoder16bit4to8.prj"
Input Format                       : mixed
Ignore Synthesis Constraint File   : NO

---- Target Parameters
Output File Name                   : "decoder16bit4to8"
Output Format                      : NGC
Target Device                      : xc3s100e-4-cp132

---- Source Options
Top Module Name                    : decoder16bit4to8
Automatic FSM Extraction           : YES
FSM Encoding Algorithm             : Auto
Safe Implementation                : No
FSM Style                          : LUT
RAM Extraction                     : Yes
RAM Style                          : Auto
ROM Extraction                     : Yes
Mux Style                          : Auto
Decoder Extraction                 : YES
Priority Encoder Extraction        : Yes
Shift Register Extraction          : YES
Logical Shifter Extraction         : YES
XOR Collapsing                     : YES
ROM Style                          : Auto
Mux Extraction                     : Yes
Resource Sharing                   : YES
Asynchronous To Synchronous        : NO
Multiplier Style                   : Auto
Automatic Register Balancing       : No

---- Target Options
Add IO Buffers                     : YES
Global Maximum Fanout              : 100000
Add Generic Clock Buffer(BUFG)     : 24
Register Duplication               : YES
Slice Packing                      : YES
Optimize Instantiated Primitives   : NO
Use Clock Enable                   : Yes
Use Synchronous Set                : Yes
Use Synchronous Reset              : Yes
Pack IO Registers into IOBs        : Auto
Equivalent register Removal        : YES

---- General Options
Optimization Goal                  : Speed
Optimization Effort                : 1
Keep Hierarchy                     : No
Netlist Hierarchy                  : As_Optimized
RTL Output                         : Yes
Global Optimization                : AllClockNets
Read Cores                         : YES
Write Timing Constraints           : NO
Cross Clock Analysis               : NO
Hierarchy Separator                : /
Bus Delimiter                      : <>
Case Specifier                     : Maintain
Slice Utilization Ratio            : 100
BRAM Utilization Ratio             : 100
Verilog 2001                       : YES
Auto BRAM Packing                  : NO
Slice Utilization Ratio Delta      : 5

=========================================================================


=========================================================================
*                          HDL Compilation                              *
=========================================================================
Compiling vhdl file "/home/ise/NTUST_FPGA/RISCV16bit/decoder16bit4to8.vhf" in Library work.
WARNING:HDLParsers:3530 - Time stamp of file "/home/ise/NTUST_FPGA/RISCV16bit/decoder16bit4to8.vhf" is newer than current system time.
Entity <D2_4E_MXILINX_decoder16bit4to8> compiled.
Entity <D2_4E_MXILINX_decoder16bit4to8> (Architecture <BEHAVIORAL>) compiled.
Entity <decoder4to8_MUSER_decoder16bit4to8> compiled.
Entity <decoder4to8_MUSER_decoder16bit4to8> (Architecture <BEHAVIORAL>) compiled.
Entity <decoder4X4to8_MUSER_decoder16bit4to8> compiled.
Entity <decoder4X4to8_MUSER_decoder16bit4to8> (Architecture <BEHAVIORAL>) compiled.
Entity <decoder16bit4to8> compiled.
Entity <decoder16bit4to8> (Architecture <BEHAVIORAL>) compiled.
Compiling vhdl file "/home/ise/NTUST_FPGA/RISCV16bit/decoder4X4to8.vhf" in Library work.
WARNING:HDLParsers:3530 - Time stamp of file "/home/ise/NTUST_FPGA/RISCV16bit/decoder4X4to8.vhf" is newer than current system time.
Entity <D2_4E_MXILINX_decoder4X4to8> compiled.
Entity <D2_4E_MXILINX_decoder4X4to8> (Architecture <BEHAVIORAL>) compiled.
Entity <decoder4to8_MUSER_decoder4X4to8> compiled.
Entity <decoder4to8_MUSER_decoder4X4to8> (Architecture <BEHAVIORAL>) compiled.
Entity <decoder4X4to8> compiled.
Entity <decoder4X4to8> (Architecture <BEHAVIORAL>) compiled.
Compiling vhdl file "/home/ise/NTUST_FPGA/RISCV16bit/decoder4to8.vhf" in Library work.
WARNING:HDLParsers:3530 - Time stamp of file "/home/ise/NTUST_FPGA/RISCV16bit/decoder4to8.vhf" is newer than current system time.
Entity <D2_4E_MXILINX_decoder4to8> compiled.
Entity <D2_4E_MXILINX_decoder4to8> (Architecture <BEHAVIORAL>) compiled.
Entity <decoder4to8> compiled.
Entity <decoder4to8> (Architecture <BEHAVIORAL>) compiled.

=========================================================================
*                     Design Hierarchy Analysis                         *
=========================================================================
Analyzing hierarchy for entity <decoder16bit4to8> in library <work> (architecture <BEHAVIORAL>).

Analyzing hierarchy for entity <decoder4X4to8_MUSER_decoder16bit4to8> in library <work> (architecture <BEHAVIORAL>).

Analyzing hierarchy for entity <decoder4to8_MUSER_decoder16bit4to8> in library <work> (architecture <BEHAVIORAL>).

Analyzing hierarchy for entity <D2_4E_MXILINX_decoder16bit4to8> in library <work> (architecture <BEHAVIORAL>).


=========================================================================
*                            HDL Analysis                               *
=========================================================================
Analyzing Entity <decoder16bit4to8> in library <work> (Architecture <BEHAVIORAL>).
Entity <decoder16bit4to8> analyzed. Unit <decoder16bit4to8> generated.

Analyzing Entity <decoder4X4to8_MUSER_decoder16bit4to8> in library <work> (Architecture <BEHAVIORAL>).
Entity <decoder4X4to8_MUSER_decoder16bit4to8> analyzed. Unit <decoder4X4to8_MUSER_decoder16bit4to8> generated.

Analyzing Entity <decoder4to8_MUSER_decoder16bit4to8> in library <work> (Architecture <BEHAVIORAL>).
    Set user-defined property "HU_SET =  XLXI_2_2" for instance <XLXI_2> in unit <decoder4to8_MUSER_decoder16bit4to8>.
    Set user-defined property "HU_SET =  XLXI_3_3" for instance <XLXI_3> in unit <decoder4to8_MUSER_decoder16bit4to8>.
Entity <decoder4to8_MUSER_decoder16bit4to8> analyzed. Unit <decoder4to8_MUSER_decoder16bit4to8> generated.

Analyzing Entity <D2_4E_MXILINX_decoder16bit4to8> in library <work> (Architecture <BEHAVIORAL>).
Entity <D2_4E_MXILINX_decoder16bit4to8> analyzed. Unit <D2_4E_MXILINX_decoder16bit4to8> generated.


=========================================================================
*                           HDL Synthesis                               *
=========================================================================

Performing bidirectional port resolution...

Synthesizing Unit <D2_4E_MXILINX_decoder16bit4to8>.
    Related source file is "/home/ise/NTUST_FPGA/RISCV16bit/decoder16bit4to8.vhf".
Unit <D2_4E_MXILINX_decoder16bit4to8> synthesized.


Synthesizing Unit <decoder4to8_MUSER_decoder16bit4to8>.
    Related source file is "/home/ise/NTUST_FPGA/RISCV16bit/decoder16bit4to8.vhf".
Unit <decoder4to8_MUSER_decoder16bit4to8> synthesized.


Synthesizing Unit <decoder4X4to8_MUSER_decoder16bit4to8>.
    Related source file is "/home/ise/NTUST_FPGA/RISCV16bit/decoder16bit4to8.vhf".
Unit <decoder4X4to8_MUSER_decoder16bit4to8> synthesized.


Synthesizing Unit <decoder16bit4to8>.
    Related source file is "/home/ise/NTUST_FPGA/RISCV16bit/decoder16bit4to8.vhf".
WARNING:Xst:653 - Signal <A> is used but never assigned. This sourceless signal will be automatically connected to value 0000000000000000.
Unit <decoder16bit4to8> synthesized.


=========================================================================
HDL Synthesis Report

Found no macro
=========================================================================

=========================================================================
*                       Advanced HDL Synthesis                          *
=========================================================================


=========================================================================
Advanced HDL Synthesis Report

Found no macro
=========================================================================

=========================================================================
*                         Low Level Synthesis                           *
=========================================================================

ERROR:Xst:528 - Multi-source in Unit <decoder16bit4to8> on signal <D7>; this signal is connected to multiple drivers.
Drivers are: 
   Output signal of AND3 instance <XLXI_5/XLXI_4/XLXI_3/I_36_30>
   Output signal of AND3 instance <XLXI_5/XLXI_3/XLXI_3/I_36_30>
   Output signal of AND3 instance <XLXI_5/XLXI_2/XLXI_3/I_36_30>
   Output signal of AND3 instance <XLXI_5/XLXI_1/XLXI_3/I_36_30>
   Output signal of AND3 instance <XLXI_4/XLXI_4/XLXI_3/I_36_30>
   Output signal of AND3 instance <XLXI_4/XLXI_3/XLXI_3/I_36_30>
   Output signal of AND3 instance <XLXI_4/XLXI_2/XLXI_3/I_36_30>
   Output signal of AND3 instance <XLXI_4/XLXI_1/XLXI_3/I_36_30>
   Output signal of AND3 instance <XLXI_2/XLXI_4/XLXI_3/I_36_30>
   Output signal of AND3 instance <XLXI_2/XLXI_3/XLXI_3/I_36_30>
   Output signal of AND3 instance <XLXI_2/XLXI_2/XLXI_3/I_36_30>
   Output signal of AND3 instance <XLXI_2/XLXI_1/XLXI_3/I_36_30>
   Output signal of AND3 instance <XLXI_1/XLXI_4/XLXI_3/I_36_30>
   Output signal of AND3 instance <XLXI_1/XLXI_3/XLXI_3/I_36_30>
   Output signal of AND3 instance <XLXI_1/XLXI_2/XLXI_3/I_36_30>
   Output signal of AND3 instance <XLXI_1/XLXI_1/XLXI_3/I_36_30>

ERROR:Xst:528 - Multi-source in Unit <decoder16bit4to8> on signal <D6>; this signal is connected to multiple drivers.
Drivers are: 
   Output signal of AND3B1 instance <XLXI_5/XLXI_4/XLXI_3/I_36_31>
   Output signal of AND3B1 instance <XLXI_5/XLXI_3/XLXI_3/I_36_31>
   Output signal of AND3B1 instance <XLXI_5/XLXI_2/XLXI_3/I_36_31>
   Output signal of AND3B1 instance <XLXI_5/XLXI_1/XLXI_3/I_36_31>
   Output signal of AND3B1 instance <XLXI_4/XLXI_4/XLXI_3/I_36_31>
   Output signal of AND3B1 instance <XLXI_4/XLXI_3/XLXI_3/I_36_31>
   Output signal of AND3B1 instance <XLXI_4/XLXI_2/XLXI_3/I_36_31>
   Output signal of AND3B1 instance <XLXI_4/XLXI_1/XLXI_3/I_36_31>
   Output signal of AND3B1 instance <XLXI_2/XLXI_4/XLXI_3/I_36_31>
   Output signal of AND3B1 instance <XLXI_2/XLXI_3/XLXI_3/I_36_31>
   Output signal of AND3B1 instance <XLXI_2/XLXI_2/XLXI_3/I_36_31>
   Output signal of AND3B1 instance <XLXI_2/XLXI_1/XLXI_3/I_36_31>
   Output signal of AND3B1 instance <XLXI_1/XLXI_4/XLXI_3/I_36_31>
   Output signal of AND3B1 instance <XLXI_1/XLXI_3/XLXI_3/I_36_31>
   Output signal of AND3B1 instance <XLXI_1/XLXI_2/XLXI_3/I_36_31>
   Output signal of AND3B1 instance <XLXI_1/XLXI_1/XLXI_3/I_36_31>

ERROR:Xst:528 - Multi-source in Unit <decoder16bit4to8> on signal <D5>; this signal is connected to multiple drivers.
Drivers are: 
   Output signal of AND3B1 instance <XLXI_5/XLXI_4/XLXI_3/I_36_32>
   Output signal of AND3B1 instance <XLXI_5/XLXI_3/XLXI_3/I_36_32>
   Output signal of AND3B1 instance <XLXI_5/XLXI_2/XLXI_3/I_36_32>
   Output signal of AND3B1 instance <XLXI_5/XLXI_1/XLXI_3/I_36_32>
   Output signal of AND3B1 instance <XLXI_4/XLXI_4/XLXI_3/I_36_32>
   Output signal of AND3B1 instance <XLXI_4/XLXI_3/XLXI_3/I_36_32>
   Output signal of AND3B1 instance <XLXI_4/XLXI_2/XLXI_3/I_36_32>
   Output signal of AND3B1 instance <XLXI_4/XLXI_1/XLXI_3/I_36_32>
   Output signal of AND3B1 instance <XLXI_2/XLXI_4/XLXI_3/I_36_32>
   Output signal of AND3B1 instance <XLXI_2/XLXI_3/XLXI_3/I_36_32>
   Output signal of AND3B1 instance <XLXI_2/XLXI_2/XLXI_3/I_36_32>
   Output signal of AND3B1 instance <XLXI_2/XLXI_1/XLXI_3/I_36_32>
   Output signal of AND3B1 instance <XLXI_1/XLXI_4/XLXI_3/I_36_32>
   Output signal of AND3B1 instance <XLXI_1/XLXI_3/XLXI_3/I_36_32>
   Output signal of AND3B1 instance <XLXI_1/XLXI_2/XLXI_3/I_36_32>
   Output signal of AND3B1 instance <XLXI_1/XLXI_1/XLXI_3/I_36_32>

ERROR:Xst:528 - Multi-source in Unit <decoder16bit4to8> on signal <D4>; this signal is connected to multiple drivers.
Drivers are: 
   Output signal of AND3B2 instance <XLXI_5/XLXI_4/XLXI_3/I_36_33>
   Output signal of AND3B2 instance <XLXI_5/XLXI_3/XLXI_3/I_36_33>
   Output signal of AND3B2 instance <XLXI_5/XLXI_2/XLXI_3/I_36_33>
   Output signal of AND3B2 instance <XLXI_5/XLXI_1/XLXI_3/I_36_33>
   Output signal of AND3B2 instance <XLXI_4/XLXI_4/XLXI_3/I_36_33>
   Output signal of AND3B2 instance <XLXI_4/XLXI_3/XLXI_3/I_36_33>
   Output signal of AND3B2 instance <XLXI_4/XLXI_2/XLXI_3/I_36_33>
   Output signal of AND3B2 instance <XLXI_4/XLXI_1/XLXI_3/I_36_33>
   Output signal of AND3B2 instance <XLXI_2/XLXI_4/XLXI_3/I_36_33>
   Output signal of AND3B2 instance <XLXI_2/XLXI_3/XLXI_3/I_36_33>
   Output signal of AND3B2 instance <XLXI_2/XLXI_2/XLXI_3/I_36_33>
   Output signal of AND3B2 instance <XLXI_2/XLXI_1/XLXI_3/I_36_33>
   Output signal of AND3B2 instance <XLXI_1/XLXI_4/XLXI_3/I_36_33>
   Output signal of AND3B2 instance <XLXI_1/XLXI_3/XLXI_3/I_36_33>
   Output signal of AND3B2 instance <XLXI_1/XLXI_2/XLXI_3/I_36_33>
   Output signal of AND3B2 instance <XLXI_1/XLXI_1/XLXI_3/I_36_33>

ERROR:Xst:528 - Multi-source in Unit <decoder16bit4to8> on signal <D3>; this signal is connected to multiple drivers.
Drivers are: 
   Output signal of AND3 instance <XLXI_5/XLXI_4/XLXI_2/I_36_30>
   Output signal of AND3 instance <XLXI_5/XLXI_3/XLXI_2/I_36_30>
   Output signal of AND3 instance <XLXI_5/XLXI_2/XLXI_2/I_36_30>
   Output signal of AND3 instance <XLXI_5/XLXI_1/XLXI_2/I_36_30>
   Output signal of AND3 instance <XLXI_4/XLXI_4/XLXI_2/I_36_30>
   Output signal of AND3 instance <XLXI_4/XLXI_3/XLXI_2/I_36_30>
   Output signal of AND3 instance <XLXI_4/XLXI_2/XLXI_2/I_36_30>
   Output signal of AND3 instance <XLXI_4/XLXI_1/XLXI_2/I_36_30>
   Output signal of AND3 instance <XLXI_2/XLXI_4/XLXI_2/I_36_30>
   Output signal of AND3 instance <XLXI_2/XLXI_3/XLXI_2/I_36_30>
   Output signal of AND3 instance <XLXI_2/XLXI_2/XLXI_2/I_36_30>
   Output signal of AND3 instance <XLXI_2/XLXI_1/XLXI_2/I_36_30>
   Output signal of AND3 instance <XLXI_1/XLXI_4/XLXI_2/I_36_30>
   Output signal of AND3 instance <XLXI_1/XLXI_3/XLXI_2/I_36_30>
   Output signal of AND3 instance <XLXI_1/XLXI_2/XLXI_2/I_36_30>
   Output signal of AND3 instance <XLXI_1/XLXI_1/XLXI_2/I_36_30>

ERROR:Xst:528 - Multi-source in Unit <decoder16bit4to8> on signal <D2>; this signal is connected to multiple drivers.
Drivers are: 
   Output signal of AND3B1 instance <XLXI_5/XLXI_4/XLXI_2/I_36_31>
   Output signal of AND3B1 instance <XLXI_5/XLXI_3/XLXI_2/I_36_31>
   Output signal of AND3B1 instance <XLXI_5/XLXI_2/XLXI_2/I_36_31>
   Output signal of AND3B1 instance <XLXI_5/XLXI_1/XLXI_2/I_36_31>
   Output signal of AND3B1 instance <XLXI_4/XLXI_4/XLXI_2/I_36_31>
   Output signal of AND3B1 instance <XLXI_4/XLXI_3/XLXI_2/I_36_31>
   Output signal of AND3B1 instance <XLXI_4/XLXI_2/XLXI_2/I_36_31>
   Output signal of AND3B1 instance <XLXI_4/XLXI_1/XLXI_2/I_36_31>
   Output signal of AND3B1 instance <XLXI_2/XLXI_4/XLXI_2/I_36_31>
   Output signal of AND3B1 instance <XLXI_2/XLXI_3/XLXI_2/I_36_31>
   Output signal of AND3B1 instance <XLXI_2/XLXI_2/XLXI_2/I_36_31>
   Output signal of AND3B1 instance <XLXI_2/XLXI_1/XLXI_2/I_36_31>
   Output signal of AND3B1 instance <XLXI_1/XLXI_4/XLXI_2/I_36_31>
   Output signal of AND3B1 instance <XLXI_1/XLXI_3/XLXI_2/I_36_31>
   Output signal of AND3B1 instance <XLXI_1/XLXI_2/XLXI_2/I_36_31>
   Output signal of AND3B1 instance <XLXI_1/XLXI_1/XLXI_2/I_36_31>

ERROR:Xst:528 - Multi-source in Unit <decoder16bit4to8> on signal <D1>; this signal is connected to multiple drivers.
Drivers are: 
   Output signal of AND3B1 instance <XLXI_5/XLXI_4/XLXI_2/I_36_32>
   Output signal of AND3B1 instance <XLXI_5/XLXI_3/XLXI_2/I_36_32>
   Output signal of AND3B1 instance <XLXI_5/XLXI_2/XLXI_2/I_36_32>
   Output signal of AND3B1 instance <XLXI_5/XLXI_1/XLXI_2/I_36_32>
   Output signal of AND3B1 instance <XLXI_4/XLXI_4/XLXI_2/I_36_32>
   Output signal of AND3B1 instance <XLXI_4/XLXI_3/XLXI_2/I_36_32>
   Output signal of AND3B1 instance <XLXI_4/XLXI_2/XLXI_2/I_36_32>
   Output signal of AND3B1 instance <XLXI_4/XLXI_1/XLXI_2/I_36_32>
   Output signal of AND3B1 instance <XLXI_2/XLXI_4/XLXI_2/I_36_32>
   Output signal of AND3B1 instance <XLXI_2/XLXI_3/XLXI_2/I_36_32>
   Output signal of AND3B1 instance <XLXI_2/XLXI_2/XLXI_2/I_36_32>
   Output signal of AND3B1 instance <XLXI_2/XLXI_1/XLXI_2/I_36_32>
   Output signal of AND3B1 instance <XLXI_1/XLXI_4/XLXI_2/I_36_32>
   Output signal of AND3B1 instance <XLXI_1/XLXI_3/XLXI_2/I_36_32>
   Output signal of AND3B1 instance <XLXI_1/XLXI_2/XLXI_2/I_36_32>
   Output signal of AND3B1 instance <XLXI_1/XLXI_1/XLXI_2/I_36_32>

ERROR:Xst:528 - Multi-source in Unit <decoder16bit4to8> on signal <D0>; this signal is connected to multiple drivers.
Drivers are: 
   Output signal of AND3B2 instance <XLXI_5/XLXI_4/XLXI_2/I_36_33>
   Output signal of AND3B2 instance <XLXI_5/XLXI_3/XLXI_2/I_36_33>
   Output signal of AND3B2 instance <XLXI_5/XLXI_2/XLXI_2/I_36_33>
   Output signal of AND3B2 instance <XLXI_5/XLXI_1/XLXI_2/I_36_33>
   Output signal of AND3B2 instance <XLXI_4/XLXI_4/XLXI_2/I_36_33>
   Output signal of AND3B2 instance <XLXI_4/XLXI_3/XLXI_2/I_36_33>
   Output signal of AND3B2 instance <XLXI_4/XLXI_2/XLXI_2/I_36_33>
   Output signal of AND3B2 instance <XLXI_4/XLXI_1/XLXI_2/I_36_33>
   Output signal of AND3B2 instance <XLXI_2/XLXI_4/XLXI_2/I_36_33>
   Output signal of AND3B2 instance <XLXI_2/XLXI_3/XLXI_2/I_36_33>
   Output signal of AND3B2 instance <XLXI_2/XLXI_2/XLXI_2/I_36_33>
   Output signal of AND3B2 instance <XLXI_2/XLXI_1/XLXI_2/I_36_33>
   Output signal of AND3B2 instance <XLXI_1/XLXI_4/XLXI_2/I_36_33>
   Output signal of AND3B2 instance <XLXI_1/XLXI_3/XLXI_2/I_36_33>
   Output signal of AND3B2 instance <XLXI_1/XLXI_2/XLXI_2/I_36_33>
   Output signal of AND3B2 instance <XLXI_1/XLXI_1/XLXI_2/I_36_33>


Total REAL time to Xst completion: 3.00 secs
Total CPU time to Xst completion: 0.66 secs
 
--> 


Total memory usage is 619684 kilobytes

Number of errors   :    8 (   0 filtered)
Number of warnings :    4 (   0 filtered)
Number of infos    :    0 (   0 filtered)

