Release 14.7 - xst P.20131013 (lin64)
Copyright (c) 1995-2013 Xilinx, Inc.  All rights reserved.
--> 
Parameter TMPDIR set to xst/projnav.tmp


Total REAL time to Xst completion: 0.00 secs
Total CPU time to Xst completion: 0.00 secs
 
--> 
Parameter xsthdpdir set to xst


Total REAL time to Xst completion: 0.00 secs
Total CPU time to Xst completion: 0.00 secs
 
--> 
Reading design: Mem256X16.prj

TABLE OF CONTENTS
  1) Synthesis Options Summary
  2) HDL Compilation
  3) Design Hierarchy Analysis
  4) HDL Analysis
  5) HDL Synthesis
     5.1) HDL Synthesis Report
  6) Advanced HDL Synthesis
     6.1) Advanced HDL Synthesis Report
  7) Low Level Synthesis
  8) Partition Report
  9) Final Report
	9.1) Device utilization summary
	9.2) Partition Resource Summary
	9.3) TIMING REPORT


=========================================================================
*                      Synthesis Options Summary                        *
=========================================================================
---- Source Parameters
Input File Name                    : "Mem256X16.prj"
Input Format                       : mixed
Ignore Synthesis Constraint File   : NO

---- Target Parameters
Output File Name                   : "Mem256X16"
Output Format                      : NGC
Target Device                      : xc3s100e-4-cp132

---- Source Options
Top Module Name                    : Mem256X16
Automatic FSM Extraction           : YES
FSM Encoding Algorithm             : Auto
Safe Implementation                : No
FSM Style                          : LUT
RAM Extraction                     : Yes
RAM Style                          : Auto
ROM Extraction                     : Yes
Mux Style                          : Auto
Decoder Extraction                 : YES
Priority Encoder Extraction        : Yes
Shift Register Extraction          : YES
Logical Shifter Extraction         : YES
XOR Collapsing                     : YES
ROM Style                          : Auto
Mux Extraction                     : Yes
Resource Sharing                   : YES
Asynchronous To Synchronous        : NO
Multiplier Style                   : Auto
Automatic Register Balancing       : No

---- Target Options
Add IO Buffers                     : YES
Global Maximum Fanout              : 100000
Add Generic Clock Buffer(BUFG)     : 24
Register Duplication               : YES
Slice Packing                      : YES
Optimize Instantiated Primitives   : NO
Use Clock Enable                   : Yes
Use Synchronous Set                : Yes
Use Synchronous Reset              : Yes
Pack IO Registers into IOBs        : Auto
Equivalent register Removal        : YES

---- General Options
Optimization Goal                  : Speed
Optimization Effort                : 1
Keep Hierarchy                     : No
Netlist Hierarchy                  : As_Optimized
RTL Output                         : Yes
Global Optimization                : AllClockNets
Read Cores                         : YES
Write Timing Constraints           : NO
Cross Clock Analysis               : NO
Hierarchy Separator                : /
Bus Delimiter                      : <>
Case Specifier                     : Maintain
Slice Utilization Ratio            : 100
BRAM Utilization Ratio             : 100
Verilog 2001                       : YES
Auto BRAM Packing                  : NO
Slice Utilization Ratio Delta      : 5

=========================================================================


=========================================================================
*                          HDL Compilation                              *
=========================================================================
Compiling vhdl file "/home/ise/NTUST_FPGA/Memory_Module256x16/mux8to1.vhf" in Library work.
Architecture behavioral of Entity or8_mxilinx_mux8to1 is up to date.
Architecture behavioral of Entity mux8to1 is up to date.
Compiling vhdl file "/home/ise/NTUST_FPGA/Memory_Module256x16/mux16bit8to1.vhf" in Library work.
Architecture behavioral of Entity mux16bit8to1 is up to date.
Compiling vhdl file "/home/ise/NTUST_FPGA/Memory_Module256x16/Mem256X16.vhf" in Library work.
Architecture behavioral of Entity m2_1_mxilinx_mem256x16 is up to date.
Architecture behavioral of Entity m2_1e_mxilinx_mem256x16 is up to date.
Architecture behavioral of Entity m4_1e_mxilinx_mem256x16 is up to date.
Architecture behavioral of Entity mux8to1_2_muser_mem256x16 is up to date.
Architecture behavioral of Entity mux4bit8to1_muser_mem256x16 is up to date.
Architecture behavioral of Entity mux4x4bit8to1_muser_mem256x16 is up to date.
Architecture behavioral of Entity decoder_3t08_muser_mem256x16 is up to date.
Architecture behavioral of Entity ram32x16s_muser_mem256x16 is up to date.
Architecture behavioral of Entity mem256x16 is up to date.
Compiling vhdl file "/home/ise/NTUST_FPGA/Memory_Module256x16/decoder_3t08.vhf" in Library work.
Architecture behavioral of Entity decoder_3t08 is up to date.
Compiling vhdl file "/home/ise/NTUST_FPGA/Memory_Module256x16/mux4X4bit8to1.vhf" in Library work.
Architecture behavioral of Entity m2_1_mxilinx_mux4x4bit8to1 is up to date.
Architecture behavioral of Entity m2_1e_mxilinx_mux4x4bit8to1 is up to date.
Architecture behavioral of Entity m4_1e_mxilinx_mux4x4bit8to1 is up to date.
Architecture behavioral of Entity mux8to1_2_muser_mux4x4bit8to1 is up to date.
Architecture behavioral of Entity mux4bit8to1_muser_mux4x4bit8to1 is up to date.
Architecture behavioral of Entity mux4x4bit8to1 is up to date.
Compiling vhdl file "/home/ise/NTUST_FPGA/Memory_Module256x16/RAM32X16S.vhf" in Library work.
Architecture behavioral of Entity ram32x16s is up to date.
Compiling vhdl file "/home/ise/NTUST_FPGA/Memory_Module256x16/mux4bit8to1.vhf" in Library work.
Architecture behavioral of Entity m2_1_mxilinx_mux4bit8to1 is up to date.
Architecture behavioral of Entity m2_1e_mxilinx_mux4bit8to1 is up to date.
Architecture behavioral of Entity m4_1e_mxilinx_mux4bit8to1 is up to date.
Architecture behavioral of Entity mux8to1_2_muser_mux4bit8to1 is up to date.
Architecture behavioral of Entity mux4bit8to1 is up to date.
Compiling vhdl file "/home/ise/NTUST_FPGA/Memory_Module256x16/mux8to1_2.vhf" in Library work.
Architecture behavioral of Entity m2_1_mxilinx_mux8to1_2 is up to date.
Architecture behavioral of Entity m2_1e_mxilinx_mux8to1_2 is up to date.
Architecture behavioral of Entity m4_1e_mxilinx_mux8to1_2 is up to date.
Architecture behavioral of Entity mux8to1_2 is up to date.
Compiling vhdl file "/home/ise/NTUST_FPGA/Memory_Module256x16/Memory_Module256x16.vhf" in Library work.
Architecture behavioral of Entity m2_1_mxilinx_memory_module256x16 is up to date.
Architecture behavioral of Entity m2_1e_mxilinx_memory_module256x16 is up to date.
Architecture behavioral of Entity m4_1e_mxilinx_memory_module256x16 is up to date.
Architecture behavioral of Entity mux8to1_2_muser_memory_module256x16 is up to date.
Architecture behavioral of Entity mux4bit8to1_muser_memory_module256x16 is up to date.
Architecture behavioral of Entity mux4x4bit8to1_muser_memory_module256x16 is up to date.
Architecture behavioral of Entity decoder_3t08_muser_memory_module256x16 is up to date.
Architecture behavioral of Entity ram32x16s_muser_memory_module256x16 is up to date.
Architecture behavioral of Entity memory_module256x16 is up to date.

=========================================================================
*                     Design Hierarchy Analysis                         *
=========================================================================
Analyzing hierarchy for entity <Mem256X16> in library <work> (architecture <behavioral>).

Analyzing hierarchy for entity <RAM32X16S_MUSER_Mem256X16> in library <work> (architecture <behavioral>).

Analyzing hierarchy for entity <decoder_3t08_MUSER_Mem256X16> in library <work> (architecture <behavioral>).

Analyzing hierarchy for entity <mux4X4bit8to1_MUSER_Mem256X16> in library <work> (architecture <behavioral>).

Analyzing hierarchy for entity <mux4bit8to1_MUSER_Mem256X16> in library <work> (architecture <behavioral>).

Analyzing hierarchy for entity <mux8to1_2_MUSER_Mem256X16> in library <work> (architecture <behavioral>).

Analyzing hierarchy for entity <M4_1E_MXILINX_Mem256X16> in library <work> (architecture <behavioral>).

Analyzing hierarchy for entity <M2_1_MXILINX_Mem256X16> in library <work> (architecture <behavioral>).

Analyzing hierarchy for entity <M2_1E_MXILINX_Mem256X16> in library <work> (architecture <behavioral>).


=========================================================================
*                            HDL Analysis                               *
=========================================================================
Analyzing Entity <Mem256X16> in library <work> (Architecture <behavioral>).
Entity <Mem256X16> analyzed. Unit <Mem256X16> generated.

Analyzing Entity <RAM32X16S_MUSER_Mem256X16> in library <work> (Architecture <behavioral>).
    Set user-defined property "INIT_00 =  00000000" for instance <XLXI_3> in unit <RAM32X16S_MUSER_Mem256X16>.
    Set user-defined property "INIT_01 =  00000000" for instance <XLXI_3> in unit <RAM32X16S_MUSER_Mem256X16>.
    Set user-defined property "INIT_02 =  00000000" for instance <XLXI_3> in unit <RAM32X16S_MUSER_Mem256X16>.
    Set user-defined property "INIT_03 =  00000000" for instance <XLXI_3> in unit <RAM32X16S_MUSER_Mem256X16>.
    Set user-defined property "INIT_04 =  00000000" for instance <XLXI_3> in unit <RAM32X16S_MUSER_Mem256X16>.
    Set user-defined property "INIT_05 =  00000000" for instance <XLXI_3> in unit <RAM32X16S_MUSER_Mem256X16>.
    Set user-defined property "INIT_06 =  00000000" for instance <XLXI_3> in unit <RAM32X16S_MUSER_Mem256X16>.
    Set user-defined property "INIT_07 =  00000000" for instance <XLXI_3> in unit <RAM32X16S_MUSER_Mem256X16>.
    Set user-defined property "INIT_00 =  00000000" for instance <XLXI_4> in unit <RAM32X16S_MUSER_Mem256X16>.
    Set user-defined property "INIT_01 =  00000000" for instance <XLXI_4> in unit <RAM32X16S_MUSER_Mem256X16>.
    Set user-defined property "INIT_02 =  00000000" for instance <XLXI_4> in unit <RAM32X16S_MUSER_Mem256X16>.
    Set user-defined property "INIT_03 =  00000000" for instance <XLXI_4> in unit <RAM32X16S_MUSER_Mem256X16>.
    Set user-defined property "INIT_04 =  00000000" for instance <XLXI_4> in unit <RAM32X16S_MUSER_Mem256X16>.
    Set user-defined property "INIT_05 =  00000000" for instance <XLXI_4> in unit <RAM32X16S_MUSER_Mem256X16>.
    Set user-defined property "INIT_06 =  00000000" for instance <XLXI_4> in unit <RAM32X16S_MUSER_Mem256X16>.
    Set user-defined property "INIT_07 =  00000000" for instance <XLXI_4> in unit <RAM32X16S_MUSER_Mem256X16>.
Entity <RAM32X16S_MUSER_Mem256X16> analyzed. Unit <RAM32X16S_MUSER_Mem256X16> generated.

Analyzing Entity <decoder_3t08_MUSER_Mem256X16> in library <work> (Architecture <behavioral>).
Entity <decoder_3t08_MUSER_Mem256X16> analyzed. Unit <decoder_3t08_MUSER_Mem256X16> generated.

Analyzing Entity <mux4X4bit8to1_MUSER_Mem256X16> in library <work> (Architecture <behavioral>).
Entity <mux4X4bit8to1_MUSER_Mem256X16> analyzed. Unit <mux4X4bit8to1_MUSER_Mem256X16> generated.

Analyzing Entity <mux4bit8to1_MUSER_Mem256X16> in library <work> (Architecture <behavioral>).
Entity <mux4bit8to1_MUSER_Mem256X16> analyzed. Unit <mux4bit8to1_MUSER_Mem256X16> generated.

Analyzing Entity <mux8to1_2_MUSER_Mem256X16> in library <work> (Architecture <behavioral>).
    Set user-defined property "HU_SET =  XLXI_1_2" for instance <XLXI_1> in unit <mux8to1_2_MUSER_Mem256X16>.
    Set user-defined property "HU_SET =  XLXI_2_3" for instance <XLXI_2> in unit <mux8to1_2_MUSER_Mem256X16>.
    Set user-defined property "HU_SET =  XLXI_3_4" for instance <XLXI_3> in unit <mux8to1_2_MUSER_Mem256X16>.
Entity <mux8to1_2_MUSER_Mem256X16> analyzed. Unit <mux8to1_2_MUSER_Mem256X16> generated.

Analyzing Entity <M4_1E_MXILINX_Mem256X16> in library <work> (Architecture <behavioral>).
    Set user-defined property "HU_SET =  I_M01_1" for instance <I_M01> in unit <M4_1E_MXILINX_Mem256X16>.
    Set user-defined property "HU_SET =  I_M23_0" for instance <I_M23> in unit <M4_1E_MXILINX_Mem256X16>.
Entity <M4_1E_MXILINX_Mem256X16> analyzed. Unit <M4_1E_MXILINX_Mem256X16> generated.

Analyzing Entity <M2_1E_MXILINX_Mem256X16> in library <work> (Architecture <behavioral>).
Entity <M2_1E_MXILINX_Mem256X16> analyzed. Unit <M2_1E_MXILINX_Mem256X16> generated.

Analyzing Entity <M2_1_MXILINX_Mem256X16> in library <work> (Architecture <behavioral>).
Entity <M2_1_MXILINX_Mem256X16> analyzed. Unit <M2_1_MXILINX_Mem256X16> generated.


=========================================================================
*                           HDL Synthesis                               *
=========================================================================

Performing bidirectional port resolution...

Synthesizing Unit <RAM32X16S_MUSER_Mem256X16>.
    Related source file is "/home/ise/NTUST_FPGA/Memory_Module256x16/Mem256X16.vhf".
Unit <RAM32X16S_MUSER_Mem256X16> synthesized.


Synthesizing Unit <decoder_3t08_MUSER_Mem256X16>.
    Related source file is "/home/ise/NTUST_FPGA/Memory_Module256x16/Mem256X16.vhf".
Unit <decoder_3t08_MUSER_Mem256X16> synthesized.


Synthesizing Unit <M2_1_MXILINX_Mem256X16>.
    Related source file is "/home/ise/NTUST_FPGA/Memory_Module256x16/Mem256X16.vhf".
Unit <M2_1_MXILINX_Mem256X16> synthesized.


Synthesizing Unit <M2_1E_MXILINX_Mem256X16>.
    Related source file is "/home/ise/NTUST_FPGA/Memory_Module256x16/Mem256X16.vhf".
Unit <M2_1E_MXILINX_Mem256X16> synthesized.


Synthesizing Unit <M4_1E_MXILINX_Mem256X16>.
    Related source file is "/home/ise/NTUST_FPGA/Memory_Module256x16/Mem256X16.vhf".
Unit <M4_1E_MXILINX_Mem256X16> synthesized.


Synthesizing Unit <mux8to1_2_MUSER_Mem256X16>.
    Related source file is "/home/ise/NTUST_FPGA/Memory_Module256x16/Mem256X16.vhf".
WARNING:Xst:653 - Signal <XLXI_2_E_openSignal> is used but never assigned. This sourceless signal will be automatically connected to value 0.
WARNING:Xst:653 - Signal <XLXI_1_E_openSignal> is used but never assigned. This sourceless signal will be automatically connected to value 0.
Unit <mux8to1_2_MUSER_Mem256X16> synthesized.


Synthesizing Unit <mux4bit8to1_MUSER_Mem256X16>.
    Related source file is "/home/ise/NTUST_FPGA/Memory_Module256x16/Mem256X16.vhf".
Unit <mux4bit8to1_MUSER_Mem256X16> synthesized.


Synthesizing Unit <mux4X4bit8to1_MUSER_Mem256X16>.
    Related source file is "/home/ise/NTUST_FPGA/Memory_Module256x16/Mem256X16.vhf".
Unit <mux4X4bit8to1_MUSER_Mem256X16> synthesized.


Synthesizing Unit <Mem256X16>.
    Related source file is "/home/ise/NTUST_FPGA/Memory_Module256x16/Mem256X16.vhf".
Unit <Mem256X16> synthesized.


=========================================================================
HDL Synthesis Report

Found no macro
=========================================================================

=========================================================================
*                       Advanced HDL Synthesis                          *
=========================================================================


=========================================================================
Advanced HDL Synthesis Report

Found no macro
=========================================================================

=========================================================================
*                         Low Level Synthesis                           *
=========================================================================

Optimizing unit <Mem256X16> ...

Optimizing unit <decoder_3t08_MUSER_Mem256X16> ...

Optimizing unit <M2_1_MXILINX_Mem256X16> ...

Optimizing unit <M2_1E_MXILINX_Mem256X16> ...

Optimizing unit <M4_1E_MXILINX_Mem256X16> ...

Mapping all equations...
Building and optimizing final netlist ...
Found area constraint ratio of 100 (+ 5) on block Mem256X16, actual ratio is 16.

Final Macro Processing ...

=========================================================================
Final Register Report

Found no macro
=========================================================================

=========================================================================
*                           Partition Report                            *
=========================================================================

Partition Implementation Status
-------------------------------

  No Partitions were found in this design.

-------------------------------

=========================================================================
*                            Final Report                               *
=========================================================================
Final Results
RTL Top Level Output File Name     : Mem256X16.ngr
Top Level Output File Name         : Mem256X16
Output Format                      : NGC
Optimization Goal                  : Speed
Keep Hierarchy                     : No

Design Statistics
# IOs                              : 42

Cell Usage :
# BELS                             : 284
#      AND2                        : 16
#      AND2B1                      : 16
#      AND3                        : 64
#      AND3B1                      : 64
#      AND4                        : 8
#      GND                         : 1
#      INV                         : 3
#      MUXF5                       : 32
#      OR2                         : 80
# RAMS                             : 16
#      RAM32X8S                    : 16
# Clock Buffers                    : 1
#      BUFGP                       : 1
# IO Buffers                       : 41
#      IBUF                        : 25
#      OBUF                        : 16
=========================================================================

Device utilization summary:
---------------------------

Selected Device : 3s100ecp132-4 

 Number of Slices:                      130  out of    960    13%  
 Number of 4 input LUTs:                259  out of   1920    13%  
    Number used as logic:                 3
    Number used as RAMs:                256
 Number of IOs:                          42
 Number of bonded IOBs:                  42  out of     83    50%  
 Number of GCLKs:                         1  out of     24     4%  

---------------------------
Partition Resource Summary:
---------------------------

  No Partitions were found in this design.

---------------------------


=========================================================================
TIMING REPORT

NOTE: THESE TIMING NUMBERS ARE ONLY A SYNTHESIS ESTIMATE.
      FOR ACCURATE TIMING INFORMATION PLEASE REFER TO THE TRACE REPORT
      GENERATED AFTER PLACE-and-ROUTE.

Clock Information:
------------------
-----------------------------------+------------------------+-------+
Clock Signal                       | Clock buffer(FF name)  | Load  |
-----------------------------------+------------------------+-------+
clk                                | BUFGP                  | 16    |
-----------------------------------+------------------------+-------+

Asynchronous Control Signals Information:
----------------------------------------
No asynchronous control signals found in this design

Timing Summary:
---------------
Speed Grade: -4

   Minimum period: No path found
   Minimum input arrival time before clock: 5.346ns
   Maximum output required time after clock: 10.410ns
   Maximum combinational path delay: 12.566ns

Timing Detail:
--------------
All values displayed in nanoseconds (ns)

=========================================================================
Timing constraint: Default OFFSET IN BEFORE for Clock 'clk'
  Total number of paths / destination ports: 272 / 224
-------------------------------------------------------------------------
Offset:              5.346ns (Levels of Logic = 3)
  Source:            addr7 (PAD)
  Destination:       XLXI_4/XLXI_4 (RAM)
  Destination Clock: clk rising

  Data Path: addr7 to XLXI_4/XLXI_4
                                Gate     Net
    Cell:in->out      fanout   Delay   Delay  Logical Name (Net Name)
    ----------------------------------------  ------------
     IBUF:I->O           133   1.218   1.294  addr7_IBUF (addr7_IBUF)
     INV:I->O              4   0.704   0.587  XLXI_20/XLXI_25 (XLXI_20/XLXN_87)
     AND4:I3->O            2   0.704   0.447  XLXI_20/XLXI_14 (XLXN_52)
     RAM32X8S:WE               0.392          XLXI_4/XLXI_4
    ----------------------------------------
    Total                      5.346ns (3.018ns logic, 2.328ns route)
                                       (56.5% logic, 43.5% route)

=========================================================================
Timing constraint: Default OFFSET OUT AFTER for Clock 'clk'
  Total number of paths / destination ports: 128 / 16
-------------------------------------------------------------------------
Offset:              10.410ns (Levels of Logic = 9)
  Source:            XLXI_5/XLXI_3 (RAM)
  Destination:       qout<15> (PAD)
  Source Clock:      clk rising

  Data Path: XLXI_5/XLXI_3 to qout<15>
                                Gate     Net
    Cell:in->out      fanout   Delay   Delay  Logical Name (Net Name)
    ----------------------------------------  ------------
     RAM32X8S:WCLK->O7     1   1.901   0.420  XLXI_5/XLXI_3 (XLXN_75<15>)
     begin scope: 'XLXI_21/XLXI_1/XLXI_6/XLXI_2'
     begin scope: 'I_M01'
     AND3:I0->O            1   0.704   0.420  I_36_30 (M1)
     OR2:I0->O             1   0.704   0.000  I_36_38 (O)
     end scope: 'I_M01'
     MUXF5:I0->O           1   0.321   0.420  I_O (O)
     end scope: 'XLXI_21/XLXI_1/XLXI_6/XLXI_2'
     begin scope: 'XLXI_21/XLXI_1/XLXI_6/XLXI_3'
     AND2:I0->O            1   0.704   0.420  I_36_9 (M1)
     OR2:I0->O             1   0.704   0.420  I_36_8 (O)
     end scope: 'XLXI_21/XLXI_1/XLXI_6/XLXI_3'
     OBUF:I->O                 3.272          qout_15_OBUF (qout<15>)
    ----------------------------------------
    Total                     10.410ns (8.310ns logic, 2.100ns route)
                                       (79.8% logic, 20.2% route)

=========================================================================
Timing constraint: Default path analysis
  Total number of paths / destination ports: 832 / 16
-------------------------------------------------------------------------
Delay:               12.566ns (Levels of Logic = 11)
  Source:            addr4 (PAD)
  Destination:       qout<15> (PAD)

  Data Path: addr4 to qout<15>
                                Gate     Net
    Cell:in->out      fanout   Delay   Delay  Logical Name (Net Name)
    ----------------------------------------  ------------
     IBUF:I->O           128   1.218   1.293  addr4_IBUF (addr4_IBUF)
     RAM32X8S:A4->O7       1   1.546   0.420  XLXI_11/XLXI_4 (XLXN_76<7>)
     begin scope: 'XLXI_21/XLXI_3/XLXI_6/XLXI_2'
     begin scope: 'I_M23'
     AND3B1:I2->O          1   0.704   0.420  I_36_31 (M0)
     OR2:I1->O             1   0.704   0.000  I_36_38 (O)
     end scope: 'I_M23'
     MUXF5:I1->O           1   0.321   0.420  I_O (O)
     end scope: 'XLXI_21/XLXI_3/XLXI_6/XLXI_2'
     begin scope: 'XLXI_21/XLXI_3/XLXI_6/XLXI_3'
     AND2:I0->O            1   0.704   0.420  I_36_9 (M1)
     OR2:I0->O             1   0.704   0.420  I_36_8 (O)
     end scope: 'XLXI_21/XLXI_3/XLXI_6/XLXI_3'
     OBUF:I->O                 3.272          qout_7_OBUF (qout<7>)
    ----------------------------------------
    Total                     12.566ns (9.173ns logic, 3.393ns route)
                                       (73.0% logic, 27.0% route)

=========================================================================


Total REAL time to Xst completion: 4.00 secs
Total CPU time to Xst completion: 0.49 secs
 
--> 


Total memory usage is 628564 kilobytes

Number of errors   :    0 (   0 filtered)
Number of warnings :    2 (   0 filtered)
Number of infos    :    0 (   0 filtered)

