--------------------------------------------------------------------------------
Release 14.7 Trace  (lin64)
Copyright (c) 1995-2013 Xilinx, Inc.  All rights reserved.

/opt/Xilinx/14.7/ISE_DS/ISE/bin/lin64/unwrapped/trce -intstyle ise -v 3 -s 4 -n
3 -fastpaths -xml Memory_Module256x16.twx Memory_Module256x16.ncd -o
Memory_Module256x16.twr Memory_Module256x16.pcf

Design file:              Memory_Module256x16.ncd
Physical constraint file: Memory_Module256x16.pcf
Device,package,speed:     xc3s100e,cp132,-4 (PRODUCTION 1.27 2013-10-13)
Report level:             verbose report

Environment Variable      Effect 
--------------------      ------ 
NONE                      No environment variables were set
--------------------------------------------------------------------------------

INFO:Timing:2698 - No timing constraints found, doing default enumeration.
INFO:Timing:3412 - To improve timing, see the Timing Closure User Guide (UG612).
INFO:Timing:2752 - To get complete path coverage, use the unconstrained paths 
   option. All paths that are not constrained will be reported in the 
   unconstrained paths section(s) of the report.
INFO:Timing:3339 - The clock-to-out numbers in this timing report are based on 
   a 50 Ohm transmission line loading model.  For the details of this model, 
   and for more information on accounting for different loading conditions, 
   please see the device datasheet.
INFO:Timing:3390 - This architecture does not support a default System Jitter 
   value, please add SYSTEM_JITTER constraint to the UCF to modify the Clock 
   Uncertainty calculation.
INFO:Timing:3389 - This architecture does not support 'Discrete Jitter' and 
   'Phase Error' calculations, these terms will be zero in the Clock 
   Uncertainty calculation.  Please make appropriate modification to 
   SYSTEM_JITTER to account for the unsupported Discrete Jitter and Phase 
   Error.



Data Sheet report:
-----------------
All values displayed in nanoseconds (ns)

Pad to Pad
---------------+---------------+---------+
Source Pad     |Destination Pad|  Delay  |
---------------+---------------+---------+
addr5          |qout<0>        |    6.975|
addr5          |qout<1>        |    7.046|
addr5          |qout<2>        |    7.613|
addr5          |qout<3>        |    6.529|
addr5          |qout<4>        |    7.053|
addr5          |qout<5>        |    7.002|
addr5          |qout<6>        |    6.022|
addr5          |qout<7>        |    6.184|
addr5          |qout<8>        |    7.772|
addr5          |qout<9>        |    6.973|
addr5          |qout<10>       |    6.762|
addr5          |qout<11>       |    7.558|
addr5          |qout<12>       |    6.683|
addr5          |qout<13>       |    7.586|
addr5          |qout<14>       |    7.021|
addr5          |qout<15>       |    7.069|
addr6          |qout<0>        |    9.941|
addr6          |qout<1>        |    8.811|
addr6          |qout<2>        |    8.969|
addr6          |qout<3>        |    9.101|
addr6          |qout<4>        |    8.653|
addr6          |qout<5>        |    8.348|
addr6          |qout<6>        |    8.934|
addr6          |qout<7>        |    8.488|
addr6          |qout<8>        |    8.806|
addr6          |qout<9>        |    8.276|
addr6          |qout<10>       |    8.351|
addr6          |qout<11>       |    8.075|
addr6          |qout<12>       |    7.576|
addr6          |qout<13>       |    8.748|
addr6          |qout<14>       |    7.943|
addr6          |qout<15>       |    8.260|
---------------+---------------+---------+


Analysis completed Sat Oct 21 04:24:41 2023 
--------------------------------------------------------------------------------

Trace Settings:
-------------------------
Trace Settings 

Peak Memory Usage: 333 MB



