Release 14.7 - xst P.20131013 (lin64)
Copyright (c) 1995-2013 Xilinx, Inc.  All rights reserved.
--> 
Parameter TMPDIR set to xst/projnav.tmp


Total REAL time to Xst completion: 0.00 secs
Total CPU time to Xst completion: 0.01 secs
 
--> 
Parameter xsthdpdir set to xst


Total REAL time to Xst completion: 0.00 secs
Total CPU time to Xst completion: 0.01 secs
 
--> 
Reading design: RAM32X16S.prj

TABLE OF CONTENTS
  1) Synthesis Options Summary
  2) HDL Compilation
  3) Design Hierarchy Analysis
  4) HDL Analysis
  5) HDL Synthesis
     5.1) HDL Synthesis Report
  6) Advanced HDL Synthesis
     6.1) Advanced HDL Synthesis Report
  7) Low Level Synthesis
  8) Partition Report
  9) Final Report
	9.1) Device utilization summary
	9.2) Partition Resource Summary
	9.3) TIMING REPORT


=========================================================================
*                      Synthesis Options Summary                        *
=========================================================================
---- Source Parameters
Input File Name                    : "RAM32X16S.prj"
Input Format                       : mixed
Ignore Synthesis Constraint File   : NO

---- Target Parameters
Output File Name                   : "RAM32X16S"
Output Format                      : NGC
Target Device                      : xc3s100e-4-cp132

---- Source Options
Top Module Name                    : RAM32X16S
Automatic FSM Extraction           : YES
FSM Encoding Algorithm             : Auto
Safe Implementation                : No
FSM Style                          : LUT
RAM Extraction                     : Yes
RAM Style                          : Auto
ROM Extraction                     : Yes
Mux Style                          : Auto
Decoder Extraction                 : YES
Priority Encoder Extraction        : Yes
Shift Register Extraction          : YES
Logical Shifter Extraction         : YES
XOR Collapsing                     : YES
ROM Style                          : Auto
Mux Extraction                     : Yes
Resource Sharing                   : YES
Asynchronous To Synchronous        : NO
Multiplier Style                   : Auto
Automatic Register Balancing       : No

---- Target Options
Add IO Buffers                     : YES
Global Maximum Fanout              : 100000
Add Generic Clock Buffer(BUFG)     : 24
Register Duplication               : YES
Slice Packing                      : YES
Optimize Instantiated Primitives   : NO
Use Clock Enable                   : Yes
Use Synchronous Set                : Yes
Use Synchronous Reset              : Yes
Pack IO Registers into IOBs        : Auto
Equivalent register Removal        : YES

---- General Options
Optimization Goal                  : Speed
Optimization Effort                : 1
Keep Hierarchy                     : No
Netlist Hierarchy                  : As_Optimized
RTL Output                         : Yes
Global Optimization                : AllClockNets
Read Cores                         : YES
Write Timing Constraints           : NO
Cross Clock Analysis               : NO
Hierarchy Separator                : /
Bus Delimiter                      : <>
Case Specifier                     : Maintain
Slice Utilization Ratio            : 100
BRAM Utilization Ratio             : 100
Verilog 2001                       : YES
Auto BRAM Packing                  : NO
Slice Utilization Ratio Delta      : 5

=========================================================================


=========================================================================
*                          HDL Compilation                              *
=========================================================================
Compiling vhdl file "/home/ise/NTUST_FPGA/Memory_Module256x16/RAM32X16S.vhf" in Library work.
Entity <RAM16X16s_MUSER_RAM32X16S> compiled.
Entity <RAM16X16s_MUSER_RAM32X16S> (Architecture <BEHAVIORAL>) compiled.
Entity <RAM32X16S> compiled.
Entity <RAM32X16S> (Architecture <BEHAVIORAL>) compiled.
Compiling vhdl file "/home/ise/NTUST_FPGA/Memory_Module256x16/RAM16X16s.vhf" in Library work.
Entity <RAM16X16s> compiled.
Entity <RAM16X16s> (Architecture <BEHAVIORAL>) compiled.

=========================================================================
*                     Design Hierarchy Analysis                         *
=========================================================================
Analyzing hierarchy for entity <RAM32X16S> in library <work> (architecture <BEHAVIORAL>).

Analyzing hierarchy for entity <RAM16X16s_MUSER_RAM32X16S> in library <work> (architecture <BEHAVIORAL>).


=========================================================================
*                            HDL Analysis                               *
=========================================================================
Analyzing Entity <RAM32X16S> in library <work> (Architecture <BEHAVIORAL>).
Entity <RAM32X16S> analyzed. Unit <RAM32X16S> generated.

Analyzing Entity <RAM16X16s_MUSER_RAM32X16S> in library <work> (Architecture <BEHAVIORAL>).
    Set user-defined property "INIT_00 =  0000" for instance <XLXI_1> in unit <RAM16X16s_MUSER_RAM32X16S>.
    Set user-defined property "INIT_01 =  0000" for instance <XLXI_1> in unit <RAM16X16s_MUSER_RAM32X16S>.
    Set user-defined property "INIT_02 =  0000" for instance <XLXI_1> in unit <RAM16X16s_MUSER_RAM32X16S>.
    Set user-defined property "INIT_03 =  0000" for instance <XLXI_1> in unit <RAM16X16s_MUSER_RAM32X16S>.
    Set user-defined property "INIT_04 =  0000" for instance <XLXI_1> in unit <RAM16X16s_MUSER_RAM32X16S>.
    Set user-defined property "INIT_05 =  0000" for instance <XLXI_1> in unit <RAM16X16s_MUSER_RAM32X16S>.
    Set user-defined property "INIT_06 =  0000" for instance <XLXI_1> in unit <RAM16X16s_MUSER_RAM32X16S>.
    Set user-defined property "INIT_07 =  0000" for instance <XLXI_1> in unit <RAM16X16s_MUSER_RAM32X16S>.
    Set user-defined property "INIT_00 =  0000" for instance <XLXI_2> in unit <RAM16X16s_MUSER_RAM32X16S>.
    Set user-defined property "INIT_01 =  0000" for instance <XLXI_2> in unit <RAM16X16s_MUSER_RAM32X16S>.
    Set user-defined property "INIT_02 =  0000" for instance <XLXI_2> in unit <RAM16X16s_MUSER_RAM32X16S>.
    Set user-defined property "INIT_03 =  0000" for instance <XLXI_2> in unit <RAM16X16s_MUSER_RAM32X16S>.
    Set user-defined property "INIT_04 =  0000" for instance <XLXI_2> in unit <RAM16X16s_MUSER_RAM32X16S>.
    Set user-defined property "INIT_05 =  0000" for instance <XLXI_2> in unit <RAM16X16s_MUSER_RAM32X16S>.
    Set user-defined property "INIT_06 =  0000" for instance <XLXI_2> in unit <RAM16X16s_MUSER_RAM32X16S>.
    Set user-defined property "INIT_07 =  0000" for instance <XLXI_2> in unit <RAM16X16s_MUSER_RAM32X16S>.
Entity <RAM16X16s_MUSER_RAM32X16S> analyzed. Unit <RAM16X16s_MUSER_RAM32X16S> generated.


=========================================================================
*                           HDL Synthesis                               *
=========================================================================

Performing bidirectional port resolution...

Synthesizing Unit <RAM16X16s_MUSER_RAM32X16S>.
    Related source file is "/home/ise/NTUST_FPGA/Memory_Module256x16/RAM32X16S.vhf".
Unit <RAM16X16s_MUSER_RAM32X16S> synthesized.


Synthesizing Unit <RAM32X16S>.
    Related source file is "/home/ise/NTUST_FPGA/Memory_Module256x16/RAM32X16S.vhf".
WARNING:Xst:653 - Signal <XLXN_22> is used but never assigned. This sourceless signal will be automatically connected to value 0.
WARNING:Xst:653 - Signal <XLXN_20> is used but never assigned. This sourceless signal will be automatically connected to value 0.
Unit <RAM32X16S> synthesized.


=========================================================================
HDL Synthesis Report

Found no macro
=========================================================================

=========================================================================
*                       Advanced HDL Synthesis                          *
=========================================================================


=========================================================================
Advanced HDL Synthesis Report

Found no macro
=========================================================================

=========================================================================
*                         Low Level Synthesis                           *
=========================================================================

ERROR:Xst:528 - Multi-source in Unit <RAM32X16S> on signal <O<15>>; this signal is connected to multiple drivers.
Drivers are: 
   Output port RAM16X8S:O7 of instance <XLXI_3/XLXI_1>
   Output port RAM16X8S:O7 of instance <XLXI_2/XLXI_1>

ERROR:Xst:528 - Multi-source in Unit <RAM32X16S> on signal <O<14>>; this signal is connected to multiple drivers.
Drivers are: 
   Output port RAM16X8S:O6 of instance <XLXI_3/XLXI_1>
   Output port RAM16X8S:O6 of instance <XLXI_2/XLXI_1>

ERROR:Xst:528 - Multi-source in Unit <RAM32X16S> on signal <O<13>>; this signal is connected to multiple drivers.
Drivers are: 
   Output port RAM16X8S:O5 of instance <XLXI_3/XLXI_1>
   Output port RAM16X8S:O5 of instance <XLXI_2/XLXI_1>

ERROR:Xst:528 - Multi-source in Unit <RAM32X16S> on signal <O<12>>; this signal is connected to multiple drivers.
Drivers are: 
   Output port RAM16X8S:O4 of instance <XLXI_3/XLXI_1>
   Output port RAM16X8S:O4 of instance <XLXI_2/XLXI_1>

ERROR:Xst:528 - Multi-source in Unit <RAM32X16S> on signal <O<11>>; this signal is connected to multiple drivers.
Drivers are: 
   Output port RAM16X8S:O3 of instance <XLXI_3/XLXI_1>
   Output port RAM16X8S:O3 of instance <XLXI_2/XLXI_1>

ERROR:Xst:528 - Multi-source in Unit <RAM32X16S> on signal <O<10>>; this signal is connected to multiple drivers.
Drivers are: 
   Output port RAM16X8S:O2 of instance <XLXI_3/XLXI_1>
   Output port RAM16X8S:O2 of instance <XLXI_2/XLXI_1>

ERROR:Xst:528 - Multi-source in Unit <RAM32X16S> on signal <O<9>>; this signal is connected to multiple drivers.
Drivers are: 
   Output port RAM16X8S:O1 of instance <XLXI_3/XLXI_1>
   Output port RAM16X8S:O1 of instance <XLXI_2/XLXI_1>

ERROR:Xst:528 - Multi-source in Unit <RAM32X16S> on signal <O<8>>; this signal is connected to multiple drivers.
Drivers are: 
   Output port RAM16X8S:O0 of instance <XLXI_3/XLXI_1>
   Output port RAM16X8S:O0 of instance <XLXI_2/XLXI_1>

ERROR:Xst:528 - Multi-source in Unit <RAM32X16S> on signal <O<7>>; this signal is connected to multiple drivers.
Drivers are: 
   Output port RAM16X8S:O7 of instance <XLXI_3/XLXI_2>
   Output port RAM16X8S:O7 of instance <XLXI_2/XLXI_2>

ERROR:Xst:528 - Multi-source in Unit <RAM32X16S> on signal <O<6>>; this signal is connected to multiple drivers.
Drivers are: 
   Output port RAM16X8S:O6 of instance <XLXI_3/XLXI_2>
   Output port RAM16X8S:O6 of instance <XLXI_2/XLXI_2>

ERROR:Xst:528 - Multi-source in Unit <RAM32X16S> on signal <O<5>>; this signal is connected to multiple drivers.
Drivers are: 
   Output port RAM16X8S:O5 of instance <XLXI_3/XLXI_2>
   Output port RAM16X8S:O5 of instance <XLXI_2/XLXI_2>

ERROR:Xst:528 - Multi-source in Unit <RAM32X16S> on signal <O<4>>; this signal is connected to multiple drivers.
Drivers are: 
   Output port RAM16X8S:O4 of instance <XLXI_3/XLXI_2>
   Output port RAM16X8S:O4 of instance <XLXI_2/XLXI_2>

ERROR:Xst:528 - Multi-source in Unit <RAM32X16S> on signal <O<3>>; this signal is connected to multiple drivers.
Drivers are: 
   Output port RAM16X8S:O3 of instance <XLXI_3/XLXI_2>
   Output port RAM16X8S:O3 of instance <XLXI_2/XLXI_2>

ERROR:Xst:528 - Multi-source in Unit <RAM32X16S> on signal <O<2>>; this signal is connected to multiple drivers.
Drivers are: 
   Output port RAM16X8S:O2 of instance <XLXI_3/XLXI_2>
   Output port RAM16X8S:O2 of instance <XLXI_2/XLXI_2>

ERROR:Xst:528 - Multi-source in Unit <RAM32X16S> on signal <O<1>>; this signal is connected to multiple drivers.
Drivers are: 
   Output port RAM16X8S:O1 of instance <XLXI_3/XLXI_2>
   Output port RAM16X8S:O1 of instance <XLXI_2/XLXI_2>

ERROR:Xst:528 - Multi-source in Unit <RAM32X16S> on signal <O<0>>; this signal is connected to multiple drivers.
Drivers are: 
   Output port RAM16X8S:O0 of instance <XLXI_3/XLXI_2>
   Output port RAM16X8S:O0 of instance <XLXI_2/XLXI_2>


Total REAL time to Xst completion: 3.00 secs
Total CPU time to Xst completion: 0.49 secs
 
--> 


Total memory usage is 619444 kilobytes

Number of errors   :   16 (   0 filtered)
Number of warnings :    2 (   0 filtered)
Number of infos    :    0 (   0 filtered)

